<?xml version="1.0" encoding="utf-8"?>
<CoverageSession xmlns:xsd="http://www.w3.org/2001/XMLSchema" xmlns:xsi="http://www.w3.org/2001/XMLSchema-instance">
  <Summary numSequencePoints="1072" visitedSequencePoints="967" numBranchPoints="455" visitedBranchPoints="382" sequenceCoverage="90.21" branchCoverage="83.96" maxCyclomaticComplexity="31" minCyclomaticComplexity="1" visitedClasses="24" numClasses="24" visitedMethods="135" numMethods="139" />
  <Modules>
    <Module skippedDueTo="Filter" hash="83-FA-75-0A-A9-E2-8A-BB-13-33-45-9D-42-E2-70-A8-84-69-0F-90">
      <ModulePath>C:\Windows\Microsoft.Net\assembly\GAC_64\mscorlib\v4.0_4.0.0.0__b77a5c561934e089\mscorlib.dll</ModulePath>
      <ModuleTime>2018-07-02T08:15:14.265288Z</ModuleTime>
      <ModuleName>mscorlib</ModuleName>
      <Classes />
    </Module>
    <Module skippedDueTo="Filter" hash="86-E9-3D-3D-7C-09-09-11-61-67-42-C6-1E-4B-75-FF-C4-1C-03-96">
      <ModulePath>C:\Users\kroflo\Entwicklung\Xrm-Templating-Language\packages\nunit.consolerunner\tools\nunit3-console.exe</ModulePath>
      <ModuleTime>2018-01-27T10:27:14Z</ModuleTime>
      <ModuleName>nunit3-console</ModuleName>
      <Classes />
    </Module>
    <Module skippedDueTo="Filter" hash="B1-CB-EC-80-E4-0E-88-DF-36-29-D5-8A-77-95-28-88-F0-FE-F0-9B">
      <ModulePath>C:\Windows\Microsoft.Net\assembly\GAC_MSIL\System\v4.0_4.0.0.0__b77a5c561934e089\System.dll</ModulePath>
      <ModuleTime>2018-07-02T08:15:14.3294592Z</ModuleTime>
      <ModuleName>System</ModuleName>
      <Classes />
    </Module>
    <Module skippedDueTo="Filter" hash="C1-08-CD-F2-59-9C-E6-0B-62-F9-09-43-74-9F-8D-57-9D-A9-93-31">
      <ModulePath>C:\Users\kroflo\Entwicklung\Xrm-Templating-Language\packages\nunit.consolerunner\tools\nunit.engine.api.dll</ModulePath>
      <ModuleTime>2018-01-27T10:27:14Z</ModuleTime>
      <ModuleName>nunit.engine.api</ModuleName>
      <Classes />
    </Module>
    <Module skippedDueTo="Filter" hash="95-2A-FF-98-B6-82-8F-7C-F0-AC-3D-56-5A-54-93-7D-3B-32-4F-7B">
      <ModulePath>C:\Users\kroflo\Entwicklung\Xrm-Templating-Language\packages\nunit.consolerunner\tools\nunit.engine.dll</ModulePath>
      <ModuleTime>2018-01-27T10:27:14Z</ModuleTime>
      <ModuleName>nunit.engine</ModuleName>
      <Classes />
    </Module>
    <Module skippedDueTo="Filter" hash="95-2A-FF-98-B6-82-8F-7C-F0-AC-3D-56-5A-54-93-7D-3B-32-4F-7B">
      <ModulePath>C:\Users\kroflo\Entwicklung\Xrm-Templating-Language\packages\nunit.consolerunner\tools\nunit.engine.dll</ModulePath>
      <ModuleTime>2018-01-27T10:27:14Z</ModuleTime>
      <ModuleName>nunit.engine</ModuleName>
      <Classes />
    </Module>
    <Module skippedDueTo="Filter" hash="C9-90-56-C8-34-0E-96-2A-07-09-EA-81-19-89-AB-9B-B6-6C-C4-D4">
      <ModulePath>C:\Windows\Microsoft.Net\assembly\GAC_MSIL\System.Xml\v4.0_4.0.0.0__b77a5c561934e089\System.Xml.dll</ModulePath>
      <ModuleTime>2018-07-02T08:15:14.4131837Z</ModuleTime>
      <ModuleName>System.Xml</ModuleName>
      <Classes />
    </Module>
    <Module skippedDueTo="Filter" hash="EE-88-39-61-68-77-57-72-82-B0-46-D1-FF-33-40-4E-38-C7-5B-5F">
      <ModulePath>C:\Windows\Microsoft.Net\assembly\GAC_64\System.Web\v4.0_4.0.0.0__b03f5f7f11d50a3a\System.Web.dll</ModulePath>
      <ModuleTime>2018-07-02T08:15:17.4146917Z</ModuleTime>
      <ModuleName>System.Web</ModuleName>
      <Classes />
    </Module>
    <Module skippedDueTo="Filter" hash="99-11-EB-F5-78-AC-B1-38-60-82-1D-90-D3-48-FC-57-C0-00-EA-04">
      <ModulePath>C:\Windows\Microsoft.Net\assembly\GAC_MSIL\System.Runtime.Remoting\v4.0_4.0.0.0__b77a5c561934e089\System.Runtime.Remoting.dll</ModulePath>
      <ModuleTime>2018-07-02T08:15:14.2748142Z</ModuleTime>
      <ModuleName>System.Runtime.Remoting</ModuleName>
      <Classes />
    </Module>
    <Module skippedDueTo="Filter" hash="9D-4A-D9-EF-6E-3C-A9-69-99-30-1A-B3-AA-5A-7C-F2-17-66-83-59">
      <ModulePath>C:\Windows\Microsoft.Net\assembly\GAC_MSIL\System.Configuration\v4.0_4.0.0.0__b03f5f7f11d50a3a\System.Configuration.dll</ModulePath>
      <ModuleTime>2018-07-02T08:15:14.131933Z</ModuleTime>
      <ModuleName>System.Configuration</ModuleName>
      <Classes />
    </Module>
    <Module skippedDueTo="Filter" hash="8A-2E-8F-D6-9D-39-02-4A-2F-30-FC-06-42-F7-0F-A8-32-69-07-72">
      <ModulePath>C:\Users\kroflo\Entwicklung\Xrm-Templating-Language\packages\nunit.consolerunner\tools\Mono.Cecil.dll</ModulePath>
      <ModuleTime>2018-01-27T10:27:14Z</ModuleTime>
      <ModuleName>Mono.Cecil</ModuleName>
      <Classes />
    </Module>
    <Module skippedDueTo="Filter" hash="83-FA-75-0A-A9-E2-8A-BB-13-33-45-9D-42-E2-70-A8-84-69-0F-90">
      <ModulePath>C:\Windows\Microsoft.Net\assembly\GAC_64\mscorlib\v4.0_4.0.0.0__b77a5c561934e089\mscorlib.dll</ModulePath>
      <ModuleTime>2018-07-02T08:15:14.265288Z</ModuleTime>
      <ModuleName>mscorlib</ModuleName>
      <Classes />
    </Module>
    <Module skippedDueTo="Filter" hash="23-B3-8E-36-35-0B-BD-20-43-E0-A1-0E-D9-F4-93-5D-15-17-91-15">
      <ModulePath>C:\Users\kroflo\Entwicklung\Xrm-Templating-Language\packages\nunit.consolerunner\tools\nunit-agent.exe</ModulePath>
      <ModuleTime>2018-01-27T10:27:14Z</ModuleTime>
      <ModuleName>nunit-agent</ModuleName>
      <Classes />
    </Module>
    <Module skippedDueTo="Filter" hash="C1-08-CD-F2-59-9C-E6-0B-62-F9-09-43-74-9F-8D-57-9D-A9-93-31">
      <ModulePath>C:\Users\kroflo\Entwicklung\Xrm-Templating-Language\packages\nunit.consolerunner\tools\nunit.engine.api.dll</ModulePath>
      <ModuleTime>2018-01-27T10:27:14Z</ModuleTime>
      <ModuleName>nunit.engine.api</ModuleName>
      <Classes />
    </Module>
    <Module skippedDueTo="Filter" hash="95-2A-FF-98-B6-82-8F-7C-F0-AC-3D-56-5A-54-93-7D-3B-32-4F-7B">
      <ModulePath>C:\Users\kroflo\Entwicklung\Xrm-Templating-Language\packages\nunit.consolerunner\tools\nunit.engine.dll</ModulePath>
      <ModuleTime>2018-01-27T10:27:14Z</ModuleTime>
      <ModuleName>nunit.engine</ModuleName>
      <Classes />
    </Module>
    <Module skippedDueTo="Filter" hash="B1-CB-EC-80-E4-0E-88-DF-36-29-D5-8A-77-95-28-88-F0-FE-F0-9B">
      <ModulePath>C:\Windows\Microsoft.Net\assembly\GAC_MSIL\System\v4.0_4.0.0.0__b77a5c561934e089\System.dll</ModulePath>
      <ModuleTime>2018-07-02T08:15:14.3294592Z</ModuleTime>
      <ModuleName>System</ModuleName>
      <Classes />
    </Module>
    <Module skippedDueTo="Filter" hash="C9-90-56-C8-34-0E-96-2A-07-09-EA-81-19-89-AB-9B-B6-6C-C4-D4">
      <ModulePath>C:\Windows\Microsoft.Net\assembly\GAC_MSIL\System.Xml\v4.0_4.0.0.0__b77a5c561934e089\System.Xml.dll</ModulePath>
      <ModuleTime>2018-07-02T08:15:14.4131837Z</ModuleTime>
      <ModuleName>System.Xml</ModuleName>
      <Classes />
    </Module>
    <Module skippedDueTo="Filter" hash="EE-88-39-61-68-77-57-72-82-B0-46-D1-FF-33-40-4E-38-C7-5B-5F">
      <ModulePath>C:\Windows\Microsoft.Net\assembly\GAC_64\System.Web\v4.0_4.0.0.0__b03f5f7f11d50a3a\System.Web.dll</ModulePath>
      <ModuleTime>2018-07-02T08:15:17.4146917Z</ModuleTime>
      <ModuleName>System.Web</ModuleName>
      <Classes />
    </Module>
    <Module skippedDueTo="Filter" hash="99-11-EB-F5-78-AC-B1-38-60-82-1D-90-D3-48-FC-57-C0-00-EA-04">
      <ModulePath>C:\Windows\Microsoft.Net\assembly\GAC_MSIL\System.Runtime.Remoting\v4.0_4.0.0.0__b77a5c561934e089\System.Runtime.Remoting.dll</ModulePath>
      <ModuleTime>2018-07-02T08:15:14.2748142Z</ModuleTime>
      <ModuleName>System.Runtime.Remoting</ModuleName>
      <Classes />
    </Module>
    <Module skippedDueTo="Filter" hash="9D-4A-D9-EF-6E-3C-A9-69-99-30-1A-B3-AA-5A-7C-F2-17-66-83-59">
      <ModulePath>C:\Windows\Microsoft.Net\assembly\GAC_MSIL\System.Configuration\v4.0_4.0.0.0__b03f5f7f11d50a3a\System.Configuration.dll</ModulePath>
      <ModuleTime>2018-07-02T08:15:14.131933Z</ModuleTime>
      <ModuleName>System.Configuration</ModuleName>
      <Classes />
    </Module>
    <Module skippedDueTo="Filter" hash="83-FA-75-0A-A9-E2-8A-BB-13-33-45-9D-42-E2-70-A8-84-69-0F-90">
      <ModulePath>C:\Windows\Microsoft.Net\assembly\GAC_64\mscorlib\v4.0_4.0.0.0__b77a5c561934e089\mscorlib.dll</ModulePath>
      <ModuleTime>2018-07-02T08:15:14.265288Z</ModuleTime>
      <ModuleName>mscorlib</ModuleName>
      <Classes />
    </Module>
    <Module skippedDueTo="Filter" hash="23-B3-8E-36-35-0B-BD-20-43-E0-A1-0E-D9-F4-93-5D-15-17-91-15">
      <ModulePath>C:\Users\kroflo\Entwicklung\Xrm-Templating-Language\packages\nunit.consolerunner\tools\nunit-agent.exe</ModulePath>
      <ModuleTime>2018-01-27T10:27:14Z</ModuleTime>
      <ModuleName>nunit-agent</ModuleName>
      <Classes />
    </Module>
    <Module skippedDueTo="Filter" hash="C1-08-CD-F2-59-9C-E6-0B-62-F9-09-43-74-9F-8D-57-9D-A9-93-31">
      <ModulePath>C:\Users\kroflo\Entwicklung\Xrm-Templating-Language\packages\nunit.consolerunner\tools\nunit.engine.api.dll</ModulePath>
      <ModuleTime>2018-01-27T10:27:14Z</ModuleTime>
      <ModuleName>nunit.engine.api</ModuleName>
      <Classes />
    </Module>
    <Module skippedDueTo="Filter" hash="95-2A-FF-98-B6-82-8F-7C-F0-AC-3D-56-5A-54-93-7D-3B-32-4F-7B">
      <ModulePath>C:\Users\kroflo\Entwicklung\Xrm-Templating-Language\packages\nunit.consolerunner\tools\nunit.engine.dll</ModulePath>
      <ModuleTime>2018-01-27T10:27:14Z</ModuleTime>
      <ModuleName>nunit.engine</ModuleName>
      <Classes />
    </Module>
    <Module skippedDueTo="Filter" hash="B1-CB-EC-80-E4-0E-88-DF-36-29-D5-8A-77-95-28-88-F0-FE-F0-9B">
      <ModulePath>C:\Windows\Microsoft.Net\assembly\GAC_MSIL\System\v4.0_4.0.0.0__b77a5c561934e089\System.dll</ModulePath>
      <ModuleTime>2018-07-02T08:15:14.3294592Z</ModuleTime>
      <ModuleName>System</ModuleName>
      <Classes />
    </Module>
    <Module skippedDueTo="Filter" hash="C9-90-56-C8-34-0E-96-2A-07-09-EA-81-19-89-AB-9B-B6-6C-C4-D4">
      <ModulePath>C:\Windows\Microsoft.Net\assembly\GAC_MSIL\System.Xml\v4.0_4.0.0.0__b77a5c561934e089\System.Xml.dll</ModulePath>
      <ModuleTime>2018-07-02T08:15:14.4131837Z</ModuleTime>
      <ModuleName>System.Xml</ModuleName>
      <Classes />
    </Module>
    <Module skippedDueTo="Filter" hash="EE-88-39-61-68-77-57-72-82-B0-46-D1-FF-33-40-4E-38-C7-5B-5F">
      <ModulePath>C:\Windows\Microsoft.Net\assembly\GAC_64\System.Web\v4.0_4.0.0.0__b03f5f7f11d50a3a\System.Web.dll</ModulePath>
      <ModuleTime>2018-07-02T08:15:17.4146917Z</ModuleTime>
      <ModuleName>System.Web</ModuleName>
      <Classes />
    </Module>
    <Module skippedDueTo="Filter" hash="8A-2E-8F-D6-9D-39-02-4A-2F-30-FC-06-42-F7-0F-A8-32-69-07-72">
      <ModulePath>C:\Users\kroflo\Entwicklung\Xrm-Templating-Language\packages\nunit.consolerunner\tools\Mono.Cecil.dll</ModulePath>
      <ModuleTime>2018-01-27T10:27:14Z</ModuleTime>
      <ModuleName>Mono.Cecil</ModuleName>
      <Classes />
    </Module>
    <Module skippedDueTo="Filter" hash="99-11-EB-F5-78-AC-B1-38-60-82-1D-90-D3-48-FC-57-C0-00-EA-04">
      <ModulePath>C:\Windows\Microsoft.Net\assembly\GAC_MSIL\System.Runtime.Remoting\v4.0_4.0.0.0__b77a5c561934e089\System.Runtime.Remoting.dll</ModulePath>
      <ModuleTime>2018-07-02T08:15:14.2748142Z</ModuleTime>
      <ModuleName>System.Runtime.Remoting</ModuleName>
      <Classes />
    </Module>
    <Module skippedDueTo="Filter" hash="9D-4A-D9-EF-6E-3C-A9-69-99-30-1A-B3-AA-5A-7C-F2-17-66-83-59">
      <ModulePath>C:\Windows\Microsoft.Net\assembly\GAC_MSIL\System.Configuration\v4.0_4.0.0.0__b03f5f7f11d50a3a\System.Configuration.dll</ModulePath>
      <ModuleTime>2018-07-02T08:15:14.131933Z</ModuleTime>
      <ModuleName>System.Configuration</ModuleName>
      <Classes />
    </Module>
    <Module skippedDueTo="Filter" hash="A7-9F-41-2F-47-0F-3E-C7-DD-99-9E-73-7D-AF-41-93-23-DC-2B-18">
      <ModulePath>C:\Users\kroflo\Entwicklung\Xrm-Templating-Language\test\nunit.framework.dll</ModulePath>
      <ModuleTime>2017-11-10T12:00:24Z</ModuleTime>
      <ModuleName>nunit.framework</ModuleName>
      <Classes />
    </Module>
    <Module skippedDueTo="Filter" hash="B1-CB-EC-80-E4-0E-88-DF-36-29-D5-8A-77-95-28-88-F0-FE-F0-9B">
      <ModulePath>C:\Windows\Microsoft.Net\assembly\GAC_MSIL\System\v4.0_4.0.0.0__b77a5c561934e089\System.dll</ModulePath>
      <ModuleTime>2018-07-02T08:15:14.3294592Z</ModuleTime>
      <ModuleName>System</ModuleName>
      <Classes />
    </Module>
    <Module skippedDueTo="Filter" hash="5C-BA-15-81-FF-83-84-F0-50-8F-23-E9-0C-3A-BF-AF-46-07-BE-CF">
      <ModulePath>C:\Windows\Microsoft.Net\assembly\GAC_MSIL\System.Core\v4.0_4.0.0.0__b77a5c561934e089\System.Core.dll</ModulePath>
      <ModuleTime>2018-11-06T12:49:02.87679Z</ModuleTime>
      <ModuleName>System.Core</ModuleName>
      <Classes />
    </Module>
    <Module skippedDueTo="Filter" hash="EE-88-39-61-68-77-57-72-82-B0-46-D1-FF-33-40-4E-38-C7-5B-5F">
      <ModulePath>C:\Windows\Microsoft.Net\assembly\GAC_64\System.Web\v4.0_4.0.0.0__b03f5f7f11d50a3a\System.Web.dll</ModulePath>
      <ModuleTime>2018-07-02T08:15:17.4146917Z</ModuleTime>
      <ModuleName>System.Web</ModuleName>
      <Classes />
    </Module>
    <Module skippedDueTo="Filter" hash="EC-3F-C8-D8-A0-B5-DF-B9-02-09-A2-93-E4-B3-F8-B6-7E-4C-9F-46">
      <ModulePath>C:\Users\kroflo\Entwicklung\Xrm-Templating-Language\test\Xrm.Oss.XTL.Templating.Tests.dll</ModulePath>
      <ModuleTime>2018-12-03T10:16:06.2175318Z</ModuleTime>
      <ModuleName>Xrm.Oss.XTL.Templating.Tests</ModuleName>
      <Classes />
    </Module>
    <Module skippedDueTo="Filter" hash="C9-90-56-C8-34-0E-96-2A-07-09-EA-81-19-89-AB-9B-B6-6C-C4-D4">
      <ModulePath>C:\Windows\Microsoft.Net\assembly\GAC_MSIL\System.Xml\v4.0_4.0.0.0__b77a5c561934e089\System.Xml.dll</ModulePath>
      <ModuleTime>2018-07-02T08:15:14.4131837Z</ModuleTime>
      <ModuleName>System.Xml</ModuleName>
      <Classes />
    </Module>
    <Module skippedDueTo="Filter" hash="74-AA-64-E8-77-FA-A1-E0-59-74-C6-09-A8-9F-75-82-A5-1C-E0-54">
      <ModulePath>C:\Users\kroflo\Entwicklung\Xrm-Templating-Language\test\FakeXrmEasy.dll</ModulePath>
      <ModuleTime>2018-02-22T23:18:08Z</ModuleTime>
      <ModuleName>FakeXrmEasy</ModuleName>
      <Classes />
    </Module>
    <Module skippedDueTo="Filter" hash="9B-E3-D9-29-B0-95-86-9B-CB-E3-56-CE-B8-86-E3-8A-E9-45-C1-A2">
      <ModulePath>C:\Users\kroflo\Entwicklung\Xrm-Templating-Language\test\Microsoft.Xrm.Sdk.dll</ModulePath>
      <ModuleTime>2016-12-21T12:48:06Z</ModuleTime>
      <ModuleName>Microsoft.Xrm.Sdk</ModuleName>
      <Classes />
    </Module>
    <Module skippedDueTo="Filter" hash="84-11-6D-B0-96-5C-C8-8E-77-B2-09-D2-C3-E2-92-CC-C4-9F-08-BD">
      <ModulePath>C:\Windows\Microsoft.Net\assembly\GAC_MSIL\System.Runtime.Serialization\v4.0_4.0.0.0__b77a5c561934e089\System.Runtime.Serialization.dll</ModulePath>
      <ModuleTime>2018-07-02T08:15:20.6583441Z</ModuleTime>
      <ModuleName>System.Runtime.Serialization</ModuleName>
      <Classes />
    </Module>
    <Module skippedDueTo="Filter" hash="F9-44-3B-F2-E5-54-E9-C2-7E-BA-CE-BC-9B-ED-52-78-36-97-92-7C">
      <ModulePath>C:\Windows\Microsoft.Net\assembly\GAC_MSIL\System.Activities\v4.0_4.0.0.0__31bf3856ad364e35\System.Activities.dll</ModulePath>
      <ModuleTime>2018-07-02T08:15:17.6317696Z</ModuleTime>
      <ModuleName>System.Activities</ModuleName>
      <Classes />
    </Module>
    <Module hash="08-71-86-AF-A4-16-7E-42-40-AC-1C-36-6C-E5-3A-D1-BD-17-2C-C9">
      <Summary numSequencePoints="1072" visitedSequencePoints="967" numBranchPoints="455" visitedBranchPoints="382" sequenceCoverage="90.21" branchCoverage="83.96" maxCyclomaticComplexity="31" minCyclomaticComplexity="1" visitedClasses="24" numClasses="24" visitedMethods="135" numMethods="139" />
      <ModulePath>C:\Users\kroflo\Entwicklung\Xrm-Templating-Language\test\Xrm.Oss.XTL.Templating.dll</ModulePath>
      <ModuleTime>2018-12-03T10:15:50.6355009Z</ModuleTime>
      <ModuleName>Xrm.Oss.XTL.Templating</ModuleName>
      <Files>
        <File uid="1" fullPath="C:\Users\kroflo\Entwicklung\Xrm-Templating-Language\src\lib\Xrm.Oss.XTL.Interpreter\ConfigHandler.cs" />
        <File uid="2" fullPath="C:\Users\kroflo\Entwicklung\Xrm-Templating-Language\src\lib\Xrm.Oss.XTL.Interpreter\DataRetriever.cs" />
        <File uid="3" fullPath="C:\Users\kroflo\Entwicklung\Xrm-Templating-Language\src\lib\Xrm.Oss.XTL.Interpreter\FunctionHandlers.cs" />
        <File uid="9" fullPath="C:\Users\kroflo\Entwicklung\Xrm-Templating-Language\src\lib\Xrm.Oss.XTL.Interpreter\OrganizationConfig.cs" />
        <File uid="10" fullPath="C:\Users\kroflo\Entwicklung\Xrm-Templating-Language\src\lib\Xrm.Oss.XTL.Interpreter\PropertyStringifier.cs" />
        <File uid="13" fullPath="C:\Users\kroflo\Entwicklung\Xrm-Templating-Language\src\lib\Xrm.Oss.XTL.Interpreter\ValueExpression.cs" />
        <File uid="16" fullPath="C:\Users\kroflo\Entwicklung\Xrm-Templating-Language\src\lib\Xrm.Oss.XTL.Interpreter\XTLInterpreter.cs" />
        <File uid="19" fullPath="C:\Users\kroflo\Entwicklung\Xrm-Templating-Language\src\plugin\Xrm.Oss.XTL.Templating\PersistentTracingService.cs" />
        <File uid="20" fullPath="C:\Users\kroflo\Entwicklung\Xrm-Templating-Language\src\plugin\Xrm.Oss.XTL.Templating\ProcessingResult.cs" />
        <File uid="21" fullPath="C:\Users\kroflo\Entwicklung\Xrm-Templating-Language\src\plugin\Xrm.Oss.XTL.Templating\ProcessorConfig.cs" />
        <File uid="22" fullPath="C:\Users\kroflo\Entwicklung\Xrm-Templating-Language\src\plugin\Xrm.Oss.XTL.Templating\XTLProcessor.cs" />
      </Files>
      <Classes>
        <Class>
          <Summary numSequencePoints="0" visitedSequencePoints="0" numBranchPoints="0" visitedBranchPoints="0" sequenceCoverage="0" branchCoverage="0" maxCyclomaticComplexity="0" minCyclomaticComplexity="0" visitedClasses="0" numClasses="0" visitedMethods="0" numMethods="0" />
          <FullName>&lt;Module&gt;</FullName>
          <Methods />
        </Class>
        <Class>
          <Summary numSequencePoints="0" visitedSequencePoints="0" numBranchPoints="0" visitedBranchPoints="0" sequenceCoverage="0" branchCoverage="0" maxCyclomaticComplexity="7" minCyclomaticComplexity="1" visitedClasses="0" numClasses="0" visitedMethods="0" numMethods="0" />
          <FullName>&lt;&gt;f__AnonymousType0`2</FullName>
          <Methods>
            <Method visited="true" cyclomaticComplexity="1" nPathComplexity="0" sequenceCoverage="0" branchCoverage="0" isConstructor="false" isStatic="false" isGetter="true" isSetter="false">
              <Summary numSequencePoints="0" visitedSequencePoints="0" numBranchPoints="0" visitedBranchPoints="0" sequenceCoverage="0" branchCoverage="0" maxCyclomaticComplexity="1" minCyclomaticComplexity="1" visitedClasses="0" numClasses="0" visitedMethods="0" numMethods="0" />
              <MetadataToken>100663297</MetadataToken>
              <Name>&lt;Id&gt;j__TPar &lt;&gt;f__AnonymousType0`2::get_Id()</Name>
              <SequencePoints />
              <BranchPoints />
              <MethodPoint vc="9" uspid="1" ordinal="0" offset="0" />
            </Method>
            <Method visited="true" cyclomaticComplexity="1" nPathComplexity="0" sequenceCoverage="0" branchCoverage="0" isConstructor="false" isStatic="false" isGetter="true" isSetter="false">
              <Summary numSequencePoints="0" visitedSequencePoints="0" numBranchPoints="0" visitedBranchPoints="0" sequenceCoverage="0" branchCoverage="0" maxCyclomaticComplexity="1" minCyclomaticComplexity="1" visitedClasses="0" numClasses="0" visitedMethods="0" numMethods="0" />
              <MetadataToken>100663298</MetadataToken>
              <Name>&lt;LogicalName&gt;j__TPar &lt;&gt;f__AnonymousType0`2::get_LogicalName()</Name>
              <SequencePoints />
              <BranchPoints />
              <MethodPoint vc="9" uspid="2" ordinal="0" offset="0" />
            </Method>
            <Method visited="true" cyclomaticComplexity="1" nPathComplexity="0" sequenceCoverage="0" branchCoverage="0" isConstructor="true" isStatic="false" isGetter="false" isSetter="false">
              <Summary numSequencePoints="0" visitedSequencePoints="0" numBranchPoints="0" visitedBranchPoints="0" sequenceCoverage="0" branchCoverage="0" maxCyclomaticComplexity="1" minCyclomaticComplexity="1" visitedClasses="0" numClasses="0" visitedMethods="0" numMethods="0" />
              <MetadataToken>100663299</MetadataToken>
              <Name>System.Void &lt;&gt;f__AnonymousType0`2::.ctor(&lt;Id&gt;j__TPar,&lt;LogicalName&gt;j__TPar)</Name>
              <SequencePoints />
              <BranchPoints />
              <MethodPoint vc="9" uspid="3" ordinal="0" offset="0" />
            </Method>
            <Method visited="false" cyclomaticComplexity="3" nPathComplexity="0" sequenceCoverage="0" branchCoverage="0" isConstructor="false" isStatic="false" isGetter="false" isSetter="false">
              <Summary numSequencePoints="0" visitedSequencePoints="0" numBranchPoints="0" visitedBranchPoints="0" sequenceCoverage="0" branchCoverage="0" maxCyclomaticComplexity="3" minCyclomaticComplexity="3" visitedClasses="0" numClasses="0" visitedMethods="0" numMethods="0" />
              <MetadataToken>100663300</MetadataToken>
              <Name>System.Boolean &lt;&gt;f__AnonymousType0`2::Equals(System.Object)</Name>
              <SequencePoints />
              <BranchPoints />
              <MethodPoint vc="0" uspid="4" ordinal="0" offset="0" />
            </Method>
            <Method visited="false" cyclomaticComplexity="1" nPathComplexity="0" sequenceCoverage="0" branchCoverage="0" isConstructor="false" isStatic="false" isGetter="false" isSetter="false">
              <Summary numSequencePoints="0" visitedSequencePoints="0" numBranchPoints="0" visitedBranchPoints="0" sequenceCoverage="0" branchCoverage="0" maxCyclomaticComplexity="1" minCyclomaticComplexity="1" visitedClasses="0" numClasses="0" visitedMethods="0" numMethods="0" />
              <MetadataToken>100663301</MetadataToken>
              <Name>System.Int32 &lt;&gt;f__AnonymousType0`2::GetHashCode()</Name>
              <SequencePoints />
              <BranchPoints />
              <MethodPoint vc="0" uspid="5" ordinal="0" offset="0" />
            </Method>
            <Method visited="false" cyclomaticComplexity="7" nPathComplexity="0" sequenceCoverage="0" branchCoverage="0" isConstructor="false" isStatic="false" isGetter="false" isSetter="false">
              <Summary numSequencePoints="0" visitedSequencePoints="0" numBranchPoints="0" visitedBranchPoints="0" sequenceCoverage="0" branchCoverage="0" maxCyclomaticComplexity="7" minCyclomaticComplexity="7" visitedClasses="0" numClasses="0" visitedMethods="0" numMethods="0" />
              <MetadataToken>100663302</MetadataToken>
              <Name>System.String &lt;&gt;f__AnonymousType0`2::ToString()</Name>
              <SequencePoints />
              <BranchPoints />
              <MethodPoint vc="0" uspid="6" ordinal="0" offset="0" />
            </Method>
          </Methods>
        </Class>
        <Class>
          <Summary numSequencePoints="22" visitedSequencePoints="20" numBranchPoints="10" visitedBranchPoints="9" sequenceCoverage="90.91" branchCoverage="90" maxCyclomaticComplexity="3" minCyclomaticComplexity="1" visitedClasses="1" numClasses="1" visitedMethods="6" numMethods="6" />
          <FullName>Xrm.Oss.XTL.Interpreter.ConfigHandler</FullName>
          <Methods>
            <Method visited="true" cyclomaticComplexity="1" nPathComplexity="0" sequenceCoverage="100" branchCoverage="100" isConstructor="false" isStatic="false" isGetter="true" isSetter="false">
              <Summary numSequencePoints="1" visitedSequencePoints="1" numBranchPoints="1" visitedBranchPoints="1" sequenceCoverage="100" branchCoverage="100" maxCyclomaticComplexity="1" minCyclomaticComplexity="1" visitedClasses="0" numClasses="0" visitedMethods="1" numMethods="1" />
              <MetadataToken>100663303</MetadataToken>
              <Name>System.Collections.Generic.Dictionary`2&lt;System.String,System.Object&gt; Xrm.Oss.XTL.Interpreter.ConfigHandler::get_Dictionary()</Name>
              <FileRef uid="1" />
              <SequencePoints>
                <SequencePoint vc="168" uspid="7" ordinal="0" offset="0" sl="10" sc="56" el="10" ec="60" bec="0" bev="0" fileid="1" />
              </SequencePoints>
              <BranchPoints />
              <MethodPoint xsi:type="SequencePoint" vc="168" uspid="7" ordinal="0" offset="0" sl="10" sc="56" el="10" ec="60" bec="0" bev="0" fileid="1" />
            </Method>
            <Method visited="true" cyclomaticComplexity="1" nPathComplexity="0" sequenceCoverage="100" branchCoverage="100" isConstructor="false" isStatic="false" isGetter="false" isSetter="true">
              <Summary numSequencePoints="1" visitedSequencePoints="1" numBranchPoints="1" visitedBranchPoints="1" sequenceCoverage="100" branchCoverage="100" maxCyclomaticComplexity="1" minCyclomaticComplexity="1" visitedClasses="0" numClasses="0" visitedMethods="1" numMethods="1" />
              <MetadataToken>100663304</MetadataToken>
              <Name>System.Void Xrm.Oss.XTL.Interpreter.ConfigHandler::set_Dictionary(System.Collections.Generic.Dictionary`2&lt;System.String,System.Object&gt;)</Name>
              <FileRef uid="1" />
              <SequencePoints>
                <SequencePoint vc="94" uspid="8" ordinal="0" offset="0" sl="10" sc="61" el="10" ec="74" bec="0" bev="0" fileid="1" />
              </SequencePoints>
              <BranchPoints />
              <MethodPoint xsi:type="SequencePoint" vc="94" uspid="8" ordinal="0" offset="0" sl="10" sc="61" el="10" ec="74" bec="0" bev="0" fileid="1" />
            </Method>
            <Method visited="true" cyclomaticComplexity="1" nPathComplexity="0" sequenceCoverage="100" branchCoverage="100" isConstructor="true" isStatic="false" isGetter="false" isSetter="false">
              <Summary numSequencePoints="4" visitedSequencePoints="4" numBranchPoints="1" visitedBranchPoints="1" sequenceCoverage="100" branchCoverage="100" maxCyclomaticComplexity="1" minCyclomaticComplexity="1" visitedClasses="0" numClasses="0" visitedMethods="1" numMethods="1" />
              <MetadataToken>100663305</MetadataToken>
              <Name>System.Void Xrm.Oss.XTL.Interpreter.ConfigHandler::.ctor(System.Collections.Generic.Dictionary`2&lt;System.String,System.Object&gt;)</Name>
              <FileRef uid="1" />
              <SequencePoints>
                <SequencePoint vc="94" uspid="9" ordinal="0" offset="0" sl="12" sc="9" el="12" ec="64" bec="0" bev="0" fileid="1" />
                <SequencePoint vc="94" uspid="10" ordinal="1" offset="7" sl="13" sc="9" el="13" ec="10" bec="0" bev="0" fileid="1" />
                <SequencePoint vc="94" uspid="11" ordinal="2" offset="8" sl="14" sc="13" el="14" ec="33" bec="0" bev="0" fileid="1" />
                <SequencePoint vc="94" uspid="12" ordinal="3" offset="16" sl="15" sc="9" el="15" ec="10" bec="0" bev="0" fileid="1" />
              </SequencePoints>
              <BranchPoints />
              <MethodPoint xsi:type="SequencePoint" vc="94" uspid="9" ordinal="0" offset="0" sl="12" sc="9" el="12" ec="64" bec="0" bev="0" fileid="1" />
            </Method>
            <Method visited="true" cyclomaticComplexity="1" nPathComplexity="0" sequenceCoverage="100" branchCoverage="100" isConstructor="false" isStatic="false" isGetter="false" isSetter="false">
              <Summary numSequencePoints="3" visitedSequencePoints="3" numBranchPoints="1" visitedBranchPoints="1" sequenceCoverage="100" branchCoverage="100" maxCyclomaticComplexity="1" minCyclomaticComplexity="1" visitedClasses="0" numClasses="0" visitedMethods="1" numMethods="1" />
              <MetadataToken>100663306</MetadataToken>
              <Name>System.Boolean Xrm.Oss.XTL.Interpreter.ConfigHandler::Contains(System.String)</Name>
              <FileRef uid="1" />
              <SequencePoints>
                <SequencePoint vc="71" uspid="13" ordinal="0" offset="0" sl="18" sc="9" el="18" ec="10" bec="0" bev="0" fileid="1" />
                <SequencePoint vc="71" uspid="14" ordinal="1" offset="1" sl="19" sc="13" el="19" ec="49" bec="0" bev="0" fileid="1" />
                <SequencePoint vc="71" uspid="15" ordinal="2" offset="16" sl="20" sc="9" el="20" ec="10" bec="0" bev="0" fileid="1" />
              </SequencePoints>
              <BranchPoints />
              <MethodPoint xsi:type="SequencePoint" vc="71" uspid="13" ordinal="0" offset="0" sl="18" sc="9" el="18" ec="10" bec="0" bev="0" fileid="1" />
            </Method>
            <Method visited="true" cyclomaticComplexity="2" nPathComplexity="0" sequenceCoverage="100" branchCoverage="100" isConstructor="false" isStatic="false" isGetter="false" isSetter="false">
              <Summary numSequencePoints="3" visitedSequencePoints="3" numBranchPoints="1" visitedBranchPoints="1" sequenceCoverage="100" branchCoverage="100" maxCyclomaticComplexity="2" minCyclomaticComplexity="2" visitedClasses="0" numClasses="0" visitedMethods="1" numMethods="1" />
              <MetadataToken>100663307</MetadataToken>
              <Name>System.Boolean Xrm.Oss.XTL.Interpreter.ConfigHandler::IsSet(System.String)</Name>
              <FileRef uid="1" />
              <SequencePoints>
                <SequencePoint vc="3" uspid="16" ordinal="0" offset="0" sl="23" sc="9" el="23" ec="10" bec="0" bev="0" fileid="1" />
                <SequencePoint vc="3" uspid="17" ordinal="1" offset="1" sl="24" sc="13" el="24" ec="77" bec="0" bev="0" fileid="1" />
                <SequencePoint vc="3" uspid="18" ordinal="2" offset="36" sl="25" sc="9" el="25" ec="10" bec="0" bev="0" fileid="1" />
              </SequencePoints>
              <BranchPoints />
              <MethodPoint xsi:type="SequencePoint" vc="3" uspid="16" ordinal="0" offset="0" sl="23" sc="9" el="23" ec="10" bec="0" bev="0" fileid="1" />
            </Method>
            <Method visited="true" cyclomaticComplexity="3" nPathComplexity="4" sequenceCoverage="80" branchCoverage="80" isConstructor="false" isStatic="false" isGetter="false" isSetter="false">
              <Summary numSequencePoints="10" visitedSequencePoints="8" numBranchPoints="5" visitedBranchPoints="4" sequenceCoverage="80" branchCoverage="80" maxCyclomaticComplexity="3" minCyclomaticComplexity="3" visitedClasses="0" numClasses="0" visitedMethods="1" numMethods="1" />
              <MetadataToken>100663308</MetadataToken>
              <Name>T Xrm.Oss.XTL.Interpreter.ConfigHandler::GetValue(System.String,System.String,T)</Name>
              <FileRef uid="1" />
              <SequencePoints>
                <SequencePoint vc="69" uspid="21" ordinal="0" offset="0" sl="28" sc="9" el="28" ec="10" bec="0" bev="0" fileid="1" />
                <SequencePoint vc="69" uspid="22" ordinal="1" offset="1" sl="29" sc="13" el="29" ec="47" bec="2" bev="2" fileid="1" />
                <SequencePoint vc="53" uspid="23" ordinal="2" offset="20" sl="30" sc="13" el="30" ec="14" bec="0" bev="0" fileid="1" />
                <SequencePoint vc="53" uspid="24" ordinal="3" offset="21" sl="31" sc="17" el="31" ec="37" bec="0" bev="0" fileid="1" />
                <SequencePoint vc="16" uspid="25" ordinal="4" offset="25" sl="34" sc="13" el="34" ec="42" bec="0" bev="0" fileid="1" />
                <SequencePoint vc="16" uspid="26" ordinal="5" offset="38" sl="36" sc="13" el="36" ec="31" bec="2" bev="1" fileid="1" />
                <SequencePoint vc="0" uspid="27" ordinal="6" offset="54" sl="37" sc="13" el="37" ec="14" bec="0" bev="0" fileid="1" />
                <SequencePoint vc="0" uspid="28" ordinal="7" offset="55" sl="38" sc="17" el="38" ec="66" bec="0" bev="0" fileid="1" />
                <SequencePoint vc="16" uspid="29" ordinal="8" offset="62" sl="41" sc="13" el="41" ec="29" bec="0" bev="0" fileid="1" />
                <SequencePoint vc="69" uspid="30" ordinal="9" offset="71" sl="42" sc="9" el="42" ec="10" bec="0" bev="0" fileid="1" />
              </SequencePoints>
              <BranchPoints>
                <BranchPoint vc="53" uspid="31" ordinal="0" offset="18" sl="29" path="0" offsetend="20" fileid="1" />
                <BranchPoint vc="16" uspid="32" ordinal="1" offset="18" sl="29" path="1" offsetend="25" fileid="1" />
                <BranchPoint vc="0" uspid="33" ordinal="2" offset="52" sl="36" path="0" offsetend="54" fileid="1" />
                <BranchPoint vc="16" uspid="34" ordinal="3" offset="52" sl="36" path="1" offsetend="62" fileid="1" />
              </BranchPoints>
              <MethodPoint xsi:type="SequencePoint" vc="69" uspid="21" ordinal="0" offset="0" sl="28" sc="9" el="28" ec="10" bec="0" bev="0" fileid="1" />
            </Method>
          </Methods>
        </Class>
        <Class>
          <Summary numSequencePoints="23" visitedSequencePoints="23" numBranchPoints="9" visitedBranchPoints="9" sequenceCoverage="100" branchCoverage="100" maxCyclomaticComplexity="9" minCyclomaticComplexity="9" visitedClasses="1" numClasses="1" visitedMethods="1" numMethods="1" />
          <FullName>Xrm.Oss.XTL.Interpreter.DataRetriever</FullName>
          <Methods>
            <Method visited="true" cyclomaticComplexity="9" nPathComplexity="16" sequenceCoverage="100" branchCoverage="100" isConstructor="false" isStatic="true" isGetter="false" isSetter="false">
              <Summary numSequencePoints="23" visitedSequencePoints="23" numBranchPoints="9" visitedBranchPoints="9" sequenceCoverage="100" branchCoverage="100" maxCyclomaticComplexity="9" minCyclomaticComplexity="9" visitedClasses="0" numClasses="0" visitedMethods="1" numMethods="1" />
              <MetadataToken>100663309</MetadataToken>
              <Name>Xrm.Oss.XTL.Interpreter.ValueExpression Xrm.Oss.XTL.Interpreter.DataRetriever::ResolveTokenValue(System.String,Microsoft.Xrm.Sdk.Entity,Microsoft.Xrm.Sdk.IOrganizationService,Xrm.Oss.XTL.Interpreter.ConfigHandler)</Name>
              <FileRef uid="2" />
              <SequencePoints>
                <SequencePoint vc="70" uspid="35" ordinal="0" offset="0" sl="12" sc="9" el="12" ec="10" bec="0" bev="0" fileid="2" />
                <SequencePoint vc="70" uspid="36" ordinal="1" offset="1" sl="13" sc="13" el="13" ec="60" bec="0" bev="0" fileid="2" />
                <SequencePoint vc="70" uspid="37" ordinal="2" offset="24" sl="14" sc="13" el="14" ec="41" bec="0" bev="0" fileid="2" />
                <SequencePoint vc="70" uspid="38" ordinal="3" offset="26" sl="15" sc="13" el="15" ec="42" bec="0" bev="0" fileid="2" />
                <SequencePoint vc="74" uspid="39" ordinal="4" offset="28" sl="18" sc="13" el="18" ec="14" bec="0" bev="0" fileid="2" />
                <SequencePoint vc="74" uspid="40" ordinal="5" offset="29" sl="19" sc="17" el="19" ec="51" bec="0" bev="0" fileid="2" />
                <SequencePoint vc="74" uspid="41" ordinal="6" offset="36" sl="20" sc="17" el="20" ec="91" bec="0" bev="0" fileid="2" />
                <SequencePoint vc="74" uspid="42" ordinal="7" offset="45" sl="22" sc="17" el="22" ec="43" bec="2" bev="2" fileid="2" />
                <SequencePoint vc="12" uspid="43" ordinal="8" offset="56" sl="23" sc="17" el="23" ec="18" bec="0" bev="0" fileid="2" />
                <SequencePoint vc="12" uspid="44" ordinal="9" offset="57" sl="24" sc="21" el="24" ec="54" bec="0" bev="0" fileid="2" />
                <SequencePoint vc="62" uspid="45" ordinal="10" offset="70" sl="27" sc="17" el="27" ec="72" bec="0" bev="0" fileid="2" />
                <SequencePoint vc="62" uspid="46" ordinal="11" offset="79" sl="28" sc="17" el="28" ec="69" bec="2" bev="2" fileid="2" />
                <SequencePoint vc="62" uspid="47" ordinal="12" offset="99" sl="30" sc="17" el="30" ec="95" bec="2" bev="2" fileid="2" />
                <SequencePoint vc="58" uspid="48" ordinal="13" offset="124" sl="31" sc="17" el="31" ec="18" bec="0" bev="0" fileid="2" />
                <SequencePoint vc="58" uspid="49" ordinal="14" offset="125" sl="32" sc="21" el="32" ec="141" bec="0" bev="0" fileid="2" />
                <SequencePoint vc="58" uspid="50" ordinal="15" offset="142" sl="33" sc="17" el="33" ec="18" bec="0" bev="0" fileid="2" />
                <SequencePoint vc="4" uspid="51" ordinal="16" offset="145" sl="35" sc="17" el="35" ec="18" bec="0" bev="0" fileid="2" />
                <SequencePoint vc="4" uspid="52" ordinal="17" offset="146" sl="36" sc="21" el="36" ec="129" bec="0" bev="0" fileid="2" />
                <SequencePoint vc="4" uspid="53" ordinal="18" offset="183" sl="37" sc="17" el="37" ec="18" bec="0" bev="0" fileid="2" />
                <SequencePoint vc="62" uspid="54" ordinal="19" offset="184" sl="38" sc="13" el="38" ec="14" bec="0" bev="0" fileid="2" />
                <SequencePoint vc="62" uspid="55" ordinal="20" offset="185" sl="38" sc="15" el="38" ec="38" bec="2" bev="2" fileid="2" />
                <SequencePoint vc="58" uspid="56" ordinal="21" offset="203" sl="40" sc="13" el="40" ec="26" bec="0" bev="0" fileid="2" />
                <SequencePoint vc="70" uspid="57" ordinal="22" offset="208" sl="41" sc="9" el="41" ec="10" bec="0" bev="0" fileid="2" />
              </SequencePoints>
              <BranchPoints>
                <BranchPoint vc="12" uspid="58" ordinal="0" offset="54" sl="22" path="0" offsetend="56" fileid="2" />
                <BranchPoint vc="62" uspid="59" ordinal="1" offset="54" sl="22" path="1" offsetend="70" fileid="2" />
                <BranchPoint vc="58" uspid="60" ordinal="2" offset="86" sl="28" path="0" offsetend="88" fileid="2" />
                <BranchPoint vc="4" uspid="61" ordinal="3" offset="86" sl="28" path="1" offsetend="91" fileid="2" />
                <BranchPoint vc="58" uspid="66" ordinal="8" offset="122" sl="30" path="0" offsetend="124" fileid="2" />
                <BranchPoint vc="4" uspid="67" ordinal="9" offset="122" sl="30" path="1" offsetend="145" fileid="2" />
                <BranchPoint vc="58" uspid="68" ordinal="10" offset="198" sl="38" path="0" offsetend="203" fileid="2" />
                <BranchPoint vc="4" uspid="69" ordinal="11" offset="198" sl="38" path="1" offsetend="28" fileid="2" />
              </BranchPoints>
              <MethodPoint xsi:type="SequencePoint" vc="70" uspid="35" ordinal="0" offset="0" sl="12" sc="9" el="12" ec="10" bec="0" bev="0" fileid="2" />
            </Method>
          </Methods>
        </Class>
        <Class>
          <Summary numSequencePoints="57" visitedSequencePoints="49" numBranchPoints="18" visitedBranchPoints="15" sequenceCoverage="85.96" branchCoverage="83.33" maxCyclomaticComplexity="5" minCyclomaticComplexity="1" visitedClasses="1" numClasses="1" visitedMethods="4" numMethods="4" />
          <FullName>Xrm.Oss.XTL.Interpreter.FunctionHandlers</FullName>
          <Methods>
            <Method visited="true" cyclomaticComplexity="5" nPathComplexity="4" sequenceCoverage="100" branchCoverage="100" isConstructor="false" isStatic="true" isGetter="false" isSetter="false">
              <Summary numSequencePoints="3" visitedSequencePoints="3" numBranchPoints="5" visitedBranchPoints="5" sequenceCoverage="100" branchCoverage="100" maxCyclomaticComplexity="5" minCyclomaticComplexity="5" visitedClasses="0" numClasses="0" visitedMethods="1" numMethods="1" />
              <MetadataToken>100663310</MetadataToken>
              <Name>Xrm.Oss.XTL.Interpreter.ConfigHandler Xrm.Oss.XTL.Interpreter.FunctionHandlers::GetConfig(System.Collections.Generic.List`1&lt;Xrm.Oss.XTL.Interpreter.ValueExpression&gt;)</Name>
              <FileRef uid="3" />
              <SequencePoints>
                <SequencePoint vc="93" uspid="70" ordinal="0" offset="0" sl="20" sc="9" el="20" ec="10" bec="0" bev="0" fileid="3" />
                <SequencePoint vc="93" uspid="71" ordinal="1" offset="1" sl="21" sc="13" el="21" ec="181" bec="4" bev="4" fileid="3" />
                <SequencePoint vc="93" uspid="72" ordinal="2" offset="72" sl="22" sc="9" el="22" ec="10" bec="0" bev="0" fileid="3" />
              </SequencePoints>
              <BranchPoints>
                <BranchPoint vc="78" uspid="75" ordinal="2" offset="39" sl="21" path="0" offsetend="41" fileid="3" />
                <BranchPoint vc="15" uspid="76" ordinal="3" offset="39" sl="21" path="1" offsetend="45" fileid="3" />
                <BranchPoint vc="78" uspid="77" ordinal="4" offset="56" sl="21" path="0" offsetend="58" fileid="3" />
                <BranchPoint vc="15" uspid="78" ordinal="5" offset="56" sl="21" path="1" offsetend="64" fileid="3" />
              </BranchPoints>
              <MethodPoint xsi:type="SequencePoint" vc="93" uspid="70" ordinal="0" offset="0" sl="20" sc="9" el="20" ec="10" bec="0" bev="0" fileid="3" />
            </Method>
            <Method visited="true" cyclomaticComplexity="2" nPathComplexity="2" sequenceCoverage="75" branchCoverage="66.67" isConstructor="false" isStatic="true" isGetter="false" isSetter="false">
              <Summary numSequencePoints="8" visitedSequencePoints="6" numBranchPoints="3" visitedBranchPoints="2" sequenceCoverage="75" branchCoverage="66.67" maxCyclomaticComplexity="2" minCyclomaticComplexity="2" visitedClasses="0" numClasses="0" visitedMethods="1" numMethods="1" />
              <MetadataToken>100663311</MetadataToken>
              <Name>System.Int32 Xrm.Oss.XTL.Interpreter.FunctionHandlers::Compare(System.Collections.Generic.List`1&lt;Xrm.Oss.XTL.Interpreter.ValueExpression&gt;)</Name>
              <FileRef uid="3" />
              <SequencePoints>
                <SequencePoint vc="18" uspid="79" ordinal="0" offset="0" sl="91" sc="9" el="91" ec="10" bec="0" bev="0" fileid="3" />
                <SequencePoint vc="18" uspid="80" ordinal="1" offset="1" sl="92" sc="13" el="92" ec="39" bec="2" bev="1" fileid="3" />
                <SequencePoint vc="0" uspid="81" ordinal="2" offset="17" sl="93" sc="13" el="93" ec="14" bec="0" bev="0" fileid="3" />
                <SequencePoint vc="0" uspid="82" ordinal="3" offset="18" sl="94" sc="17" el="94" ec="99" bec="0" bev="0" fileid="3" />
                <SequencePoint vc="18" uspid="83" ordinal="4" offset="29" sl="97" sc="13" el="97" ec="106" bec="0" bev="0" fileid="3" />
                <SequencePoint vc="18" uspid="84" ordinal="5" offset="53" sl="98" sc="13" el="98" ec="110" bec="0" bev="0" fileid="3" />
                <SequencePoint vc="18" uspid="85" ordinal="6" offset="77" sl="101" sc="13" el="101" ec="47" bec="0" bev="0" fileid="3" />
                <SequencePoint vc="18" uspid="86" ordinal="7" offset="87" sl="102" sc="9" el="102" ec="10" bec="0" bev="0" fileid="3" />
              </SequencePoints>
              <BranchPoints>
                <BranchPoint vc="0" uspid="87" ordinal="0" offset="15" sl="92" path="0" offsetend="17" fileid="3" />
                <BranchPoint vc="18" uspid="88" ordinal="1" offset="15" sl="92" path="1" offsetend="29" fileid="3" />
              </BranchPoints>
              <MethodPoint xsi:type="SequencePoint" vc="18" uspid="79" ordinal="0" offset="0" sl="91" sc="9" el="91" ec="10" bec="0" bev="0" fileid="3" />
            </Method>
            <Method visited="true" cyclomaticComplexity="5" nPathComplexity="16" sequenceCoverage="66.67" branchCoverage="77.78" isConstructor="false" isStatic="true" isGetter="false" isSetter="false">
              <Summary numSequencePoints="18" visitedSequencePoints="12" numBranchPoints="9" visitedBranchPoints="7" sequenceCoverage="66.67" branchCoverage="77.78" maxCyclomaticComplexity="5" minCyclomaticComplexity="5" visitedClasses="0" numClasses="0" visitedMethods="1" numMethods="1" />
              <MetadataToken>100663312</MetadataToken>
              <Name>T Xrm.Oss.XTL.Interpreter.FunctionHandlers::CheckedCast(System.Object,System.String,System.Boolean)</Name>
              <FileRef uid="3" />
              <SequencePoints>
                <SequencePoint vc="95" uspid="89" ordinal="0" offset="0" sl="616" sc="9" el="616" ec="10" bec="0" bev="0" fileid="3" />
                <SequencePoint vc="95" uspid="90" ordinal="1" offset="1" sl="617" sc="13" el="617" ec="31" bec="0" bev="0" fileid="3" />
                <SequencePoint vc="95" uspid="91" ordinal="2" offset="3" sl="619" sc="13" el="619" ec="32" bec="2" bev="1" fileid="3" />
                <SequencePoint vc="0" uspid="92" ordinal="3" offset="16" sl="620" sc="13" el="620" ec="14" bec="0" bev="0" fileid="3" />
                <SequencePoint vc="0" uspid="93" ordinal="4" offset="17" sl="621" sc="17" el="621" ec="48" bec="0" bev="0" fileid="3" />
                <SequencePoint vc="0" uspid="94" ordinal="5" offset="34" sl="622" sc="13" el="622" ec="14" bec="0" bev="0" fileid="3" />
                <SequencePoint vc="95" uspid="95" ordinal="6" offset="35" sl="624" sc="13" el="624" ec="41" bec="2" bev="1" fileid="3" />
                <SequencePoint vc="0" uspid="96" ordinal="7" offset="48" sl="625" sc="13" el="625" ec="14" bec="0" bev="0" fileid="3" />
                <SequencePoint vc="0" uspid="97" ordinal="8" offset="49" sl="626" sc="17" el="626" ec="57" bec="0" bev="0" fileid="3" />
                <SequencePoint vc="0" uspid="98" ordinal="9" offset="66" sl="627" sc="13" el="627" ec="14" bec="0" bev="0" fileid="3" />
                <SequencePoint vc="95" uspid="99" ordinal="10" offset="67" sl="629" sc="13" el="629" ec="31" bec="2" bev="2" fileid="3" />
                <SequencePoint vc="4" uspid="100" ordinal="11" offset="83" sl="630" sc="13" el="630" ec="14" bec="0" bev="0" fileid="3" />
                <SequencePoint vc="4" uspid="101" ordinal="12" offset="84" sl="631" sc="17" el="631" ec="33" bec="2" bev="2" fileid="3" />
                <SequencePoint vc="1" uspid="102" ordinal="13" offset="91" sl="632" sc="17" el="632" ec="18" bec="0" bev="0" fileid="3" />
                <SequencePoint vc="1" uspid="103" ordinal="14" offset="92" sl="633" sc="21" el="633" ec="77" bec="0" bev="0" fileid="3" />
                <SequencePoint vc="3" uspid="104" ordinal="15" offset="99" sl="636" sc="17" el="636" ec="35" bec="0" bev="0" fileid="3" />
                <SequencePoint vc="91" uspid="105" ordinal="16" offset="113" sl="639" sc="13" el="639" ec="29" bec="0" bev="0" fileid="3" />
                <SequencePoint vc="94" uspid="106" ordinal="17" offset="123" sl="640" sc="9" el="640" ec="10" bec="0" bev="0" fileid="3" />
              </SequencePoints>
              <BranchPoints>
                <BranchPoint vc="0" uspid="107" ordinal="0" offset="14" sl="619" path="0" offsetend="16" fileid="3" />
                <BranchPoint vc="95" uspid="108" ordinal="1" offset="14" sl="619" path="1" offsetend="35" fileid="3" />
                <BranchPoint vc="0" uspid="109" ordinal="2" offset="46" sl="624" path="0" offsetend="48" fileid="3" />
                <BranchPoint vc="95" uspid="110" ordinal="3" offset="46" sl="624" path="1" offsetend="67" fileid="3" />
                <BranchPoint vc="4" uspid="111" ordinal="4" offset="81" sl="629" path="0" offsetend="83" fileid="3" />
                <BranchPoint vc="91" uspid="112" ordinal="5" offset="81" sl="629" path="1" offsetend="113" fileid="3" />
                <BranchPoint vc="1" uspid="113" ordinal="6" offset="89" sl="631" path="0" offsetend="91" fileid="3" />
                <BranchPoint vc="3" uspid="114" ordinal="7" offset="89" sl="631" path="1" offsetend="99" fileid="3" />
              </BranchPoints>
              <MethodPoint xsi:type="SequencePoint" vc="95" uspid="89" ordinal="0" offset="0" sl="616" sc="9" el="616" ec="10" bec="0" bev="0" fileid="3" />
            </Method>
            <Method visited="true" cyclomaticComplexity="1" nPathComplexity="0" sequenceCoverage="100" branchCoverage="100" isConstructor="true" isStatic="true" isGetter="false" isSetter="false">
              <Summary numSequencePoints="28" visitedSequencePoints="28" numBranchPoints="1" visitedBranchPoints="1" sequenceCoverage="100" branchCoverage="100" maxCyclomaticComplexity="1" minCyclomaticComplexity="1" visitedClasses="0" numClasses="0" visitedMethods="1" numMethods="1" />
              <MetadataToken>100663313</MetadataToken>
              <Name>System.Void Xrm.Oss.XTL.Interpreter.FunctionHandlers::.cctor()</Name>
              <FileRef uid="3" />
              <SequencePoints>
                <SequencePoint vc="2" uspid="115" ordinal="0" offset="0" sl="24" sc="9" el="30" ec="11" bec="0" bev="0" fileid="3" />
                <SequencePoint vc="2" uspid="116" ordinal="1" offset="21" sl="32" sc="9" el="48" ec="11" bec="0" bev="0" fileid="3" />
                <SequencePoint vc="2" uspid="117" ordinal="2" offset="42" sl="50" sc="9" el="60" ec="11" bec="0" bev="0" fileid="3" />
                <SequencePoint vc="2" uspid="118" ordinal="3" offset="63" sl="62" sc="9" el="67" ec="11" bec="0" bev="0" fileid="3" />
                <SequencePoint vc="2" uspid="119" ordinal="4" offset="84" sl="69" sc="9" el="74" ec="11" bec="0" bev="0" fileid="3" />
                <SequencePoint vc="2" uspid="120" ordinal="5" offset="105" sl="76" sc="9" el="81" ec="11" bec="0" bev="0" fileid="3" />
                <SequencePoint vc="2" uspid="121" ordinal="6" offset="126" sl="83" sc="9" el="88" ec="11" bec="0" bev="0" fileid="3" />
                <SequencePoint vc="2" uspid="122" ordinal="7" offset="147" sl="104" sc="9" el="147" ec="11" bec="0" bev="0" fileid="3" />
                <SequencePoint vc="2" uspid="123" ordinal="8" offset="168" sl="149" sc="9" el="167" ec="11" bec="0" bev="0" fileid="3" />
                <SequencePoint vc="2" uspid="124" ordinal="9" offset="189" sl="169" sc="9" el="187" ec="11" bec="0" bev="0" fileid="3" />
                <SequencePoint vc="2" uspid="125" ordinal="10" offset="210" sl="189" sc="9" el="199" ec="11" bec="0" bev="0" fileid="3" />
                <SequencePoint vc="2" uspid="126" ordinal="11" offset="231" sl="201" sc="9" el="220" ec="11" bec="0" bev="0" fileid="3" />
                <SequencePoint vc="2" uspid="127" ordinal="12" offset="252" sl="222" sc="9" el="230" ec="11" bec="0" bev="0" fileid="3" />
                <SequencePoint vc="2" uspid="128" ordinal="13" offset="273" sl="232" sc="9" el="276" ec="11" bec="0" bev="0" fileid="3" />
                <SequencePoint vc="2" uspid="129" ordinal="14" offset="294" sl="278" sc="9" el="289" ec="11" bec="0" bev="0" fileid="3" />
                <SequencePoint vc="2" uspid="130" ordinal="15" offset="315" sl="291" sc="9" el="418" ec="11" bec="0" bev="0" fileid="3" />
                <SequencePoint vc="2" uspid="131" ordinal="16" offset="336" sl="434" sc="9" el="519" ec="11" bec="0" bev="0" fileid="3" />
                <SequencePoint vc="2" uspid="132" ordinal="17" offset="357" sl="521" sc="9" el="558" ec="11" bec="0" bev="0" fileid="3" />
                <SequencePoint vc="2" uspid="133" ordinal="18" offset="378" sl="560" sc="9" el="596" ec="11" bec="0" bev="0" fileid="3" />
                <SequencePoint vc="2" uspid="134" ordinal="19" offset="399" sl="598" sc="9" el="601" ec="11" bec="0" bev="0" fileid="3" />
                <SequencePoint vc="2" uspid="135" ordinal="20" offset="420" sl="603" sc="9" el="613" ec="11" bec="0" bev="0" fileid="3" />
                <SequencePoint vc="2" uspid="136" ordinal="21" offset="441" sl="642" sc="9" el="660" ec="11" bec="0" bev="0" fileid="3" />
                <SequencePoint vc="2" uspid="137" ordinal="22" offset="462" sl="662" sc="9" el="676" ec="11" bec="0" bev="0" fileid="3" />
                <SequencePoint vc="2" uspid="138" ordinal="23" offset="483" sl="678" sc="9" el="681" ec="11" bec="0" bev="0" fileid="3" />
                <SequencePoint vc="2" uspid="139" ordinal="24" offset="504" sl="683" sc="9" el="687" ec="11" bec="0" bev="0" fileid="3" />
                <SequencePoint vc="2" uspid="140" ordinal="25" offset="525" sl="689" sc="9" el="693" ec="11" bec="0" bev="0" fileid="3" />
                <SequencePoint vc="2" uspid="141" ordinal="26" offset="546" sl="695" sc="9" el="704" ec="11" bec="0" bev="0" fileid="3" />
                <SequencePoint vc="2" uspid="142" ordinal="27" offset="567" sl="706" sc="9" el="723" ec="11" bec="0" bev="0" fileid="3" />
              </SequencePoints>
              <BranchPoints />
              <MethodPoint xsi:type="SequencePoint" vc="2" uspid="115" ordinal="0" offset="0" sl="24" sc="9" el="30" ec="11" bec="0" bev="0" fileid="3" />
            </Method>
          </Methods>
        </Class>
        <Class>
          <Summary numSequencePoints="433" visitedSequencePoints="359" numBranchPoints="200" visitedBranchPoints="148" sequenceCoverage="82.91" branchCoverage="74" maxCyclomaticComplexity="31" minCyclomaticComplexity="1" visitedClasses="1" numClasses="1" visitedMethods="43" numMethods="44" />
          <FullName>Xrm.Oss.XTL.Interpreter.FunctionHandlers/&lt;&gt;c</FullName>
          <Methods>
            <Method visited="true" cyclomaticComplexity="1" nPathComplexity="0" sequenceCoverage="0" branchCoverage="0" isConstructor="true" isStatic="true" isGetter="false" isSetter="false">
              <Summary numSequencePoints="0" visitedSequencePoints="0" numBranchPoints="0" visitedBranchPoints="0" sequenceCoverage="0" branchCoverage="0" maxCyclomaticComplexity="1" minCyclomaticComplexity="1" visitedClasses="0" numClasses="0" visitedMethods="0" numMethods="0" />
              <MetadataToken>100663388</MetadataToken>
              <Name>System.Void Xrm.Oss.XTL.Interpreter.FunctionHandlers/&lt;&gt;c::.cctor()</Name>
              <SequencePoints />
              <BranchPoints />
              <MethodPoint vc="2" uspid="143" ordinal="0" offset="0" />
            </Method>
            <Method visited="true" cyclomaticComplexity="1" nPathComplexity="0" sequenceCoverage="0" branchCoverage="0" isConstructor="true" isStatic="false" isGetter="false" isSetter="false">
              <Summary numSequencePoints="0" visitedSequencePoints="0" numBranchPoints="0" visitedBranchPoints="0" sequenceCoverage="0" branchCoverage="0" maxCyclomaticComplexity="1" minCyclomaticComplexity="1" visitedClasses="0" numClasses="0" visitedMethods="0" numMethods="0" />
              <MetadataToken>100663389</MetadataToken>
              <Name>System.Void Xrm.Oss.XTL.Interpreter.FunctionHandlers/&lt;&gt;c::.ctor()</Name>
              <SequencePoints />
              <BranchPoints />
              <MethodPoint vc="2" uspid="144" ordinal="0" offset="0" />
            </Method>
            <Method visited="true" cyclomaticComplexity="3" nPathComplexity="2" sequenceCoverage="100" branchCoverage="66.67" isConstructor="false" isStatic="false" isGetter="false" isSetter="false">
              <Summary numSequencePoints="1" visitedSequencePoints="1" numBranchPoints="3" visitedBranchPoints="2" sequenceCoverage="100" branchCoverage="66.67" maxCyclomaticComplexity="3" minCyclomaticComplexity="3" visitedClasses="0" numClasses="0" visitedMethods="1" numMethods="1" />
              <MetadataToken>100663390</MetadataToken>
              <Name>System.Boolean Xrm.Oss.XTL.Interpreter.FunctionHandlers/&lt;&gt;c::&lt;GetConfig&gt;b__0_0(Xrm.Oss.XTL.Interpreter.ValueExpression)</Name>
              <FileRef uid="3" />
              <SequencePoints>
                <SequencePoint vc="131" uspid="145" ordinal="0" offset="0" sl="21" sc="97" el="21" ec="135" bec="2" bev="1" fileid="3" />
              </SequencePoints>
              <BranchPoints>
                <BranchPoint vc="0" uspid="146" ordinal="0" offset="1" sl="21" path="0" offsetend="3" fileid="3" />
                <BranchPoint vc="131" uspid="147" ordinal="1" offset="1" sl="21" path="1" offsetend="6" fileid="3" />
              </BranchPoints>
              <MethodPoint xsi:type="SequencePoint" vc="131" uspid="145" ordinal="0" offset="0" sl="21" sc="97" el="21" ec="135" bec="2" bev="1" fileid="3" />
            </Method>
            <Method visited="true" cyclomaticComplexity="3" nPathComplexity="2" sequenceCoverage="100" branchCoverage="66.67" isConstructor="false" isStatic="false" isGetter="false" isSetter="false">
              <Summary numSequencePoints="5" visitedSequencePoints="5" numBranchPoints="3" visitedBranchPoints="2" sequenceCoverage="100" branchCoverage="66.67" maxCyclomaticComplexity="3" minCyclomaticComplexity="3" visitedClasses="0" numClasses="0" visitedMethods="1" numMethods="1" />
              <MetadataToken>100663391</MetadataToken>
              <Name>Xrm.Oss.XTL.Interpreter.ValueExpression Xrm.Oss.XTL.Interpreter.FunctionHandlers/&lt;&gt;c::&lt;.cctor&gt;b__31_0(Microsoft.Xrm.Sdk.Entity,Microsoft.Xrm.Sdk.IOrganizationService,Microsoft.Xrm.Sdk.ITracingService,Xrm.Oss.XTL.Interpreter.OrganizationConfig,System.Collections.Generic.List`1&lt;Xrm.Oss.XTL.Interpreter.ValueExpression&gt;)</Name>
              <FileRef uid="3" />
              <SequencePoints>
                <SequencePoint vc="3" uspid="148" ordinal="0" offset="0" sl="25" sc="9" el="25" ec="10" bec="0" bev="0" fileid="3" />
                <SequencePoint vc="3" uspid="149" ordinal="1" offset="1" sl="26" sc="13" el="26" ec="54" bec="0" bev="0" fileid="3" />
                <SequencePoint vc="3" uspid="150" ordinal="2" offset="9" sl="27" sc="13" el="27" ec="129" bec="2" bev="1" fileid="3" />
                <SequencePoint vc="3" uspid="151" ordinal="3" offset="36" sl="29" sc="13" el="29" ec="95" bec="0" bev="0" fileid="3" />
                <SequencePoint vc="3" uspid="152" ordinal="4" offset="62" sl="30" sc="9" el="30" ec="10" bec="0" bev="0" fileid="3" />
              </SequencePoints>
              <BranchPoints>
                <BranchPoint vc="0" uspid="153" ordinal="0" offset="10" sl="27" path="0" offsetend="12" fileid="3" />
                <BranchPoint vc="3" uspid="154" ordinal="1" offset="10" sl="27" path="1" offsetend="15" fileid="3" />
              </BranchPoints>
              <MethodPoint xsi:type="SequencePoint" vc="3" uspid="148" ordinal="0" offset="0" sl="25" sc="9" el="25" ec="10" bec="0" bev="0" fileid="3" />
            </Method>
            <Method visited="true" cyclomaticComplexity="11" nPathComplexity="32" sequenceCoverage="63.64" branchCoverage="81.82" isConstructor="false" isStatic="false" isGetter="false" isSetter="false">
              <Summary numSequencePoints="11" visitedSequencePoints="7" numBranchPoints="11" visitedBranchPoints="9" sequenceCoverage="63.64" branchCoverage="81.82" maxCyclomaticComplexity="11" minCyclomaticComplexity="11" visitedClasses="0" numClasses="0" visitedMethods="1" numMethods="1" />
              <MetadataToken>100663392</MetadataToken>
              <Name>Xrm.Oss.XTL.Interpreter.ValueExpression Xrm.Oss.XTL.Interpreter.FunctionHandlers/&lt;&gt;c::&lt;.cctor&gt;b__31_1(Microsoft.Xrm.Sdk.Entity,Microsoft.Xrm.Sdk.IOrganizationService,Microsoft.Xrm.Sdk.ITracingService,Xrm.Oss.XTL.Interpreter.OrganizationConfig,System.Collections.Generic.List`1&lt;Xrm.Oss.XTL.Interpreter.ValueExpression&gt;)</Name>
              <FileRef uid="3" />
              <SequencePoints>
                <SequencePoint vc="3" uspid="155" ordinal="0" offset="0" sl="33" sc="9" el="33" ec="10" bec="0" bev="0" fileid="3" />
                <SequencePoint vc="3" uspid="156" ordinal="1" offset="1" sl="34" sc="13" el="34" ec="39" bec="2" bev="1" fileid="3" />
                <SequencePoint vc="0" uspid="157" ordinal="2" offset="18" sl="35" sc="13" el="35" ec="14" bec="0" bev="0" fileid="3" />
                <SequencePoint vc="0" uspid="158" ordinal="3" offset="19" sl="36" sc="17" el="36" ec="102" bec="0" bev="0" fileid="3" />
                <SequencePoint vc="3" uspid="159" ordinal="4" offset="30" sl="39" sc="13" el="39" ec="112" bec="0" bev="0" fileid="3" />
                <SequencePoint vc="3" uspid="160" ordinal="5" offset="54" sl="40" sc="13" el="40" ec="141" bec="2" bev="2" fileid="3" />
                <SequencePoint vc="3" uspid="161" ordinal="6" offset="95" sl="42" sc="13" el="42" ec="64" bec="2" bev="1" fileid="3" />
                <SequencePoint vc="0" uspid="162" ordinal="7" offset="109" sl="43" sc="13" el="43" ec="14" bec="0" bev="0" fileid="3" />
                <SequencePoint vc="0" uspid="163" ordinal="8" offset="110" sl="44" sc="17" el="44" ec="112" bec="0" bev="0" fileid="3" />
                <SequencePoint vc="3" uspid="164" ordinal="9" offset="121" sl="47" sc="13" el="47" ec="122" bec="4" bev="4" fileid="3" />
                <SequencePoint vc="3" uspid="165" ordinal="10" offset="163" sl="48" sc="9" el="48" ec="10" bec="0" bev="0" fileid="3" />
              </SequencePoints>
              <BranchPoints>
                <BranchPoint vc="0" uspid="166" ordinal="0" offset="16" sl="34" path="0" offsetend="18" fileid="3" />
                <BranchPoint vc="3" uspid="167" ordinal="1" offset="16" sl="34" path="1" offsetend="30" fileid="3" />
                <BranchPoint vc="2" uspid="168" ordinal="2" offset="78" sl="40" path="0" offsetend="80" fileid="3" />
                <BranchPoint vc="1" uspid="169" ordinal="3" offset="78" sl="40" path="1" offsetend="84" fileid="3" />
                <BranchPoint vc="0" uspid="172" ordinal="6" offset="107" sl="42" path="0" offsetend="109" fileid="3" />
                <BranchPoint vc="3" uspid="173" ordinal="7" offset="107" sl="42" path="1" offsetend="121" fileid="3" />
                <BranchPoint vc="1" uspid="174" ordinal="8" offset="127" sl="47" path="0" offsetend="129" fileid="3" />
                <BranchPoint vc="2" uspid="175" ordinal="9" offset="127" sl="47" path="1" offsetend="132" fileid="3" />
                <BranchPoint vc="1" uspid="178" ordinal="12" offset="143" sl="47" path="0" offsetend="145" fileid="3" />
                <BranchPoint vc="1" uspid="179" ordinal="13" offset="143" sl="47" path="1" offsetend="148" fileid="3" />
              </BranchPoints>
              <MethodPoint xsi:type="SequencePoint" vc="3" uspid="155" ordinal="0" offset="0" sl="33" sc="9" el="33" ec="10" bec="0" bev="0" fileid="3" />
            </Method>
            <Method visited="false" cyclomaticComplexity="2" nPathComplexity="2" sequenceCoverage="0" branchCoverage="0" isConstructor="false" isStatic="false" isGetter="false" isSetter="false">
              <Summary numSequencePoints="7" visitedSequencePoints="0" numBranchPoints="3" visitedBranchPoints="0" sequenceCoverage="0" branchCoverage="0" maxCyclomaticComplexity="2" minCyclomaticComplexity="2" visitedClasses="0" numClasses="0" visitedMethods="0" numMethods="1" />
              <MetadataToken>100663393</MetadataToken>
              <Name>Xrm.Oss.XTL.Interpreter.ValueExpression Xrm.Oss.XTL.Interpreter.FunctionHandlers/&lt;&gt;c::&lt;.cctor&gt;b__31_2(Microsoft.Xrm.Sdk.Entity,Microsoft.Xrm.Sdk.IOrganizationService,Microsoft.Xrm.Sdk.ITracingService,Xrm.Oss.XTL.Interpreter.OrganizationConfig,System.Collections.Generic.List`1&lt;Xrm.Oss.XTL.Interpreter.ValueExpression&gt;)</Name>
              <FileRef uid="3" />
              <SequencePoints>
                <SequencePoint vc="0" uspid="180" ordinal="0" offset="0" sl="51" sc="9" el="51" ec="10" bec="0" bev="0" fileid="3" />
                <SequencePoint vc="0" uspid="181" ordinal="1" offset="1" sl="52" sc="13" el="52" ec="39" bec="2" bev="0" fileid="3" />
                <SequencePoint vc="0" uspid="182" ordinal="2" offset="18" sl="53" sc="13" el="53" ec="14" bec="0" bev="0" fileid="3" />
                <SequencePoint vc="0" uspid="183" ordinal="3" offset="19" sl="54" sc="17" el="54" ec="101" bec="0" bev="0" fileid="3" />
                <SequencePoint vc="0" uspid="184" ordinal="4" offset="30" sl="57" sc="13" el="57" ec="123" bec="0" bev="0" fileid="3" />
                <SequencePoint vc="0" uspid="185" ordinal="5" offset="54" sl="59" sc="13" el="59" ec="98" bec="0" bev="0" fileid="3" />
                <SequencePoint vc="0" uspid="186" ordinal="6" offset="73" sl="60" sc="9" el="60" ec="10" bec="0" bev="0" fileid="3" />
              </SequencePoints>
              <BranchPoints>
                <BranchPoint vc="0" uspid="187" ordinal="0" offset="16" sl="52" path="0" offsetend="18" fileid="3" />
                <BranchPoint vc="0" uspid="188" ordinal="1" offset="16" sl="52" path="1" offsetend="30" fileid="3" />
              </BranchPoints>
              <MethodPoint xsi:type="SequencePoint" vc="0" uspid="180" ordinal="0" offset="0" sl="51" sc="9" el="51" ec="10" bec="0" bev="0" fileid="3" />
            </Method>
            <Method visited="true" cyclomaticComplexity="1" nPathComplexity="0" sequenceCoverage="100" branchCoverage="100" isConstructor="false" isStatic="false" isGetter="false" isSetter="false">
              <Summary numSequencePoints="4" visitedSequencePoints="4" numBranchPoints="1" visitedBranchPoints="1" sequenceCoverage="100" branchCoverage="100" maxCyclomaticComplexity="1" minCyclomaticComplexity="1" visitedClasses="0" numClasses="0" visitedMethods="1" numMethods="1" />
              <MetadataToken>100663394</MetadataToken>
              <Name>Xrm.Oss.XTL.Interpreter.ValueExpression Xrm.Oss.XTL.Interpreter.FunctionHandlers/&lt;&gt;c::&lt;.cctor&gt;b__31_3(Microsoft.Xrm.Sdk.Entity,Microsoft.Xrm.Sdk.IOrganizationService,Microsoft.Xrm.Sdk.ITracingService,Xrm.Oss.XTL.Interpreter.OrganizationConfig,System.Collections.Generic.List`1&lt;Xrm.Oss.XTL.Interpreter.ValueExpression&gt;)</Name>
              <FileRef uid="3" />
              <SequencePoints>
                <SequencePoint vc="6" uspid="189" ordinal="0" offset="0" sl="63" sc="9" el="63" ec="10" bec="0" bev="0" fileid="3" />
                <SequencePoint vc="6" uspid="190" ordinal="1" offset="1" sl="64" sc="13" el="64" ec="51" bec="0" bev="0" fileid="3" />
                <SequencePoint vc="6" uspid="191" ordinal="2" offset="12" sl="66" sc="13" el="66" ec="95" bec="0" bev="0" fileid="3" />
                <SequencePoint vc="6" uspid="192" ordinal="3" offset="38" sl="67" sc="9" el="67" ec="10" bec="0" bev="0" fileid="3" />
              </SequencePoints>
              <BranchPoints />
              <MethodPoint xsi:type="SequencePoint" vc="6" uspid="189" ordinal="0" offset="0" sl="63" sc="9" el="63" ec="10" bec="0" bev="0" fileid="3" />
            </Method>
            <Method visited="true" cyclomaticComplexity="1" nPathComplexity="0" sequenceCoverage="100" branchCoverage="100" isConstructor="false" isStatic="false" isGetter="false" isSetter="false">
              <Summary numSequencePoints="4" visitedSequencePoints="4" numBranchPoints="1" visitedBranchPoints="1" sequenceCoverage="100" branchCoverage="100" maxCyclomaticComplexity="1" minCyclomaticComplexity="1" visitedClasses="0" numClasses="0" visitedMethods="1" numMethods="1" />
              <MetadataToken>100663395</MetadataToken>
              <Name>Xrm.Oss.XTL.Interpreter.ValueExpression Xrm.Oss.XTL.Interpreter.FunctionHandlers/&lt;&gt;c::&lt;.cctor&gt;b__31_4(Microsoft.Xrm.Sdk.Entity,Microsoft.Xrm.Sdk.IOrganizationService,Microsoft.Xrm.Sdk.ITracingService,Xrm.Oss.XTL.Interpreter.OrganizationConfig,System.Collections.Generic.List`1&lt;Xrm.Oss.XTL.Interpreter.ValueExpression&gt;)</Name>
              <FileRef uid="3" />
              <SequencePoints>
                <SequencePoint vc="3" uspid="193" ordinal="0" offset="0" sl="70" sc="9" el="70" ec="10" bec="0" bev="0" fileid="3" />
                <SequencePoint vc="3" uspid="194" ordinal="1" offset="1" sl="71" sc="13" el="71" ec="52" bec="0" bev="0" fileid="3" />
                <SequencePoint vc="3" uspid="195" ordinal="2" offset="15" sl="73" sc="13" el="73" ec="95" bec="0" bev="0" fileid="3" />
                <SequencePoint vc="3" uspid="196" ordinal="3" offset="41" sl="74" sc="9" el="74" ec="10" bec="0" bev="0" fileid="3" />
              </SequencePoints>
              <BranchPoints />
              <MethodPoint xsi:type="SequencePoint" vc="3" uspid="193" ordinal="0" offset="0" sl="70" sc="9" el="70" ec="10" bec="0" bev="0" fileid="3" />
            </Method>
            <Method visited="true" cyclomaticComplexity="1" nPathComplexity="0" sequenceCoverage="100" branchCoverage="100" isConstructor="false" isStatic="false" isGetter="false" isSetter="false">
              <Summary numSequencePoints="4" visitedSequencePoints="4" numBranchPoints="1" visitedBranchPoints="1" sequenceCoverage="100" branchCoverage="100" maxCyclomaticComplexity="1" minCyclomaticComplexity="1" visitedClasses="0" numClasses="0" visitedMethods="1" numMethods="1" />
              <MetadataToken>100663396</MetadataToken>
              <Name>Xrm.Oss.XTL.Interpreter.ValueExpression Xrm.Oss.XTL.Interpreter.FunctionHandlers/&lt;&gt;c::&lt;.cctor&gt;b__31_5(Microsoft.Xrm.Sdk.Entity,Microsoft.Xrm.Sdk.IOrganizationService,Microsoft.Xrm.Sdk.ITracingService,Xrm.Oss.XTL.Interpreter.OrganizationConfig,System.Collections.Generic.List`1&lt;Xrm.Oss.XTL.Interpreter.ValueExpression&gt;)</Name>
              <FileRef uid="3" />
              <SequencePoints>
                <SequencePoint vc="6" uspid="197" ordinal="0" offset="0" sl="77" sc="9" el="77" ec="10" bec="0" bev="0" fileid="3" />
                <SequencePoint vc="6" uspid="198" ordinal="1" offset="1" sl="78" sc="13" el="78" ec="51" bec="0" bev="0" fileid="3" />
                <SequencePoint vc="6" uspid="199" ordinal="2" offset="12" sl="80" sc="13" el="80" ec="95" bec="0" bev="0" fileid="3" />
                <SequencePoint vc="6" uspid="200" ordinal="3" offset="38" sl="81" sc="9" el="81" ec="10" bec="0" bev="0" fileid="3" />
              </SequencePoints>
              <BranchPoints />
              <MethodPoint xsi:type="SequencePoint" vc="6" uspid="197" ordinal="0" offset="0" sl="77" sc="9" el="77" ec="10" bec="0" bev="0" fileid="3" />
            </Method>
            <Method visited="true" cyclomaticComplexity="1" nPathComplexity="0" sequenceCoverage="100" branchCoverage="100" isConstructor="false" isStatic="false" isGetter="false" isSetter="false">
              <Summary numSequencePoints="4" visitedSequencePoints="4" numBranchPoints="1" visitedBranchPoints="1" sequenceCoverage="100" branchCoverage="100" maxCyclomaticComplexity="1" minCyclomaticComplexity="1" visitedClasses="0" numClasses="0" visitedMethods="1" numMethods="1" />
              <MetadataToken>100663397</MetadataToken>
              <Name>Xrm.Oss.XTL.Interpreter.ValueExpression Xrm.Oss.XTL.Interpreter.FunctionHandlers/&lt;&gt;c::&lt;.cctor&gt;b__31_6(Microsoft.Xrm.Sdk.Entity,Microsoft.Xrm.Sdk.IOrganizationService,Microsoft.Xrm.Sdk.ITracingService,Xrm.Oss.XTL.Interpreter.OrganizationConfig,System.Collections.Generic.List`1&lt;Xrm.Oss.XTL.Interpreter.ValueExpression&gt;)</Name>
              <FileRef uid="3" />
              <SequencePoints>
                <SequencePoint vc="3" uspid="201" ordinal="0" offset="0" sl="84" sc="9" el="84" ec="10" bec="0" bev="0" fileid="3" />
                <SequencePoint vc="3" uspid="202" ordinal="1" offset="1" sl="85" sc="13" el="85" ec="52" bec="0" bev="0" fileid="3" />
                <SequencePoint vc="3" uspid="203" ordinal="2" offset="15" sl="87" sc="13" el="87" ec="95" bec="0" bev="0" fileid="3" />
                <SequencePoint vc="3" uspid="204" ordinal="3" offset="41" sl="88" sc="9" el="88" ec="10" bec="0" bev="0" fileid="3" />
              </SequencePoints>
              <BranchPoints />
              <MethodPoint xsi:type="SequencePoint" vc="3" uspid="201" ordinal="0" offset="0" sl="84" sc="9" el="84" ec="10" bec="0" bev="0" fileid="3" />
            </Method>
            <Method visited="true" cyclomaticComplexity="11" nPathComplexity="32" sequenceCoverage="69.23" branchCoverage="63.64" isConstructor="false" isStatic="false" isGetter="false" isSetter="false">
              <Summary numSequencePoints="26" visitedSequencePoints="18" numBranchPoints="11" visitedBranchPoints="7" sequenceCoverage="69.23" branchCoverage="63.64" maxCyclomaticComplexity="11" minCyclomaticComplexity="11" visitedClasses="0" numClasses="0" visitedMethods="1" numMethods="1" />
              <MetadataToken>100663398</MetadataToken>
              <Name>Xrm.Oss.XTL.Interpreter.ValueExpression Xrm.Oss.XTL.Interpreter.FunctionHandlers/&lt;&gt;c::&lt;.cctor&gt;b__31_7(Microsoft.Xrm.Sdk.Entity,Microsoft.Xrm.Sdk.IOrganizationService,Microsoft.Xrm.Sdk.ITracingService,Xrm.Oss.XTL.Interpreter.OrganizationConfig,System.Collections.Generic.List`1&lt;Xrm.Oss.XTL.Interpreter.ValueExpression&gt;)</Name>
              <FileRef uid="3" />
              <SequencePoints>
                <SequencePoint vc="9" uspid="205" ordinal="0" offset="0" sl="105" sc="9" el="105" ec="10" bec="0" bev="0" fileid="3" />
                <SequencePoint vc="9" uspid="206" ordinal="1" offset="1" sl="106" sc="13" el="106" ec="39" bec="2" bev="1" fileid="3" />
                <SequencePoint vc="0" uspid="207" ordinal="2" offset="20" sl="107" sc="13" el="107" ec="14" bec="0" bev="0" fileid="3" />
                <SequencePoint vc="0" uspid="208" ordinal="3" offset="21" sl="108" sc="17" el="108" ec="100" bec="0" bev="0" fileid="3" />
                <SequencePoint vc="9" uspid="209" ordinal="4" offset="32" sl="111" sc="13" el="111" ec="42" bec="0" bev="0" fileid="3" />
                <SequencePoint vc="9" uspid="210" ordinal="5" offset="41" sl="112" sc="13" el="112" ec="40" bec="0" bev="0" fileid="3" />
                <SequencePoint vc="9" uspid="211" ordinal="6" offset="50" sl="114" sc="13" el="114" ec="76" bec="0" bev="0" fileid="3" />
                <SequencePoint vc="9" uspid="212" ordinal="7" offset="67" sl="115" sc="13" el="115" ec="73" bec="0" bev="0" fileid="3" />
                <SequencePoint vc="9" uspid="213" ordinal="8" offset="84" sl="117" sc="13" el="117" ec="64" bec="2" bev="1" fileid="3" />
                <SequencePoint vc="0" uspid="214" ordinal="9" offset="110" sl="118" sc="13" el="118" ec="14" bec="0" bev="0" fileid="3" />
                <SequencePoint vc="0" uspid="215" ordinal="10" offset="111" sl="119" sc="17" el="119" ec="35" bec="0" bev="0" fileid="3" />
                <SequencePoint vc="9" uspid="216" ordinal="11" offset="119" sl="122" sc="13" el="122" ec="64" bec="2" bev="1" fileid="3" />
                <SequencePoint vc="0" uspid="217" ordinal="12" offset="145" sl="123" sc="13" el="123" ec="14" bec="0" bev="0" fileid="3" />
                <SequencePoint vc="0" uspid="218" ordinal="13" offset="146" sl="124" sc="17" el="124" ec="36" bec="0" bev="0" fileid="3" />
                <SequencePoint vc="9" uspid="219" ordinal="14" offset="154" sl="127" sc="13" el="127" ec="64" bec="2" bev="1" fileid="3" />
                <SequencePoint vc="0" uspid="220" ordinal="15" offset="180" sl="128" sc="13" el="128" ec="14" bec="0" bev="0" fileid="3" />
                <SequencePoint vc="0" uspid="221" ordinal="16" offset="181" sl="129" sc="17" el="129" ec="36" bec="0" bev="0" fileid="3" />
                <SequencePoint vc="9" uspid="222" ordinal="17" offset="189" sl="132" sc="13" el="132" ec="98" bec="2" bev="2" fileid="3" />
                <SequencePoint vc="4" uspid="223" ordinal="18" offset="255" sl="133" sc="13" el="133" ec="14" bec="0" bev="0" fileid="3" />
                <SequencePoint vc="4" uspid="224" ordinal="19" offset="256" sl="134" sc="17" el="136" ec="31" bec="0" bev="0" fileid="3" />
                <SequencePoint vc="4" uspid="225" ordinal="20" offset="323" sl="138" sc="17" el="138" ec="67" bec="0" bev="0" fileid="3" />
                <SequencePoint vc="4" uspid="226" ordinal="21" offset="350" sl="139" sc="17" el="139" ec="117" bec="0" bev="0" fileid="3" />
                <SequencePoint vc="5" uspid="227" ordinal="22" offset="378" sl="142" sc="13" el="142" ec="14" bec="0" bev="0" fileid="3" />
                <SequencePoint vc="5" uspid="228" ordinal="23" offset="379" sl="143" sc="17" el="143" ec="66" bec="0" bev="0" fileid="3" />
                <SequencePoint vc="5" uspid="229" ordinal="24" offset="398" sl="145" sc="17" el="145" ec="99" bec="0" bev="0" fileid="3" />
                <SequencePoint vc="9" uspid="230" ordinal="25" offset="426" sl="147" sc="9" el="147" ec="10" bec="0" bev="0" fileid="3" />
              </SequencePoints>
              <BranchPoints>
                <BranchPoint vc="0" uspid="231" ordinal="0" offset="18" sl="106" path="0" offsetend="20" fileid="3" />
                <BranchPoint vc="9" uspid="232" ordinal="1" offset="18" sl="106" path="1" offsetend="32" fileid="3" />
                <BranchPoint vc="0" uspid="235" ordinal="4" offset="108" sl="117" path="0" offsetend="110" fileid="3" />
                <BranchPoint vc="9" uspid="236" ordinal="5" offset="108" sl="117" path="1" offsetend="119" fileid="3" />
                <BranchPoint vc="0" uspid="239" ordinal="8" offset="143" sl="122" path="0" offsetend="145" fileid="3" />
                <BranchPoint vc="9" uspid="240" ordinal="9" offset="143" sl="122" path="1" offsetend="154" fileid="3" />
                <BranchPoint vc="0" uspid="243" ordinal="12" offset="178" sl="127" path="0" offsetend="180" fileid="3" />
                <BranchPoint vc="9" uspid="244" ordinal="13" offset="178" sl="127" path="1" offsetend="189" fileid="3" />
                <BranchPoint vc="4" uspid="247" ordinal="16" offset="253" sl="132" path="0" offsetend="255" fileid="3" />
                <BranchPoint vc="5" uspid="248" ordinal="17" offset="253" sl="132" path="1" offsetend="378" fileid="3" />
              </BranchPoints>
              <MethodPoint xsi:type="SequencePoint" vc="9" uspid="205" ordinal="0" offset="0" sl="105" sc="9" el="105" ec="10" bec="0" bev="0" fileid="3" />
            </Method>
            <Method visited="true" cyclomaticComplexity="2" nPathComplexity="0" sequenceCoverage="100" branchCoverage="100" isConstructor="false" isStatic="false" isGetter="false" isSetter="false">
              <Summary numSequencePoints="1" visitedSequencePoints="1" numBranchPoints="1" visitedBranchPoints="1" sequenceCoverage="100" branchCoverage="100" maxCyclomaticComplexity="2" minCyclomaticComplexity="2" visitedClasses="0" numClasses="0" visitedMethods="1" numMethods="1" />
              <MetadataToken>100663399</MetadataToken>
              <Name>System.Boolean Xrm.Oss.XTL.Interpreter.FunctionHandlers/&lt;&gt;c::&lt;.cctor&gt;b__31_28(System.Object)</Name>
              <FileRef uid="3" />
              <SequencePoints>
                <SequencePoint vc="13" uspid="251" ordinal="0" offset="0" sl="132" sc="65" el="132" ec="96" bec="0" bev="0" fileid="3" />
              </SequencePoints>
              <BranchPoints />
              <MethodPoint xsi:type="SequencePoint" vc="13" uspid="251" ordinal="0" offset="0" sl="132" sc="65" el="132" ec="96" bec="0" bev="0" fileid="3" />
            </Method>
            <Method visited="true" cyclomaticComplexity="2" nPathComplexity="2" sequenceCoverage="100" branchCoverage="100" isConstructor="false" isStatic="false" isGetter="false" isSetter="false">
              <Summary numSequencePoints="1" visitedSequencePoints="1" numBranchPoints="3" visitedBranchPoints="3" sequenceCoverage="100" branchCoverage="100" maxCyclomaticComplexity="2" minCyclomaticComplexity="2" visitedClasses="0" numClasses="0" visitedMethods="1" numMethods="1" />
              <MetadataToken>100663400</MetadataToken>
              <Name>System.Int32 Xrm.Oss.XTL.Interpreter.FunctionHandlers/&lt;&gt;c::&lt;.cctor&gt;b__31_29(System.Object)</Name>
              <FileRef uid="3" />
              <SequencePoints>
                <SequencePoint vc="8" uspid="254" ordinal="0" offset="0" sl="135" sc="34" el="135" ec="90" bec="2" bev="2" fileid="3" />
              </SequencePoints>
              <BranchPoints>
                <BranchPoint vc="6" uspid="255" ordinal="0" offset="6" sl="135" path="0" offsetend="8" fileid="3" />
                <BranchPoint vc="2" uspid="256" ordinal="1" offset="6" sl="135" path="1" offsetend="16" fileid="3" />
              </BranchPoints>
              <MethodPoint xsi:type="SequencePoint" vc="8" uspid="254" ordinal="0" offset="0" sl="135" sc="34" el="135" ec="90" bec="2" bev="2" fileid="3" />
            </Method>
[...]
                <SequencePoint vc="1" uspid="1503" ordinal="8" offset="76" sl="295" sc="26" el="295" ec="38" bec="0" bev="0" fileid="22" />
                <SequencePoint vc="1" uspid="1504" ordinal="9" offset="84" sl="296" sc="17" el="296" ec="18" bec="0" bev="0" fileid="22" />
                <SequencePoint vc="1" uspid="1505" ordinal="10" offset="85" sl="297" sc="21" el="297" ec="63" bec="0" bev="0" fileid="22" />
                <SequencePoint vc="1" uspid="1506" ordinal="11" offset="106" sl="298" sc="17" el="298" ec="18" bec="0" bev="0" fileid="22" />
                <SequencePoint vc="2" uspid="1507" ordinal="12" offset="107" sl="295" sc="39" el="295" ec="41" bec="0" bev="0" fileid="22" />
                <SequencePoint vc="1" uspid="1508" ordinal="13" offset="128" sl="299" sc="13" el="299" ec="14" bec="0" bev="0" fileid="22" />
                <SequencePoint vc="16" uspid="1509" ordinal="14" offset="129" sl="293" sc="32" el="293" ec="34" bec="0" bev="0" fileid="22" />
                <SequencePoint vc="15" uspid="1510" ordinal="15" offset="150" sl="301" sc="13" el="301" ec="20" bec="0" bev="0" fileid="22" />
                <SequencePoint vc="15" uspid="1511" ordinal="16" offset="151" sl="301" sc="38" el="301" ec="55" bec="0" bev="0" fileid="22" />
                <SequencePoint vc="78" uspid="1512" ordinal="17" offset="166" sl="301" sc="22" el="301" ec="34" bec="0" bev="0" fileid="22" />
                <SequencePoint vc="78" uspid="1513" ordinal="18" offset="175" sl="302" sc="13" el="302" ec="14" bec="0" bev="0" fileid="22" />
                <SequencePoint vc="78" uspid="1514" ordinal="19" offset="176" sl="303" sc="17" el="303" ec="59" bec="0" bev="0" fileid="22" />
                <SequencePoint vc="78" uspid="1515" ordinal="20" offset="197" sl="304" sc="13" el="304" ec="14" bec="0" bev="0" fileid="22" />
                <SequencePoint vc="93" uspid="1516" ordinal="21" offset="198" sl="301" sc="35" el="301" ec="37" bec="0" bev="0" fileid="22" />
                <SequencePoint vc="15" uspid="1517" ordinal="22" offset="222" sl="306" sc="13" el="306" ec="31" bec="0" bev="0" fileid="22" />
                <SequencePoint vc="15" uspid="1518" ordinal="23" offset="227" sl="307" sc="9" el="307" ec="10" bec="0" bev="0" fileid="22" />
              </SequencePoints>
              <BranchPoints />
              <MethodPoint xsi:type="SequencePoint" vc="15" uspid="1495" ordinal="0" offset="0" sl="285" sc="9" el="285" ec="10" bec="0" bev="0" fileid="22" />
            </Method>
          </Methods>
        </Class>
        <Class>
          <Summary numSequencePoints="14" visitedSequencePoints="14" numBranchPoints="1" visitedBranchPoints="1" sequenceCoverage="100" branchCoverage="100" maxCyclomaticComplexity="1" minCyclomaticComplexity="1" visitedClasses="1" numClasses="1" visitedMethods="1" numMethods="1" />
          <FullName>Xrm.Oss.XTL.Templating.XTLProcessor/&lt;&gt;c__DisplayClass9_0</FullName>
          <Methods>
            <Method visited="true" cyclomaticComplexity="1" nPathComplexity="0" sequenceCoverage="0" branchCoverage="0" isConstructor="true" isStatic="false" isGetter="false" isSetter="false">
              <Summary numSequencePoints="0" visitedSequencePoints="0" numBranchPoints="0" visitedBranchPoints="0" sequenceCoverage="0" branchCoverage="0" maxCyclomaticComplexity="1" minCyclomaticComplexity="1" visitedClasses="0" numClasses="0" visitedMethods="0" numMethods="0" />
              <MetadataToken>100663462</MetadataToken>
              <Name>System.Void Xrm.Oss.XTL.Templating.XTLProcessor/&lt;&gt;c__DisplayClass9_0::.ctor()</Name>
              <SequencePoints />
              <BranchPoints />
              <MethodPoint vc="21" uspid="1525" ordinal="0" offset="0" />
            </Method>
            <Method visited="true" cyclomaticComplexity="1" nPathComplexity="0" sequenceCoverage="100" branchCoverage="100" isConstructor="false" isStatic="false" isGetter="false" isSetter="false">
              <Summary numSequencePoints="14" visitedSequencePoints="14" numBranchPoints="1" visitedBranchPoints="1" sequenceCoverage="100" branchCoverage="100" maxCyclomaticComplexity="1" minCyclomaticComplexity="1" visitedClasses="0" numClasses="0" visitedMethods="1" numMethods="1" />
              <MetadataToken>100663463</MetadataToken>
              <Name>System.Void Xrm.Oss.XTL.Templating.XTLProcessor/&lt;&gt;c__DisplayClass9_0::&lt;ProcessTemplate&gt;b__1(System.String)</Name>
              <FileRef uid="22" />
              <SequencePoints>
                <SequencePoint vc="20" uspid="1526" ordinal="0" offset="0" sl="199" sc="13" el="199" ec="14" bec="0" bev="0" fileid="22" />
                <SequencePoint vc="20" uspid="1527" ordinal="1" offset="1" sl="200" sc="17" el="200" ec="62" bec="0" bev="0" fileid="22" />
                <SequencePoint vc="20" uspid="1528" ordinal="2" offset="35" sl="202" sc="17" el="202" ec="97" bec="0" bev="0" fileid="22" />
                <SequencePoint vc="20" uspid="1529" ordinal="3" offset="66" sl="203" sc="17" el="203" ec="46" bec="0" bev="0" fileid="22" />
                <SequencePoint vc="20" uspid="1530" ordinal="4" offset="72" sl="206" sc="17" el="206" ec="18" bec="0" bev="0" fileid="22" />
                <SequencePoint vc="20" uspid="1531" ordinal="5" offset="73" sl="207" sc="21" el="207" ec="53" bec="0" bev="0" fileid="22" />
                <SequencePoint vc="18" uspid="1532" ordinal="6" offset="80" sl="208" sc="17" el="208" ec="18" bec="0" bev="0" fileid="22" />
                <SequencePoint vc="2" uspid="1533" ordinal="7" offset="83" sl="209" sc="17" el="209" ec="37" bec="0" bev="0" fileid="22" />
                <SequencePoint vc="2" uspid="1534" ordinal="8" offset="84" sl="210" sc="17" el="210" ec="18" bec="0" bev="0" fileid="22" />
                <SequencePoint vc="2" uspid="1535" ordinal="9" offset="85" sl="211" sc="21" el="211" ec="130" bec="0" bev="0" fileid="22" />
                <SequencePoint vc="2" uspid="1536" ordinal="10" offset="125" sl="212" sc="17" el="212" ec="18" bec="0" bev="0" fileid="22" />
                <SequencePoint vc="20" uspid="1537" ordinal="11" offset="128" sl="214" sc="17" el="214" ec="85" bec="0" bev="0" fileid="22" />
                <SequencePoint vc="20" uspid="1538" ordinal="12" offset="162" sl="215" sc="17" el="215" ec="70" bec="0" bev="0" fileid="22" />
                <SequencePoint vc="20" uspid="1539" ordinal="13" offset="196" sl="216" sc="13" el="216" ec="14" bec="0" bev="0" fileid="22" />
              </SequencePoints>
              <BranchPoints />
              <MethodPoint xsi:type="SequencePoint" vc="20" uspid="1526" ordinal="0" offset="0" sl="199" sc="13" el="199" ec="14" bec="0" bev="0" fileid="22" />
            </Method>
          </Methods>
        </Class>
        <Class>
          <Summary numSequencePoints="1" visitedSequencePoints="1" numBranchPoints="1" visitedBranchPoints="1" sequenceCoverage="100" branchCoverage="100" maxCyclomaticComplexity="1" minCyclomaticComplexity="1" visitedClasses="1" numClasses="1" visitedMethods="1" numMethods="1" />
          <FullName>Xrm.Oss.XTL.Templating.XTLProcessor/&lt;&gt;c</FullName>
          <Methods>
            <Method visited="true" cyclomaticComplexity="1" nPathComplexity="0" sequenceCoverage="0" branchCoverage="0" isConstructor="true" isStatic="true" isGetter="false" isSetter="false">
              <Summary numSequencePoints="0" visitedSequencePoints="0" numBranchPoints="0" visitedBranchPoints="0" sequenceCoverage="0" branchCoverage="0" maxCyclomaticComplexity="1" minCyclomaticComplexity="1" visitedClasses="0" numClasses="0" visitedMethods="0" numMethods="0" />
              <MetadataToken>100663464</MetadataToken>
              <Name>System.Void Xrm.Oss.XTL.Templating.XTLProcessor/&lt;&gt;c::.cctor()</Name>
              <SequencePoints />
              <BranchPoints />
              <MethodPoint vc="1" uspid="1540" ordinal="0" offset="0" />
            </Method>
            <Method visited="true" cyclomaticComplexity="1" nPathComplexity="0" sequenceCoverage="0" branchCoverage="0" isConstructor="true" isStatic="false" isGetter="false" isSetter="false">
              <Summary numSequencePoints="0" visitedSequencePoints="0" numBranchPoints="0" visitedBranchPoints="0" sequenceCoverage="0" branchCoverage="0" maxCyclomaticComplexity="1" minCyclomaticComplexity="1" visitedClasses="0" numClasses="0" visitedMethods="0" numMethods="0" />
              <MetadataToken>100663465</MetadataToken>
              <Name>System.Void Xrm.Oss.XTL.Templating.XTLProcessor/&lt;&gt;c::.ctor()</Name>
              <SequencePoints />
              <BranchPoints />
              <MethodPoint vc="1" uspid="1541" ordinal="0" offset="0" />
            </Method>
            <Method visited="true" cyclomaticComplexity="1" nPathComplexity="0" sequenceCoverage="100" branchCoverage="100" isConstructor="false" isStatic="false" isGetter="false" isSetter="false">
              <Summary numSequencePoints="1" visitedSequencePoints="1" numBranchPoints="1" visitedBranchPoints="1" sequenceCoverage="100" branchCoverage="100" maxCyclomaticComplexity="1" minCyclomaticComplexity="1" visitedClasses="0" numClasses="0" visitedMethods="1" numMethods="1" />
              <MetadataToken>100663466</MetadataToken>
              <Name>System.String Xrm.Oss.XTL.Templating.XTLProcessor/&lt;&gt;c::&lt;ProcessTemplate&gt;b__9_0(System.Text.RegularExpressions.Match)</Name>
              <FileRef uid="22" />
              <SequencePoints>
                <SequencePoint vc="21" uspid="1542" ordinal="0" offset="0" sl="194" sc="30" el="194" ec="47" bec="0" bev="0" fileid="22" />
              </SequencePoints>
              <BranchPoints />
              <MethodPoint xsi:type="SequencePoint" vc="21" uspid="1542" ordinal="0" offset="0" sl="194" sc="30" el="194" ec="47" bec="0" bev="0" fileid="22" />
            </Method>
          </Methods>
        </Class>
      </Classes>
    </Module>
    <Module skippedDueTo="Filter" hash="32-EF-D7-0E-25-21-90-9D-0B-E4-73-8D-13-90-6A-08-9F-D5-59-97">
      <ModulePath>C:\Users\kroflo\Entwicklung\Xrm-Templating-Language\test\Microsoft.Xrm.Sdk.Workflow.dll</ModulePath>
      <ModuleTime>2016-12-09T18:41:54Z</ModuleTime>
      <ModuleName>Microsoft.Xrm.Sdk.Workflow</ModuleName>
      <Classes />
    </Module>
    <Module skippedDueTo="Filter" hash="59-73-B6-E6-C6-F9-65-0F-29-3D-C6-1D-A0-64-5D-E0-54-48-95-CA">
      <ModulePath>C:\Users\kroflo\Entwicklung\Xrm-Templating-Language\test\Microsoft.Crm.Sdk.Proxy.dll</ModulePath>
      <ModuleTime>2016-12-21T12:48:06Z</ModuleTime>
      <ModuleName>Microsoft.Crm.Sdk.Proxy</ModuleName>
      <Classes />
    </Module>
    <Module skippedDueTo="Filter" hash="8A-2E-8F-D6-9D-39-02-4A-2F-30-FC-06-42-F7-0F-A8-32-69-07-72">
      <ModulePath>C:\Users\kroflo\Entwicklung\Xrm-Templating-Language\packages\nunit.consolerunner\tools\Mono.Cecil.dll</ModulePath>
      <ModuleTime>2018-01-27T10:27:14Z</ModuleTime>
      <ModuleName>Mono.Cecil</ModuleName>
      <Classes />
    </Module>
    <Module skippedDueTo="Filter" hash="04-E0-E4-D1-B3-F8-C2-3E-68-54-71-D6-88-A2-20-8D-46-E8-48-48">
      <ModulePath>C:\Windows\Microsoft.Net\assembly\GAC_MSIL\SMDiagnostics\v4.0_4.0.0.0__b77a5c561934e089\SMDiagnostics.dll</ModulePath>
      <ModuleTime>2018-07-02T08:15:17.3871177Z</ModuleTime>
      <ModuleName>SMDiagnostics</ModuleName>
      <Classes />
    </Module>
    <Module skippedDueTo="Filter" hash="01-DB-B1-53-79-CE-DB-0B-FF-33-DD-01-7D-CE-C8-63-40-41-50-7D">
      <ModulePath>C:\Windows\Microsoft.Net\assembly\GAC_MSIL\System.ServiceModel.Internals\v4.0_4.0.0.0__31bf3856ad364e35\System.ServiceModel.Internals.dll</ModulePath>
      <ModuleTime>2018-07-02T08:15:14.4342399Z</ModuleTime>
      <ModuleName>System.ServiceModel.Internals</ModuleName>
      <Classes />
    </Module>
    <Module skippedDueTo="Filter" hash="9D-4A-D9-EF-6E-3C-A9-69-99-30-1A-B3-AA-5A-7C-F2-17-66-83-59">
      <ModulePath>C:\Windows\Microsoft.Net\assembly\GAC_MSIL\System.Configuration\v4.0_4.0.0.0__b03f5f7f11d50a3a\System.Configuration.dll</ModulePath>
      <ModuleTime>2018-07-02T08:15:14.131933Z</ModuleTime>
      <ModuleName>System.Configuration</ModuleName>
      <Classes />
    </Module>
    <Module skippedDueTo="Filter" hash="A7-9F-41-2F-47-0F-3E-C7-DD-99-9E-73-7D-AF-41-93-23-DC-2B-18">
      <ModulePath>C:\Users\kroflo\Entwicklung\Xrm-Templating-Language\test\nunit.framework.dll</ModulePath>
      <ModuleTime>2017-11-10T12:00:24Z</ModuleTime>
      <ModuleName>nunit.framework</ModuleName>
      <Classes />
    </Module>
    <Module skippedDueTo="Filter" hash="B1-CB-EC-80-E4-0E-88-DF-36-29-D5-8A-77-95-28-88-F0-FE-F0-9B">
      <ModulePath>C:\Windows\Microsoft.Net\assembly\GAC_MSIL\System\v4.0_4.0.0.0__b77a5c561934e089\System.dll</ModulePath>
      <ModuleTime>2018-07-02T08:15:14.3294592Z</ModuleTime>
      <ModuleName>System</ModuleName>
      <Classes />
    </Module>
    <Module skippedDueTo="Filter" hash="5C-BA-15-81-FF-83-84-F0-50-8F-23-E9-0C-3A-BF-AF-46-07-BE-CF">
      <ModulePath>C:\Windows\Microsoft.Net\assembly\GAC_MSIL\System.Core\v4.0_4.0.0.0__b77a5c561934e089\System.Core.dll</ModulePath>
      <ModuleTime>2018-11-06T12:49:02.87679Z</ModuleTime>
      <ModuleName>System.Core</ModuleName>
      <Classes />
    </Module>
    <Module skippedDueTo="Filter" hash="EE-88-39-61-68-77-57-72-82-B0-46-D1-FF-33-40-4E-38-C7-5B-5F">
      <ModulePath>C:\Windows\Microsoft.Net\assembly\GAC_64\System.Web\v4.0_4.0.0.0__b03f5f7f11d50a3a\System.Web.dll</ModulePath>
      <ModuleTime>2018-07-02T08:15:17.4146917Z</ModuleTime>
      <ModuleName>System.Web</ModuleName>
      <Classes />
    </Module>
    <Module skippedDueTo="Filter" hash="79-96-1E-25-B7-E3-1B-8E-3D-FB-2A-E9-7E-59-9D-21-20-BC-EC-7A">
      <ModulePath>C:\Users\kroflo\Entwicklung\Xrm-Templating-Language\test\Xrm.Oss.XTL.Interpreter.Tests.dll</ModulePath>
      <ModuleTime>2018-12-03T10:16:05.0414056Z</ModuleTime>
      <ModuleName>Xrm.Oss.XTL.Interpreter.Tests</ModuleName>
      <Classes />
    </Module>
    <Module skippedDueTo="Filter" hash="C9-90-56-C8-34-0E-96-2A-07-09-EA-81-19-89-AB-9B-B6-6C-C4-D4">
      <ModulePath>C:\Windows\Microsoft.Net\assembly\GAC_MSIL\System.Xml\v4.0_4.0.0.0__b77a5c561934e089\System.Xml.dll</ModulePath>
      <ModuleTime>2018-07-02T08:15:14.4131837Z</ModuleTime>
      <ModuleName>System.Xml</ModuleName>
      <Classes />
    </Module>
    <Module skippedDueTo="Filter" hash="80-BC-B2-1D-8C-E7-88-AE-05-9E-E3-05-28-66-0E-B0-54-46-BA-9E">
      <ModulePath>C:\Users\kroflo\Entwicklung\Xrm-Templating-Language\test\FakeItEasy.dll</ModulePath>
      <ModuleTime>2017-04-04T17:48:36Z</ModuleTime>
      <ModuleName>FakeItEasy</ModuleName>
      <Classes />
    </Module>
    <Module skippedDueTo="Filter" hash="74-AA-64-E8-77-FA-A1-E0-59-74-C6-09-A8-9F-75-82-A5-1C-E0-54">
      <ModulePath>C:\Users\kroflo\Entwicklung\Xrm-Templating-Language\test\FakeXrmEasy.dll</ModulePath>
      <ModuleTime>2018-02-22T23:18:08Z</ModuleTime>
      <ModuleName>FakeXrmEasy</ModuleName>
      <Classes />
    </Module>
    <Module skippedDueTo="Filter" hash="9B-E3-D9-29-B0-95-86-9B-CB-E3-56-CE-B8-86-E3-8A-E9-45-C1-A2">
      <ModulePath>C:\Users\kroflo\Entwicklung\Xrm-Templating-Language\test\Microsoft.Xrm.Sdk.dll</ModulePath>
      <ModuleTime>2016-12-21T12:48:06Z</ModuleTime>
      <ModuleName>Microsoft.Xrm.Sdk</ModuleName>
      <Classes />
    </Module>
    <Module skippedDueTo="Filter" hash="84-11-6D-B0-96-5C-C8-8E-77-B2-09-D2-C3-E2-92-CC-C4-9F-08-BD">
      <ModulePath>C:\Windows\Microsoft.Net\assembly\GAC_MSIL\System.Runtime.Serialization\v4.0_4.0.0.0__b77a5c561934e089\System.Runtime.Serialization.dll</ModulePath>
      <ModuleTime>2018-07-02T08:15:20.6583441Z</ModuleTime>
      <ModuleName>System.Runtime.Serialization</ModuleName>
      <Classes />
    </Module>
    <Module skippedDueTo="Filter" hash="F9-44-3B-F2-E5-54-E9-C2-7E-BA-CE-BC-9B-ED-52-78-36-97-92-7C">
      <ModulePath>C:\Windows\Microsoft.Net\assembly\GAC_MSIL\System.Activities\v4.0_4.0.0.0__31bf3856ad364e35\System.Activities.dll</ModulePath>
      <ModuleTime>2018-07-02T08:15:17.6317696Z</ModuleTime>
      <ModuleName>System.Activities</ModuleName>
      <Classes />
    </Module>
    <Module skippedDueTo="Filter" hash="32-EF-D7-0E-25-21-90-9D-0B-E4-73-8D-13-90-6A-08-9F-D5-59-97">
      <ModulePath>C:\Users\kroflo\Entwicklung\Xrm-Templating-Language\test\Microsoft.Xrm.Sdk.Workflow.dll</ModulePath>
      <ModuleTime>2016-12-09T18:41:54Z</ModuleTime>
      <ModuleName>Microsoft.Xrm.Sdk.Workflow</ModuleName>
      <Classes />
    </Module>
    <Module skippedDueTo="Filter" hash="59-73-B6-E6-C6-F9-65-0F-29-3D-C6-1D-A0-64-5D-E0-54-48-95-CA">
      <ModulePath>C:\Users\kroflo\Entwicklung\Xrm-Templating-Language\test\Microsoft.Crm.Sdk.Proxy.dll</ModulePath>
      <ModuleTime>2016-12-21T12:48:06Z</ModuleTime>
      <ModuleName>Microsoft.Crm.Sdk.Proxy</ModuleName>
      <Classes />
    </Module>
    <Module skippedDueTo="Filter" hash="">
      <ModulePath>RefEmit_InMemoryManifestModule</ModulePath>
      <ModuleTime>0001-01-01T00:00:00</ModuleTime>
      <ModuleName>DynamicProxyGenAssembly2</ModuleName>
      <Classes />
    </Module>
    <Module skippedDueTo="Filter" hash="80-BC-B2-1D-8C-E7-88-AE-05-9E-E3-05-28-66-0E-B0-54-46-BA-9E">
      <ModulePath>C:\Users\kroflo\Entwicklung\Xrm-Templating-Language\test\FakeItEasy.dll</ModulePath>
      <ModuleTime>2017-04-04T17:48:36Z</ModuleTime>
      <ModuleName>FakeItEasy</ModuleName>
      <Classes />
    </Module>
    <Module skippedDueTo="Filter" hash="9D-4A-D9-EF-6E-3C-A9-69-99-30-1A-B3-AA-5A-7C-F2-17-66-83-59">
      <ModulePath>C:\Windows\Microsoft.Net\assembly\GAC_MSIL\System.Configuration\v4.0_4.0.0.0__b03f5f7f11d50a3a\System.Configuration.dll</ModulePath>
      <ModuleTime>2018-07-02T08:15:14.131933Z</ModuleTime>
      <ModuleName>System.Configuration</ModuleName>
      <Classes />
    </Module>
    <Module skippedDueTo="Filter" hash="">
      <ModulePath>RefEmit_InMemoryManifestModule</ModulePath>
      <ModuleTime>0001-01-01T00:00:00</ModuleTime>
      <ModuleName>Anonymously Hosted DynamicMethods Assembly</ModuleName>
      <Classes />
    </Module>
    <Module skippedDueTo="Filter" hash="">
      <ModulePath>RefEmit_InMemoryManifestModule</ModulePath>
      <ModuleTime>0001-01-01T00:00:00</ModuleTime>
      <ModuleName>DynamicProxyGenAssembly2</ModuleName>
      <Classes />
    </Module>
    <Module skippedDueTo="Filter" hash="BD-94-3B-40-A6-2B-E6-9E-AE-9F-64-E8-AD-A9-EC-18-CE-9D-F0-58">
      <ModulePath>C:\Windows\Microsoft.Net\assembly\GAC_MSIL\System.ServiceModel\v4.0_4.0.0.0__b77a5c561934e089\System.ServiceModel.dll</ModulePath>
      <ModuleTime>2018-07-02T08:15:20.6488187Z</ModuleTime>
      <ModuleName>System.ServiceModel</ModuleName>
      <Classes />
    </Module>
    <Module skippedDueTo="Filter" hash="BD-94-3B-40-A6-2B-E6-9E-AE-9F-64-E8-AD-A9-EC-18-CE-9D-F0-58">
      <ModulePath>C:\Windows\Microsoft.Net\assembly\GAC_MSIL\System.ServiceModel\v4.0_4.0.0.0__b77a5c561934e089\System.ServiceModel.dll</ModulePath>
      <ModuleTime>2018-07-02T08:15:20.6488187Z</ModuleTime>
      <ModuleName>System.ServiceModel</ModuleName>
      <Classes />
    </Module>
    <Module skippedDueTo="Filter" hash="">
      <ModulePath>RefEmit_InMemoryManifestModule</ModulePath>
      <ModuleTime>0001-01-01T00:00:00</ModuleTime>
      <ModuleName>Anonymously Hosted DynamicMethods Assembly</ModuleName>
      <Classes />
    </Module>
    <Module skippedDueTo="Filter" hash="8B-59-7F-E0-46-94-0E-BD-B7-02-5B-B4-71-52-59-1B-12-6F-C5-90">
      <ModulePath>C:\Windows\Microsoft.Net\assembly\GAC_MSIL\System.Xml.Linq\v4.0_4.0.0.0__b77a5c561934e089\System.Xml.Linq.dll</ModulePath>
      <ModuleTime>2018-07-02T08:15:17.4923978Z</ModuleTime>
      <ModuleName>System.Xml.Linq</ModuleName>
      <Classes />
    </Module>
  </Modules>
</CoverageSession>