<?xml version="1.0" encoding="utf-8"?>
<CoverageSession xmlns:xsd="http://www.w3.org/2001/XMLSchema" xmlns:xsi="http://www.w3.org/2001/XMLSchema-instance">
  <Summary numSequencePoints="1756" visitedSequencePoints="768" numBranchPoints="740" visitedBranchPoints="297" sequenceCoverage="43.74" branchCoverage="40.14" maxCyclomaticComplexity="22" minCyclomaticComplexity="1" visitedClasses="20" numClasses="40" visitedMethods="113" numMethods="232" />
  <Modules>
    <Module skippedDueTo="Filter" hash="0E-95-D5-01-D7-E8-8D-E0-E2-05-57-9E-0D-5C-AE-4A-97-F6-F6-B3">
      <ModulePath>C:\WINDOWS\Microsoft.Net\assembly\GAC_64\mscorlib\v4.0_4.0.0.0__b77a5c561934e089\mscorlib.dll</ModulePath>
      <ModuleTime>2018-07-27T01:04:41.3545953Z</ModuleTime>
      <ModuleName>mscorlib</ModuleName>
      <Classes />
    </Module>
    <Module skippedDueTo="Filter" hash="86-E9-3D-3D-7C-09-09-11-61-67-42-C6-1E-4B-75-FF-C4-1C-03-96">
      <ModulePath>C:\Users\Silvana\Entwicklung\Xrm-Templating-Language\packages\nunit.consolerunner\tools\nunit3-console.exe</ModulePath>
      <ModuleTime>2018-01-27T10:27:14Z</ModuleTime>
      <ModuleName>nunit3-console</ModuleName>
      <Classes />
    </Module>
    <Module skippedDueTo="Filter" hash="08-DE-EA-E1-0B-80-32-F5-3F-FB-C0-A6-E1-61-D8-B3-5E-75-1A-C4">
      <ModulePath>C:\WINDOWS\Microsoft.Net\assembly\GAC_MSIL\System\v4.0_4.0.0.0__b77a5c561934e089\System.dll</ModulePath>
      <ModuleTime>2018-07-25T03:18:11.8724221Z</ModuleTime>
      <ModuleName>System</ModuleName>
      <Classes />
    </Module>
    <Module skippedDueTo="Filter" hash="C1-08-CD-F2-59-9C-E6-0B-62-F9-09-43-74-9F-8D-57-9D-A9-93-31">
      <ModulePath>C:\Users\Silvana\Entwicklung\Xrm-Templating-Language\packages\nunit.consolerunner\tools\nunit.engine.api.dll</ModulePath>
      <ModuleTime>2018-01-27T10:27:14Z</ModuleTime>
      <ModuleName>nunit.engine.api</ModuleName>
      <Classes />
    </Module>
    <Module skippedDueTo="Filter" hash="95-2A-FF-98-B6-82-8F-7C-F0-AC-3D-56-5A-54-93-7D-3B-32-4F-7B">
      <ModulePath>C:\Users\Silvana\Entwicklung\Xrm-Templating-Language\packages\nunit.consolerunner\tools\nunit.engine.dll</ModulePath>
      <ModuleTime>2018-01-27T10:27:14Z</ModuleTime>
      <ModuleName>nunit.engine</ModuleName>
      <Classes />
    </Module>
    <Module skippedDueTo="Filter" hash="95-2A-FF-98-B6-82-8F-7C-F0-AC-3D-56-5A-54-93-7D-3B-32-4F-7B">
      <ModulePath>C:\Users\Silvana\Entwicklung\Xrm-Templating-Language\packages\nunit.consolerunner\tools\nunit.engine.dll</ModulePath>
      <ModuleTime>2018-01-27T10:27:14Z</ModuleTime>
      <ModuleName>nunit.engine</ModuleName>
      <Classes />
    </Module>
    <Module skippedDueTo="Filter" hash="F2-26-5B-FA-55-E9-5B-BC-DD-3A-32-56-2C-38-71-11-1A-8E-6D-32">
      <ModulePath>C:\WINDOWS\Microsoft.Net\assembly\GAC_MSIL\System.Xml\v4.0_4.0.0.0__b77a5c561934e089\System.Xml.dll</ModulePath>
      <ModuleTime>2018-04-11T23:35:17.0290261Z</ModuleTime>
      <ModuleName>System.Xml</ModuleName>
      <Classes />
    </Module>
    <Module skippedDueTo="Filter" hash="5D-11-B3-06-06-08-5F-E2-66-89-AE-C6-ED-96-26-D1-36-92-44-EF">
      <ModulePath>C:\WINDOWS\Microsoft.Net\assembly\GAC_64\System.Web\v4.0_4.0.0.0__b03f5f7f11d50a3a\System.Web.dll</ModulePath>
      <ModuleTime>2018-08-20T01:13:05.3055209Z</ModuleTime>
      <ModuleName>System.Web</ModuleName>
      <Classes />
    </Module>
    <Module skippedDueTo="Filter" hash="B5-2C-52-19-7F-DE-8E-1A-EE-7C-F3-4D-31-FC-77-A2-C4-49-EE-AB">
      <ModulePath>C:\WINDOWS\Microsoft.Net\assembly\GAC_MSIL\System.Runtime.Remoting\v4.0_4.0.0.0__b77a5c561934e089\System.Runtime.Remoting.dll</ModulePath>
      <ModuleTime>2018-04-11T23:35:17.0134Z</ModuleTime>
      <ModuleName>System.Runtime.Remoting</ModuleName>
      <Classes />
    </Module>
    <Module skippedDueTo="Filter" hash="2A-F4-1C-14-5D-7A-74-B3-03-8B-1D-2A-59-DC-B6-BE-1D-C8-EF-54">
      <ModulePath>C:\WINDOWS\Microsoft.Net\assembly\GAC_MSIL\System.Configuration\v4.0_4.0.0.0__b03f5f7f11d50a3a\System.Configuration.dll</ModulePath>
      <ModuleTime>2018-04-11T23:35:16.9508953Z</ModuleTime>
      <ModuleName>System.Configuration</ModuleName>
      <Classes />
    </Module>
    <Module skippedDueTo="Filter" hash="8A-2E-8F-D6-9D-39-02-4A-2F-30-FC-06-42-F7-0F-A8-32-69-07-72">
      <ModulePath>C:\Users\Silvana\Entwicklung\Xrm-Templating-Language\packages\nunit.consolerunner\tools\Mono.Cecil.dll</ModulePath>
      <ModuleTime>2018-01-27T10:27:14Z</ModuleTime>
      <ModuleName>Mono.Cecil</ModuleName>
      <Classes />
    </Module>
    <Module skippedDueTo="Filter" hash="0E-95-D5-01-D7-E8-8D-E0-E2-05-57-9E-0D-5C-AE-4A-97-F6-F6-B3">
      <ModulePath>C:\WINDOWS\Microsoft.Net\assembly\GAC_64\mscorlib\v4.0_4.0.0.0__b77a5c561934e089\mscorlib.dll</ModulePath>
      <ModuleTime>2018-07-27T01:04:41.3545953Z</ModuleTime>
      <ModuleName>mscorlib</ModuleName>
      <Classes />
    </Module>
    <Module skippedDueTo="Filter" hash="23-B3-8E-36-35-0B-BD-20-43-E0-A1-0E-D9-F4-93-5D-15-17-91-15">
      <ModulePath>C:\Users\Silvana\Entwicklung\Xrm-Templating-Language\packages\nunit.consolerunner\tools\nunit-agent.exe</ModulePath>
      <ModuleTime>2018-01-27T10:27:14Z</ModuleTime>
      <ModuleName>nunit-agent</ModuleName>
      <Classes />
    </Module>
    <Module skippedDueTo="Filter" hash="C1-08-CD-F2-59-9C-E6-0B-62-F9-09-43-74-9F-8D-57-9D-A9-93-31">
      <ModulePath>C:\Users\Silvana\Entwicklung\Xrm-Templating-Language\packages\nunit.consolerunner\tools\nunit.engine.api.dll</ModulePath>
      <ModuleTime>2018-01-27T10:27:14Z</ModuleTime>
      <ModuleName>nunit.engine.api</ModuleName>
      <Classes />
    </Module>
    <Module skippedDueTo="Filter" hash="95-2A-FF-98-B6-82-8F-7C-F0-AC-3D-56-5A-54-93-7D-3B-32-4F-7B">
      <ModulePath>C:\Users\Silvana\Entwicklung\Xrm-Templating-Language\packages\nunit.consolerunner\tools\nunit.engine.dll</ModulePath>
      <ModuleTime>2018-01-27T10:27:14Z</ModuleTime>
      <ModuleName>nunit.engine</ModuleName>
      <Classes />
    </Module>
    <Module skippedDueTo="Filter" hash="08-DE-EA-E1-0B-80-32-F5-3F-FB-C0-A6-E1-61-D8-B3-5E-75-1A-C4">
      <ModulePath>C:\WINDOWS\Microsoft.Net\assembly\GAC_MSIL\System\v4.0_4.0.0.0__b77a5c561934e089\System.dll</ModulePath>
      <ModuleTime>2018-07-25T03:18:11.8724221Z</ModuleTime>
      <ModuleName>System</ModuleName>
      <Classes />
    </Module>
    <Module skippedDueTo="Filter" hash="F2-26-5B-FA-55-E9-5B-BC-DD-3A-32-56-2C-38-71-11-1A-8E-6D-32">
      <ModulePath>C:\WINDOWS\Microsoft.Net\assembly\GAC_MSIL\System.Xml\v4.0_4.0.0.0__b77a5c561934e089\System.Xml.dll</ModulePath>
      <ModuleTime>2018-04-11T23:35:17.0290261Z</ModuleTime>
      <ModuleName>System.Xml</ModuleName>
      <Classes />
    </Module>
    <Module skippedDueTo="Filter" hash="5D-11-B3-06-06-08-5F-E2-66-89-AE-C6-ED-96-26-D1-36-92-44-EF">
      <ModulePath>C:\WINDOWS\Microsoft.Net\assembly\GAC_64\System.Web\v4.0_4.0.0.0__b03f5f7f11d50a3a\System.Web.dll</ModulePath>
      <ModuleTime>2018-08-20T01:13:05.3055209Z</ModuleTime>
      <ModuleName>System.Web</ModuleName>
      <Classes />
    </Module>
    <Module skippedDueTo="Filter" hash="B5-2C-52-19-7F-DE-8E-1A-EE-7C-F3-4D-31-FC-77-A2-C4-49-EE-AB">
      <ModulePath>C:\WINDOWS\Microsoft.Net\assembly\GAC_MSIL\System.Runtime.Remoting\v4.0_4.0.0.0__b77a5c561934e089\System.Runtime.Remoting.dll</ModulePath>
      <ModuleTime>2018-04-11T23:35:17.0134Z</ModuleTime>
      <ModuleName>System.Runtime.Remoting</ModuleName>
      <Classes />
    </Module>
    <Module skippedDueTo="Filter" hash="2A-F4-1C-14-5D-7A-74-B3-03-8B-1D-2A-59-DC-B6-BE-1D-C8-EF-54">
      <ModulePath>C:\WINDOWS\Microsoft.Net\assembly\GAC_MSIL\System.Configuration\v4.0_4.0.0.0__b03f5f7f11d50a3a\System.Configuration.dll</ModulePath>
      <ModuleTime>2018-04-11T23:35:16.9508953Z</ModuleTime>
      <ModuleName>System.Configuration</ModuleName>
      <Classes />
    </Module>
    <Module skippedDueTo="Filter" hash="0E-95-D5-01-D7-E8-8D-E0-E2-05-57-9E-0D-5C-AE-4A-97-F6-F6-B3">
      <ModulePath>C:\WINDOWS\Microsoft.Net\assembly\GAC_64\mscorlib\v4.0_4.0.0.0__b77a5c561934e089\mscorlib.dll</ModulePath>
      <ModuleTime>2018-07-27T01:04:41.3545953Z</ModuleTime>
      <ModuleName>mscorlib</ModuleName>
      <Classes />
    </Module>
    <Module skippedDueTo="Filter" hash="23-B3-8E-36-35-0B-BD-20-43-E0-A1-0E-D9-F4-93-5D-15-17-91-15">
      <ModulePath>C:\Users\Silvana\Entwicklung\Xrm-Templating-Language\packages\nunit.consolerunner\tools\nunit-agent.exe</ModulePath>
      <ModuleTime>2018-01-27T10:27:14Z</ModuleTime>
      <ModuleName>nunit-agent</ModuleName>
      <Classes />
    </Module>
    <Module skippedDueTo="Filter" hash="C1-08-CD-F2-59-9C-E6-0B-62-F9-09-43-74-9F-8D-57-9D-A9-93-31">
      <ModulePath>C:\Users\Silvana\Entwicklung\Xrm-Templating-Language\packages\nunit.consolerunner\tools\nunit.engine.api.dll</ModulePath>
      <ModuleTime>2018-01-27T10:27:14Z</ModuleTime>
      <ModuleName>nunit.engine.api</ModuleName>
      <Classes />
    </Module>
    <Module skippedDueTo="Filter" hash="95-2A-FF-98-B6-82-8F-7C-F0-AC-3D-56-5A-54-93-7D-3B-32-4F-7B">
      <ModulePath>C:\Users\Silvana\Entwicklung\Xrm-Templating-Language\packages\nunit.consolerunner\tools\nunit.engine.dll</ModulePath>
      <ModuleTime>2018-01-27T10:27:14Z</ModuleTime>
      <ModuleName>nunit.engine</ModuleName>
      <Classes />
    </Module>
    <Module skippedDueTo="Filter" hash="08-DE-EA-E1-0B-80-32-F5-3F-FB-C0-A6-E1-61-D8-B3-5E-75-1A-C4">
      <ModulePath>C:\WINDOWS\Microsoft.Net\assembly\GAC_MSIL\System\v4.0_4.0.0.0__b77a5c561934e089\System.dll</ModulePath>
      <ModuleTime>2018-07-25T03:18:11.8724221Z</ModuleTime>
      <ModuleName>System</ModuleName>
      <Classes />
    </Module>
    <Module skippedDueTo="Filter" hash="F2-26-5B-FA-55-E9-5B-BC-DD-3A-32-56-2C-38-71-11-1A-8E-6D-32">
      <ModulePath>C:\WINDOWS\Microsoft.Net\assembly\GAC_MSIL\System.Xml\v4.0_4.0.0.0__b77a5c561934e089\System.Xml.dll</ModulePath>
      <ModuleTime>2018-04-11T23:35:17.0290261Z</ModuleTime>
      <ModuleName>System.Xml</ModuleName>
      <Classes />
    </Module>
    <Module skippedDueTo="Filter" hash="5D-11-B3-06-06-08-5F-E2-66-89-AE-C6-ED-96-26-D1-36-92-44-EF">
      <ModulePath>C:\WINDOWS\Microsoft.Net\assembly\GAC_64\System.Web\v4.0_4.0.0.0__b03f5f7f11d50a3a\System.Web.dll</ModulePath>
      <ModuleTime>2018-08-20T01:13:05.3055209Z</ModuleTime>
      <ModuleName>System.Web</ModuleName>
      <Classes />
    </Module>
    <Module skippedDueTo="Filter" hash="B5-2C-52-19-7F-DE-8E-1A-EE-7C-F3-4D-31-FC-77-A2-C4-49-EE-AB">
      <ModulePath>C:\WINDOWS\Microsoft.Net\assembly\GAC_MSIL\System.Runtime.Remoting\v4.0_4.0.0.0__b77a5c561934e089\System.Runtime.Remoting.dll</ModulePath>
      <ModuleTime>2018-04-11T23:35:17.0134Z</ModuleTime>
      <ModuleName>System.Runtime.Remoting</ModuleName>
      <Classes />
    </Module>
    <Module skippedDueTo="Filter" hash="2A-F4-1C-14-5D-7A-74-B3-03-8B-1D-2A-59-DC-B6-BE-1D-C8-EF-54">
      <ModulePath>C:\WINDOWS\Microsoft.Net\assembly\GAC_MSIL\System.Configuration\v4.0_4.0.0.0__b03f5f7f11d50a3a\System.Configuration.dll</ModulePath>
      <ModuleTime>2018-04-11T23:35:16.9508953Z</ModuleTime>
      <ModuleName>System.Configuration</ModuleName>
      <Classes />
    </Module>
    <Module skippedDueTo="Filter" hash="8A-2E-8F-D6-9D-39-02-4A-2F-30-FC-06-42-F7-0F-A8-32-69-07-72">
      <ModulePath>C:\Users\Silvana\Entwicklung\Xrm-Templating-Language\packages\nunit.consolerunner\tools\Mono.Cecil.dll</ModulePath>
      <ModuleTime>2018-01-27T10:27:14Z</ModuleTime>
      <ModuleName>Mono.Cecil</ModuleName>
      <Classes />
    </Module>
    <Module skippedDueTo="Filter" hash="A7-9F-41-2F-47-0F-3E-C7-DD-99-9E-73-7D-AF-41-93-23-DC-2B-18">
      <ModulePath>C:\Users\Silvana\Entwicklung\Xrm-Templating-Language\test\nunit.framework.dll</ModulePath>
      <ModuleTime>2017-11-10T12:00:24Z</ModuleTime>
      <ModuleName>nunit.framework</ModuleName>
      <Classes />
    </Module>
    <Module skippedDueTo="Filter" hash="08-DE-EA-E1-0B-80-32-F5-3F-FB-C0-A6-E1-61-D8-B3-5E-75-1A-C4">
      <ModulePath>C:\WINDOWS\Microsoft.Net\assembly\GAC_MSIL\System\v4.0_4.0.0.0__b77a5c561934e089\System.dll</ModulePath>
      <ModuleTime>2018-07-25T03:18:11.8724221Z</ModuleTime>
      <ModuleName>System</ModuleName>
      <Classes />
    </Module>
    <Module skippedDueTo="Filter" hash="8A-A3-7C-51-36-22-C7-D2-9D-0E-92-82-67-4D-3C-F3-60-CF-41-6A">
      <ModulePath>C:\WINDOWS\Microsoft.Net\assembly\GAC_MSIL\System.Core\v4.0_4.0.0.0__b77a5c561934e089\System.Core.dll</ModulePath>
      <ModuleTime>2018-08-20T01:13:07.9616856Z</ModuleTime>
      <ModuleName>System.Core</ModuleName>
      <Classes />
    </Module>
    <Module skippedDueTo="Filter" hash="5D-11-B3-06-06-08-5F-E2-66-89-AE-C6-ED-96-26-D1-36-92-44-EF">
      <ModulePath>C:\WINDOWS\Microsoft.Net\assembly\GAC_64\System.Web\v4.0_4.0.0.0__b03f5f7f11d50a3a\System.Web.dll</ModulePath>
      <ModuleTime>2018-08-20T01:13:05.3055209Z</ModuleTime>
      <ModuleName>System.Web</ModuleName>
      <Classes />
    </Module>
    <Module skippedDueTo="Filter" hash="C1-A5-F3-53-24-94-3B-10-A5-CC-52-E9-58-0C-E0-41-41-30-FA-7F">
      <ModulePath>C:\Users\Silvana\Entwicklung\Xrm-Templating-Language\test\Xrm.Oss.XTL.Templating.Tests.dll</ModulePath>
      <ModuleTime>2018-09-06T21:28:45.2228741Z</ModuleTime>
      <ModuleName>Xrm.Oss.XTL.Templating.Tests</ModuleName>
      <Classes />
    </Module>
    <Module skippedDueTo="Filter" hash="8A-2E-8F-D6-9D-39-02-4A-2F-30-FC-06-42-F7-0F-A8-32-69-07-72">
      <ModulePath>C:\Users\Silvana\Entwicklung\Xrm-Templating-Language\packages\nunit.consolerunner\tools\Mono.Cecil.dll</ModulePath>
      <ModuleTime>2018-01-27T10:27:14Z</ModuleTime>
      <ModuleName>Mono.Cecil</ModuleName>
      <Classes />
    </Module>
    <Module skippedDueTo="Filter" hash="A7-9F-41-2F-47-0F-3E-C7-DD-99-9E-73-7D-AF-41-93-23-DC-2B-18">
      <ModulePath>C:\Users\Silvana\Entwicklung\Xrm-Templating-Language\test\nunit.framework.dll</ModulePath>
      <ModuleTime>2017-11-10T12:00:24Z</ModuleTime>
      <ModuleName>nunit.framework</ModuleName>
      <Classes />
    </Module>
    <Module skippedDueTo="Filter" hash="08-DE-EA-E1-0B-80-32-F5-3F-FB-C0-A6-E1-61-D8-B3-5E-75-1A-C4">
      <ModulePath>C:\WINDOWS\Microsoft.Net\assembly\GAC_MSIL\System\v4.0_4.0.0.0__b77a5c561934e089\System.dll</ModulePath>
      <ModuleTime>2018-07-25T03:18:11.8724221Z</ModuleTime>
      <ModuleName>System</ModuleName>
      <Classes />
    </Module>
    <Module skippedDueTo="Filter" hash="8A-A3-7C-51-36-22-C7-D2-9D-0E-92-82-67-4D-3C-F3-60-CF-41-6A">
      <ModulePath>C:\WINDOWS\Microsoft.Net\assembly\GAC_MSIL\System.Core\v4.0_4.0.0.0__b77a5c561934e089\System.Core.dll</ModulePath>
      <ModuleTime>2018-08-20T01:13:07.9616856Z</ModuleTime>
      <ModuleName>System.Core</ModuleName>
      <Classes />
    </Module>
    <Module skippedDueTo="Filter" hash="5D-11-B3-06-06-08-5F-E2-66-89-AE-C6-ED-96-26-D1-36-92-44-EF">
      <ModulePath>C:\WINDOWS\Microsoft.Net\assembly\GAC_64\System.Web\v4.0_4.0.0.0__b03f5f7f11d50a3a\System.Web.dll</ModulePath>
      <ModuleTime>2018-08-20T01:13:05.3055209Z</ModuleTime>
      <ModuleName>System.Web</ModuleName>
      <Classes />
    </Module>
    <Module skippedDueTo="Filter" hash="EA-44-E2-3C-05-3A-19-11-ED-3C-A8-D5-7D-69-22-B9-C3-C6-49-2C">
      <ModulePath>C:\Users\Silvana\Entwicklung\Xrm-Templating-Language\test\Xrm.Oss.XTL.Interpreter.Tests.dll</ModulePath>
      <ModuleTime>2018-09-06T21:28:40.3629413Z</ModuleTime>
      <ModuleName>Xrm.Oss.XTL.Interpreter.Tests</ModuleName>
      <Classes />
    </Module>
    <Module skippedDueTo="Filter" hash="F2-26-5B-FA-55-E9-5B-BC-DD-3A-32-56-2C-38-71-11-1A-8E-6D-32">
      <ModulePath>C:\WINDOWS\Microsoft.Net\assembly\GAC_MSIL\System.Xml\v4.0_4.0.0.0__b77a5c561934e089\System.Xml.dll</ModulePath>
      <ModuleTime>2018-04-11T23:35:17.0290261Z</ModuleTime>
      <ModuleName>System.Xml</ModuleName>
      <Classes />
    </Module>
    <Module skippedDueTo="Filter" hash="74-AA-64-E8-77-FA-A1-E0-59-74-C6-09-A8-9F-75-82-A5-1C-E0-54">
      <ModulePath>C:\Users\Silvana\Entwicklung\Xrm-Templating-Language\test\FakeXrmEasy.dll</ModulePath>
      <ModuleTime>2018-02-22T23:18:08Z</ModuleTime>
      <ModuleName>FakeXrmEasy</ModuleName>
      <Classes />
    </Module>
    <Module skippedDueTo="Filter" hash="9B-E3-D9-29-B0-95-86-9B-CB-E3-56-CE-B8-86-E3-8A-E9-45-C1-A2">
      <ModulePath>C:\Users\Silvana\Entwicklung\Xrm-Templating-Language\test\Microsoft.Xrm.Sdk.dll</ModulePath>
      <ModuleTime>2016-12-21T12:48:06Z</ModuleTime>
      <ModuleName>Microsoft.Xrm.Sdk</ModuleName>
      <Classes />
    </Module>
    <Module skippedDueTo="Filter" hash="F2-26-5B-FA-55-E9-5B-BC-DD-3A-32-56-2C-38-71-11-1A-8E-6D-32">
      <ModulePath>C:\WINDOWS\Microsoft.Net\assembly\GAC_MSIL\System.Xml\v4.0_4.0.0.0__b77a5c561934e089\System.Xml.dll</ModulePath>
      <ModuleTime>2018-04-11T23:35:17.0290261Z</ModuleTime>
      <ModuleName>System.Xml</ModuleName>
      <Classes />
    </Module>
    <Module skippedDueTo="Filter" hash="C4-7C-C3-38-36-0B-B8-36-6C-A0-A6-C1-5B-BD-AB-0E-53-93-02-31">
      <ModulePath>C:\WINDOWS\Microsoft.Net\assembly\GAC_MSIL\System.Runtime.Serialization\v4.0_4.0.0.0__b77a5c561934e089\System.Runtime.Serialization.dll</ModulePath>
      <ModuleTime>2018-08-20T01:13:08.6022903Z</ModuleTime>
      <ModuleName>System.Runtime.Serialization</ModuleName>
      <Classes />
    </Module>
    <Module skippedDueTo="Filter" hash="09-72-34-BF-0B-28-CE-0D-6D-94-63-4C-88-44-64-06-6A-BE-AA-3F">
      <ModulePath>C:\WINDOWS\Microsoft.Net\assembly\GAC_MSIL\System.Activities\v4.0_4.0.0.0__31bf3856ad364e35\System.Activities.dll</ModulePath>
      <ModuleTime>2018-08-20T01:13:06.336737Z</ModuleTime>
      <ModuleName>System.Activities</ModuleName>
      <Classes />
    </Module>
    <Module skippedDueTo="Filter" hash="74-AA-64-E8-77-FA-A1-E0-59-74-C6-09-A8-9F-75-82-A5-1C-E0-54">
      <ModulePath>C:\Users\Silvana\Entwicklung\Xrm-Templating-Language\test\FakeXrmEasy.dll</ModulePath>
      <ModuleTime>2018-02-22T23:18:08Z</ModuleTime>
      <ModuleName>FakeXrmEasy</ModuleName>
      <Classes />
    </Module>
    <Module skippedDueTo="Filter" hash="9B-E3-D9-29-B0-95-86-9B-CB-E3-56-CE-B8-86-E3-8A-E9-45-C1-A2">
      <ModulePath>C:\Users\Silvana\Entwicklung\Xrm-Templating-Language\test\Microsoft.Xrm.Sdk.dll</ModulePath>
      <ModuleTime>2016-12-21T12:48:06Z</ModuleTime>
      <ModuleName>Microsoft.Xrm.Sdk</ModuleName>
      <Classes />
    </Module>
    <Module skippedDueTo="Filter" hash="C4-7C-C3-38-36-0B-B8-36-6C-A0-A6-C1-5B-BD-AB-0E-53-93-02-31">
      <ModulePath>C:\WINDOWS\Microsoft.Net\assembly\GAC_MSIL\System.Runtime.Serialization\v4.0_4.0.0.0__b77a5c561934e089\System.Runtime.Serialization.dll</ModulePath>
      <ModuleTime>2018-08-20T01:13:08.6022903Z</ModuleTime>
      <ModuleName>System.Runtime.Serialization</ModuleName>
      <Classes />
    </Module>
    <Module skippedDueTo="Filter" hash="09-72-34-BF-0B-28-CE-0D-6D-94-63-4C-88-44-64-06-6A-BE-AA-3F">
      <ModulePath>C:\WINDOWS\Microsoft.Net\assembly\GAC_MSIL\System.Activities\v4.0_4.0.0.0__31bf3856ad364e35\System.Activities.dll</ModulePath>
      <ModuleTime>2018-08-20T01:13:06.336737Z</ModuleTime>
      <ModuleName>System.Activities</ModuleName>
      <Classes />
    </Module>
    <Module hash="63-85-4E-3D-20-58-B2-00-FD-DB-16-60-F8-1A-D1-88-06-C1-16-5E">
      <Summary numSequencePoints="878" visitedSequencePoints="768" numBranchPoints="370" visitedBranchPoints="297" sequenceCoverage="87.47" branchCoverage="80.27" maxCyclomaticComplexity="22" minCyclomaticComplexity="1" visitedClasses="20" numClasses="20" visitedMethods="113" numMethods="116" />
      <ModulePath>C:\Users\Silvana\Entwicklung\Xrm-Templating-Language\test\Xrm.Oss.XTL.Templating.dll</ModulePath>
      <ModuleTime>2018-09-06T21:27:14.8536186Z</ModuleTime>
      <ModuleName>Xrm.Oss.XTL.Templating</ModuleName>
      <Files>
        <File uid="1" fullPath="C:\Users\Silvana\Entwicklung\Xrm-Templating-Language\src\lib\Xrm.Oss.XTL.Interpreter\DataRetriever.cs" />
        <File uid="3" fullPath="C:\Users\Silvana\Entwicklung\Xrm-Templating-Language\src\lib\Xrm.Oss.XTL.Interpreter\FunctionHandlers.cs" />
        <File uid="15" fullPath="C:\Users\Silvana\Entwicklung\Xrm-Templating-Language\src\lib\Xrm.Oss.XTL.Interpreter\PropertyStringifier.cs" />
        <File uid="17" fullPath="C:\Users\Silvana\Entwicklung\Xrm-Templating-Language\src\lib\Xrm.Oss.XTL.Interpreter\ValueExpression.cs" />
        <File uid="24" fullPath="C:\Users\Silvana\Entwicklung\Xrm-Templating-Language\src\lib\Xrm.Oss.XTL.Interpreter\XTLInterpreter.cs" />
        <File uid="27" fullPath="C:\Users\Silvana\Entwicklung\Xrm-Templating-Language\src\plugin\Xrm.Oss.XTL.Templating\OrganizationConfig.cs" />
        <File uid="29" fullPath="C:\Users\Silvana\Entwicklung\Xrm-Templating-Language\src\plugin\Xrm.Oss.XTL.Templating\PersistentTracingService.cs" />
        <File uid="31" fullPath="C:\Users\Silvana\Entwicklung\Xrm-Templating-Language\src\plugin\Xrm.Oss.XTL.Templating\ProcessingResult.cs" />
        <File uid="33" fullPath="C:\Users\Silvana\Entwicklung\Xrm-Templating-Language\src\plugin\Xrm.Oss.XTL.Templating\ProcessorConfig.cs" />
        <File uid="35" fullPath="C:\Users\Silvana\Entwicklung\Xrm-Templating-Language\src\plugin\Xrm.Oss.XTL.Templating\XTLProcessor.cs" />
      </Files>
      <Classes>
        <Class>
          <Summary numSequencePoints="0" visitedSequencePoints="0" numBranchPoints="0" visitedBranchPoints="0" sequenceCoverage="0" branchCoverage="0" maxCyclomaticComplexity="0" minCyclomaticComplexity="0" visitedClasses="0" numClasses="0" visitedMethods="0" numMethods="0" />
          <FullName>&lt;Module&gt;</FullName>
          <Methods />
        </Class>
        <Class>
          <Summary numSequencePoints="0" visitedSequencePoints="0" numBranchPoints="0" visitedBranchPoints="0" sequenceCoverage="0" branchCoverage="0" maxCyclomaticComplexity="7" minCyclomaticComplexity="1" visitedClasses="0" numClasses="0" visitedMethods="0" numMethods="0" />
          <FullName>&lt;&gt;f__AnonymousType0`2</FullName>
          <Methods>
            <Method visited="true" cyclomaticComplexity="1" nPathComplexity="0" sequenceCoverage="0" branchCoverage="0" isConstructor="false" isStatic="false" isGetter="true" isSetter="false">
              <Summary numSequencePoints="0" visitedSequencePoints="0" numBranchPoints="0" visitedBranchPoints="0" sequenceCoverage="0" branchCoverage="0" maxCyclomaticComplexity="1" minCyclomaticComplexity="1" visitedClasses="0" numClasses="0" visitedMethods="0" numMethods="0" />
              <MetadataToken>100663297</MetadataToken>
              <Name>&lt;Id&gt;j__TPar &lt;&gt;f__AnonymousType0`2::get_Id()</Name>
              <SequencePoints />
              <BranchPoints />
              <MethodPoint vc="4" uspid="2" ordinal="0" offset="0" />
            </Method>
            <Method visited="true" cyclomaticComplexity="1" nPathComplexity="0" sequenceCoverage="0" branchCoverage="0" isConstructor="false" isStatic="false" isGetter="true" isSetter="false">
              <Summary numSequencePoints="0" visitedSequencePoints="0" numBranchPoints="0" visitedBranchPoints="0" sequenceCoverage="0" branchCoverage="0" maxCyclomaticComplexity="1" minCyclomaticComplexity="1" visitedClasses="0" numClasses="0" visitedMethods="0" numMethods="0" />
              <MetadataToken>100663298</MetadataToken>
              <Name>&lt;LogicalName&gt;j__TPar &lt;&gt;f__AnonymousType0`2::get_LogicalName()</Name>
              <SequencePoints />
              <BranchPoints />
              <MethodPoint vc="4" uspid="3" ordinal="0" offset="0" />
            </Method>
            <Method visited="true" cyclomaticComplexity="1" nPathComplexity="0" sequenceCoverage="0" branchCoverage="0" isConstructor="true" isStatic="false" isGetter="false" isSetter="false">
              <Summary numSequencePoints="0" visitedSequencePoints="0" numBranchPoints="0" visitedBranchPoints="0" sequenceCoverage="0" branchCoverage="0" maxCyclomaticComplexity="1" minCyclomaticComplexity="1" visitedClasses="0" numClasses="0" visitedMethods="0" numMethods="0" />
              <MetadataToken>100663299</MetadataToken>
              <Name>System.Void &lt;&gt;f__AnonymousType0`2::.ctor(&lt;Id&gt;j__TPar,&lt;LogicalName&gt;j__TPar)</Name>
              <SequencePoints />
              <BranchPoints />
              <MethodPoint vc="4" uspid="4" ordinal="0" offset="0" />
            </Method>
            <Method visited="false" cyclomaticComplexity="3" nPathComplexity="0" sequenceCoverage="0" branchCoverage="0" isConstructor="false" isStatic="false" isGetter="false" isSetter="false">
              <Summary numSequencePoints="0" visitedSequencePoints="0" numBranchPoints="0" visitedBranchPoints="0" sequenceCoverage="0" branchCoverage="0" maxCyclomaticComplexity="3" minCyclomaticComplexity="3" visitedClasses="0" numClasses="0" visitedMethods="0" numMethods="0" />
              <MetadataToken>100663300</MetadataToken>
              <Name>System.Boolean &lt;&gt;f__AnonymousType0`2::Equals(System.Object)</Name>
              <SequencePoints />
              <BranchPoints />
              <MethodPoint vc="0" uspid="5" ordinal="0" offset="0" />
            </Method>
            <Method visited="false" cyclomaticComplexity="1" nPathComplexity="0" sequenceCoverage="0" branchCoverage="0" isConstructor="false" isStatic="false" isGetter="false" isSetter="false">
              <Summary numSequencePoints="0" visitedSequencePoints="0" numBranchPoints="0" visitedBranchPoints="0" sequenceCoverage="0" branchCoverage="0" maxCyclomaticComplexity="1" minCyclomaticComplexity="1" visitedClasses="0" numClasses="0" visitedMethods="0" numMethods="0" />
              <MetadataToken>100663301</MetadataToken>
              <Name>System.Int32 &lt;&gt;f__AnonymousType0`2::GetHashCode()</Name>
              <SequencePoints />
              <BranchPoints />
              <MethodPoint vc="0" uspid="9" ordinal="0" offset="0" />
            </Method>
            <Method visited="false" cyclomaticComplexity="7" nPathComplexity="0" sequenceCoverage="0" branchCoverage="0" isConstructor="false" isStatic="false" isGetter="false" isSetter="false">
              <Summary numSequencePoints="0" visitedSequencePoints="0" numBranchPoints="0" visitedBranchPoints="0" sequenceCoverage="0" branchCoverage="0" maxCyclomaticComplexity="7" minCyclomaticComplexity="7" visitedClasses="0" numClasses="0" visitedMethods="0" numMethods="0" />
              <MetadataToken>100663302</MetadataToken>
              <Name>System.String &lt;&gt;f__AnonymousType0`2::ToString()</Name>
              <SequencePoints />
              <BranchPoints />
              <MethodPoint vc="0" uspid="11" ordinal="0" offset="0" />
            </Method>
          </Methods>
        </Class>
        <Class>
          <Summary numSequencePoints="23" visitedSequencePoints="23" numBranchPoints="9" visitedBranchPoints="9" sequenceCoverage="100" branchCoverage="100" maxCyclomaticComplexity="9" minCyclomaticComplexity="9" visitedClasses="1" numClasses="1" visitedMethods="1" numMethods="1" />
          <FullName>Xrm.Oss.XTL.Interpreter.DataRetriever</FullName>
          <Methods>
            <Method visited="true" cyclomaticComplexity="9" nPathComplexity="16" sequenceCoverage="100" branchCoverage="100" isConstructor="false" isStatic="true" isGetter="false" isSetter="false">
              <Summary numSequencePoints="23" visitedSequencePoints="23" numBranchPoints="9" visitedBranchPoints="9" sequenceCoverage="100" branchCoverage="100" maxCyclomaticComplexity="9" minCyclomaticComplexity="9" visitedClasses="0" numClasses="0" visitedMethods="1" numMethods="1" />
              <MetadataToken>100663303</MetadataToken>
              <Name>Xrm.Oss.XTL.Interpreter.ValueExpression Xrm.Oss.XTL.Interpreter.DataRetriever::ResolveTokenValue(System.String,Microsoft.Xrm.Sdk.Entity,Microsoft.Xrm.Sdk.IOrganizationService)</Name>
              <FileRef uid="1" />
              <SequencePoints>
                <SequencePoint vc="69" uspid="14" ordinal="0" offset="0" sl="12" sc="9" el="12" ec="10" bec="0" bev="0" fileid="1" />
                <SequencePoint vc="69" uspid="19" ordinal="1" offset="1" sl="13" sc="13" el="13" ec="60" bec="0" bev="0" fileid="1" />
                <SequencePoint vc="69" uspid="22" ordinal="2" offset="24" sl="14" sc="13" el="14" ec="41" bec="0" bev="0" fileid="1" />
                <SequencePoint vc="69" uspid="23" ordinal="3" offset="26" sl="15" sc="13" el="15" ec="42" bec="0" bev="0" fileid="1" />
                <SequencePoint vc="71" uspid="25" ordinal="4" offset="28" sl="18" sc="13" el="18" ec="14" bec="0" bev="0" fileid="1" />
                <SequencePoint vc="71" uspid="27" ordinal="5" offset="29" sl="19" sc="17" el="19" ec="51" bec="0" bev="0" fileid="1" />
                <SequencePoint vc="71" uspid="29" ordinal="6" offset="36" sl="20" sc="17" el="20" ec="91" bec="0" bev="0" fileid="1" />
                <SequencePoint vc="71" uspid="31" ordinal="7" offset="45" sl="22" sc="17" el="22" ec="43" bec="2" bev="2" fileid="1" />
                <SequencePoint vc="12" uspid="33" ordinal="8" offset="56" sl="23" sc="17" el="23" ec="18" bec="0" bev="0" fileid="1" />
                <SequencePoint vc="12" uspid="34" ordinal="9" offset="57" sl="24" sc="21" el="24" ec="54" bec="0" bev="0" fileid="1" />
                <SequencePoint vc="59" uspid="36" ordinal="10" offset="70" sl="27" sc="17" el="27" ec="72" bec="0" bev="0" fileid="1" />
                <SequencePoint vc="59" uspid="37" ordinal="11" offset="79" sl="28" sc="17" el="28" ec="69" bec="2" bev="2" fileid="1" />
                <SequencePoint vc="59" uspid="40" ordinal="12" offset="99" sl="30" sc="17" el="30" ec="95" bec="2" bev="2" fileid="1" />
                <SequencePoint vc="57" uspid="43" ordinal="13" offset="124" sl="31" sc="17" el="31" ec="18" bec="0" bev="0" fileid="1" />
                <SequencePoint vc="57" uspid="45" ordinal="14" offset="125" sl="32" sc="21" el="32" ec="124" bec="0" bev="0" fileid="1" />
                <SequencePoint vc="57" uspid="49" ordinal="15" offset="140" sl="33" sc="17" el="33" ec="18" bec="0" bev="0" fileid="1" />
                <SequencePoint vc="2" uspid="52" ordinal="16" offset="143" sl="35" sc="17" el="35" ec="18" bec="0" bev="0" fileid="1" />
                <SequencePoint vc="2" uspid="53" ordinal="17" offset="144" sl="36" sc="21" el="36" ec="129" bec="0" bev="0" fileid="1" />
                <SequencePoint vc="2" uspid="54" ordinal="18" offset="181" sl="37" sc="17" el="37" ec="18" bec="0" bev="0" fileid="1" />
                <SequencePoint vc="59" uspid="55" ordinal="19" offset="182" sl="38" sc="13" el="38" ec="14" bec="0" bev="0" fileid="1" />
                <SequencePoint vc="59" uspid="56" ordinal="20" offset="183" sl="38" sc="15" el="38" ec="38" bec="2" bev="2" fileid="1" />
                <SequencePoint vc="57" uspid="57" ordinal="21" offset="201" sl="40" sc="13" el="40" ec="26" bec="0" bev="0" fileid="1" />
                <SequencePoint vc="69" uspid="58" ordinal="22" offset="206" sl="41" sc="9" el="41" ec="10" bec="0" bev="0" fileid="1" />
              </SequencePoints>
              <BranchPoints>
                <BranchPoint vc="12" uspid="60" ordinal="0" offset="54" sl="22" path="0" offsetend="56" fileid="1" />
                <BranchPoint vc="59" uspid="62" ordinal="1" offset="54" sl="22" path="1" offsetend="70" fileid="1" />
                <BranchPoint vc="57" uspid="65" ordinal="2" offset="86" sl="28" path="0" offsetend="88" fileid="1" />
                <BranchPoint vc="2" uspid="66" ordinal="3" offset="86" sl="28" path="1" offsetend="91" fileid="1" />
                <BranchPoint vc="57" uspid="75" ordinal="8" offset="122" sl="30" path="0" offsetend="124" fileid="1" />
                <BranchPoint vc="2" uspid="76" ordinal="9" offset="122" sl="30" path="1" offsetend="143" fileid="1" />
                <BranchPoint vc="57" uspid="81" ordinal="10" offset="196" sl="38" path="0" offsetend="201" fileid="1" />
                <BranchPoint vc="2" uspid="82" ordinal="11" offset="196" sl="38" path="1" offsetend="28" fileid="1" />
              </BranchPoints>
              <MethodPoint xsi:type="SequencePoint" vc="69" uspid="14" ordinal="0" offset="0" sl="12" sc="9" el="12" ec="10" bec="0" bev="0" fileid="1" />
            </Method>
          </Methods>
        </Class>
        <Class>
          <Summary numSequencePoints="29" visitedSequencePoints="29" numBranchPoints="4" visitedBranchPoints="4" sequenceCoverage="100" branchCoverage="100" maxCyclomaticComplexity="2" minCyclomaticComplexity="1" visitedClasses="1" numClasses="1" visitedMethods="2" numMethods="2" />
          <FullName>Xrm.Oss.XTL.Interpreter.FunctionHandlers</FullName>
          <Methods>
            <Method visited="true" cyclomaticComplexity="2" nPathComplexity="2" sequenceCoverage="100" branchCoverage="100" isConstructor="false" isStatic="true" isGetter="false" isSetter="false">
              <Summary numSequencePoints="6" visitedSequencePoints="6" numBranchPoints="3" visitedBranchPoints="3" sequenceCoverage="100" branchCoverage="100" maxCyclomaticComplexity="2" minCyclomaticComplexity="2" visitedClasses="0" numClasses="0" visitedMethods="1" numMethods="1" />
              <MetadataToken>100663304</MetadataToken>
              <Name>T Xrm.Oss.XTL.Interpreter.FunctionHandlers::CheckedCast(System.Object,System.String)</Name>
              <FileRef uid="3" />
              <SequencePoints>
                <SequencePoint vc="4" uspid="83" ordinal="0" offset="0" sl="551" sc="9" el="551" ec="10" bec="0" bev="0" fileid="3" />
                <SequencePoint vc="4" uspid="84" ordinal="1" offset="1" sl="552" sc="13" el="552" ec="31" bec="2" bev="2" fileid="3" />
                <SequencePoint vc="1" uspid="85" ordinal="2" offset="17" sl="553" sc="13" el="553" ec="14" bec="0" bev="0" fileid="3" />
                <SequencePoint vc="1" uspid="86" ordinal="3" offset="18" sl="554" sc="17" el="554" ec="73" bec="0" bev="0" fileid="3" />
                <SequencePoint vc="3" uspid="87" ordinal="4" offset="25" sl="557" sc="13" el="557" ec="29" bec="0" bev="0" fileid="3" />
                <SequencePoint vc="3" uspid="94" ordinal="5" offset="34" sl="558" sc="9" el="558" ec="10" bec="0" bev="0" fileid="3" />
              </SequencePoints>
              <BranchPoints>
                <BranchPoint vc="1" uspid="95" ordinal="0" offset="15" sl="552" path="0" offsetend="17" fileid="3" />
                <BranchPoint vc="3" uspid="96" ordinal="1" offset="15" sl="552" path="1" offsetend="25" fileid="3" />
              </BranchPoints>
              <MethodPoint xsi:type="SequencePoint" vc="4" uspid="83" ordinal="0" offset="0" sl="551" sc="9" el="551" ec="10" bec="0" bev="0" fileid="3" />
            </Method>
            <Method visited="true" cyclomaticComplexity="1" nPathComplexity="0" sequenceCoverage="100" branchCoverage="100" isConstructor="true" isStatic="true" isGetter="false" isSetter="false">
              <Summary numSequencePoints="23" visitedSequencePoints="23" numBranchPoints="1" visitedBranchPoints="1" sequenceCoverage="100" branchCoverage="100" maxCyclomaticComplexity="1" minCyclomaticComplexity="1" visitedClasses="0" numClasses="0" visitedMethods="1" numMethods="1" />
              <MetadataToken>100663305</MetadataToken>
              <Name>System.Void Xrm.Oss.XTL.Interpreter.FunctionHandlers::.cctor()</Name>
              <FileRef uid="3" />
              <SequencePoints>
                <SequencePoint vc="2" uspid="97" ordinal="0" offset="0" sl="17" sc="9" el="29" ec="11" bec="0" bev="0" fileid="3" />
                <SequencePoint vc="2" uspid="98" ordinal="1" offset="21" sl="31" sc="9" el="46" ec="11" bec="0" bev="0" fileid="3" />
                <SequencePoint vc="2" uspid="99" ordinal="2" offset="42" sl="48" sc="9" el="63" ec="11" bec="0" bev="0" fileid="3" />
                <SequencePoint vc="2" uspid="100" ordinal="3" offset="63" sl="65" sc="9" el="126" ec="11" bec="0" bev="0" fileid="3" />
                <SequencePoint vc="2" uspid="101" ordinal="4" offset="84" sl="128" sc="9" el="146" ec="11" bec="0" bev="0" fileid="3" />
                <SequencePoint vc="2" uspid="102" ordinal="5" offset="105" sl="148" sc="9" el="166" ec="11" bec="0" bev="0" fileid="3" />
                <SequencePoint vc="2" uspid="103" ordinal="6" offset="126" sl="168" sc="9" el="178" ec="11" bec="0" bev="0" fileid="3" />
                <SequencePoint vc="2" uspid="104" ordinal="7" offset="147" sl="180" sc="9" el="204" ec="11" bec="0" bev="0" fileid="3" />
                <SequencePoint vc="2" uspid="105" ordinal="8" offset="168" sl="206" sc="9" el="214" ec="11" bec="0" bev="0" fileid="3" />
                <SequencePoint vc="2" uspid="106" ordinal="9" offset="189" sl="216" sc="9" el="256" ec="11" bec="0" bev="0" fileid="3" />
                <SequencePoint vc="2" uspid="107" ordinal="10" offset="210" sl="258" sc="9" el="269" ec="11" bec="0" bev="0" fileid="3" />
                <SequencePoint vc="2" uspid="108" ordinal="11" offset="231" sl="271" sc="9" el="364" ec="11" bec="0" bev="0" fileid="3" />
                <SequencePoint vc="2" uspid="109" ordinal="12" offset="252" sl="366" sc="9" el="451" ec="11" bec="0" bev="0" fileid="3" />
                <SequencePoint vc="2" uspid="110" ordinal="13" offset="273" sl="453" sc="9" el="494" ec="11" bec="0" bev="0" fileid="3" />
                <SequencePoint vc="2" uspid="111" ordinal="14" offset="294" sl="496" sc="9" el="531" ec="11" bec="0" bev="0" fileid="3" />
                <SequencePoint vc="2" uspid="112" ordinal="15" offset="315" sl="533" sc="9" el="536" ec="11" bec="0" bev="0" fileid="3" />
                <SequencePoint vc="2" uspid="113" ordinal="16" offset="336" sl="538" sc="9" el="548" ec="11" bec="0" bev="0" fileid="3" />
                <SequencePoint vc="2" uspid="114" ordinal="17" offset="357" sl="560" sc="9" el="578" ec="11" bec="0" bev="0" fileid="3" />
                <SequencePoint vc="2" uspid="115" ordinal="18" offset="378" sl="580" sc="9" el="594" ec="11" bec="0" bev="0" fileid="3" />
                <SequencePoint vc="2" uspid="116" ordinal="19" offset="399" sl="596" sc="9" el="599" ec="11" bec="0" bev="0" fileid="3" />
                <SequencePoint vc="2" uspid="117" ordinal="20" offset="420" sl="601" sc="9" el="605" ec="11" bec="0" bev="0" fileid="3" />
                <SequencePoint vc="2" uspid="118" ordinal="21" offset="441" sl="607" sc="9" el="611" ec="11" bec="0" bev="0" fileid="3" />
                <SequencePoint vc="2" uspid="119" ordinal="22" offset="462" sl="613" sc="9" el="635" ec="11" bec="0" bev="0" fileid="3" />
              </SequencePoints>
              <BranchPoints />
              <MethodPoint xsi:type="SequencePoint" vc="2" uspid="97" ordinal="0" offset="0" sl="17" sc="9" el="29" ec="11" bec="0" bev="0" fileid="3" />
            </Method>
          </Methods>
        </Class>
        <Class>
          <Summary numSequencePoints="2" visitedSequencePoints="2" numBranchPoints="2" visitedBranchPoints="2" sequenceCoverage="100" branchCoverage="100" maxCyclomaticComplexity="1" minCyclomaticComplexity="1" visitedClasses="1" numClasses="1" visitedMethods="2" numMethods="2" />
          <FullName>Xrm.Oss.XTL.Interpreter.FunctionHandlers/&lt;&gt;c__DisplayClass24_0</FullName>
          <Methods>
            <Method visited="true" cyclomaticComplexity="1" nPathComplexity="0" sequenceCoverage="0" branchCoverage="0" isConstructor="true" isStatic="false" isGetter="false" isSetter="false">
              <Summary numSequencePoints="0" visitedSequencePoints="0" numBranchPoints="0" visitedBranchPoints="0" sequenceCoverage="0" branchCoverage="0" maxCyclomaticComplexity="1" minCyclomaticComplexity="1" visitedClasses="0" numClasses="0" visitedMethods="0" numMethods="0" />
              <MetadataToken>100663375</MetadataToken>
              <Name>System.Void Xrm.Oss.XTL.Interpreter.FunctionHandlers/&lt;&gt;c__DisplayClass24_0::.ctor()</Name>
              <SequencePoints />
              <BranchPoints />
              <MethodPoint vc="21" uspid="122" ordinal="0" offset="0" />
            </Method>
            <Method visited="true" cyclomaticComplexity="1" nPathComplexity="0" sequenceCoverage="100" branchCoverage="100" isConstructor="false" isStatic="false" isGetter="false" isSetter="false">
              <Summary numSequencePoints="1" visitedSequencePoints="1" numBranchPoints="1" visitedBranchPoints="1" sequenceCoverage="100" branchCoverage="100" maxCyclomaticComplexity="1" minCyclomaticComplexity="1" visitedClasses="0" numClasses="0" visitedMethods="1" numMethods="1" />
              <MetadataToken>100663376</MetadataToken>
              <Name>Xrm.Oss.XTL.Interpreter.ValueExpression Xrm.Oss.XTL.Interpreter.FunctionHandlers/&lt;&gt;c__DisplayClass24_0::&lt;.cctor&gt;b__14()</Name>
              <FileRef uid="3" />
              <SequencePoints>
                <SequencePoint vc="10" uspid="129" ordinal="0" offset="0" sl="199" sc="76" el="199" ec="86" bec="0" bev="0" fileid="3" />
              </SequencePoints>
              <BranchPoints />
              <MethodPoint xsi:type="SequencePoint" vc="10" uspid="129" ordinal="0" offset="0" sl="199" sc="76" el="199" ec="86" bec="0" bev="0" fileid="3" />
            </Method>
            <Method visited="true" cyclomaticComplexity="1" nPathComplexity="0" sequenceCoverage="100" branchCoverage="100" isConstructor="false" isStatic="false" isGetter="false" isSetter="false">
              <Summary numSequencePoints="1" visitedSequencePoints="1" numBranchPoints="1" visitedBranchPoints="1" sequenceCoverage="100" branchCoverage="100" maxCyclomaticComplexity="1" minCyclomaticComplexity="1" visitedClasses="0" numClasses="0" visitedMethods="1" numMethods="1" />
              <MetadataToken>100663377</MetadataToken>
              <Name>Xrm.Oss.XTL.Interpreter.ValueExpression Xrm.Oss.XTL.Interpreter.FunctionHandlers/&lt;&gt;c__DisplayClass24_0::&lt;.cctor&gt;b__15()</Name>
              <FileRef uid="3" />
              <SequencePoints>
                <SequencePoint vc="8" uspid="150" ordinal="0" offset="0" sl="203" sc="72" el="203" ec="83" bec="0" bev="0" fileid="3" />
              </SequencePoints>
              <BranchPoints />
              <MethodPoint xsi:type="SequencePoint" vc="8" uspid="150" ordinal="0" offset="0" sl="203" sc="72" el="203" ec="83" bec="0" bev="0" fileid="3" />
            </Method>
          </Methods>
        </Class>
        <Class>
          <Summary numSequencePoints="4" visitedSequencePoints="4" numBranchPoints="1" visitedBranchPoints="1" sequenceCoverage="100" branchCoverage="100" maxCyclomaticComplexity="1" minCyclomaticComplexity="1" visitedClasses="1" numClasses="1" visitedMethods="1" numMethods="1" />
          <FullName>Xrm.Oss.XTL.Interpreter.FunctionHandlers/&lt;&gt;c__DisplayClass24_1</FullName>
          <Methods>
            <Method visited="true" cyclomaticComplexity="1" nPathComplexity="0" sequenceCoverage="0" branchCoverage="0" isConstructor="true" isStatic="false" isGetter="false" isSetter="false">
              <Summary numSequencePoints="0" visitedSequencePoints="0" numBranchPoints="0" visitedBranchPoints="0" sequenceCoverage="0" branchCoverage="0" maxCyclomaticComplexity="1" minCyclomaticComplexity="1" visitedClasses="0" numClasses="0" visitedMethods="0" numMethods="0" />
              <MetadataToken>100663378</MetadataToken>
              <Name>System.Void Xrm.Oss.XTL.Interpreter.FunctionHandlers/&lt;&gt;c__DisplayClass24_1::.ctor()</Name>
              <SequencePoints />
              <BranchPoints />
              <MethodPoint vc="4" uspid="151" ordinal="0" offset="0" />
            </Method>
            <Method visited="true" cyclomaticComplexity="1" nPathComplexity="0" sequenceCoverage="100" branchCoverage="100" isConstructor="false" isStatic="false" isGetter="false" isSetter="false">
              <Summary numSequencePoints="4" visitedSequencePoints="4" numBranchPoints="1" visitedBranchPoints="1" sequenceCoverage="100" branchCoverage="100" maxCyclomaticComplexity="1" minCyclomaticComplexity="1" visitedClasses="0" numClasses="0" visitedMethods="1" numMethods="1" />
              <MetadataToken>100663379</MetadataToken>
              <Name>System.String Xrm.Oss.XTL.Interpreter.FunctionHandlers/&lt;&gt;c__DisplayClass24_1::&lt;.cctor&gt;b__21(&lt;&gt;f__AnonymousType0`2&lt;System.Guid,System.String&gt;)</Name>
              <FileRef uid="3" />
              <SequencePoints>
                <SequencePoint vc="4" uspid="152" ordinal="0" offset="0" sl="250" sc="13" el="250" ec="14" bec="0" bev="0" fileid="3" />
                <SequencePoint vc="4" uspid="153" ordinal="1" offset="1" sl="251" sc="17" el="251" ec="124" bec="0" bev="0" fileid="3" />
                <SequencePoint vc="4" uspid="154" ordinal="2" offset="35" sl="252" sc="17" el="252" ec="55" bec="0" bev="0" fileid="3" />
                <SequencePoint vc="4" uspid="155" ordinal="3" offset="50" sl="253" sc="13" el="253" ec="14" bec="0" bev="0" fileid="3" />
              </SequencePoints>
              <BranchPoints />
              <MethodPoint xsi:type="SequencePoint" vc="4" uspid="152" ordinal="0" offset="0" sl="250" sc="13" el="250" ec="14" bec="0" bev="0" fileid="3" />
            </Method>
          </Methods>
        </Class>
        <Class>
          <Summary numSequencePoints="8" visitedSequencePoints="6" numBranchPoints="3" visitedBranchPoints="2" sequenceCoverage="75" branchCoverage="66.67" maxCyclomaticComplexity="2" minCyclomaticComplexity="1" visitedClasses="1" numClasses="1" visitedMethods="1" numMethods="1" />
          <FullName>Xrm.Oss.XTL.Interpreter.FunctionHandlers/&lt;&gt;c__DisplayClass24_2</FullName>
          <Methods>
            <Method visited="true" cyclomaticComplexity="1" nPathComplexity="0" sequenceCoverage="0" branchCoverage="0" isConstructor="true" isStatic="false" isGetter="false" isSetter="false">
              <Summary numSequencePoints="0" visitedSequencePoints="0" numBranchPoints="0" visitedBranchPoints="0" sequenceCoverage="0" branchCoverage="0" maxCyclomaticComplexity="1" minCyclomaticComplexity="1" visitedClasses="0" numClasses="0" visitedMethods="0" numMethods="0" />
              <MetadataToken>100663380</MetadataToken>
              <Name>System.Void Xrm.Oss.XTL.Interpreter.FunctionHandlers/&lt;&gt;c__DisplayClass24_2::.ctor()</Name>
              <SequencePoints />
              <BranchPoints />
              <MethodPoint vc="6" uspid="161" ordinal="0" offset="0" />
            </Method>
            <Method visited="true" cyclomaticComplexity="2" nPathComplexity="2" sequenceCoverage="75" branchCoverage="66.67" isConstructor="false" isStatic="false" isGetter="false" isSetter="false">
              <Summary numSequencePoints="8" visitedSequencePoints="6" numBranchPoints="3" visitedBranchPoints="2" sequenceCoverage="75" branchCoverage="66.67" maxCyclomaticComplexity="2" minCyclomaticComplexity="2" visitedClasses="0" numClasses="0" visitedMethods="1" numMethods="1" />
              <MetadataToken>100663381</MetadataToken>
              <Name>System.String Xrm.Oss.XTL.Interpreter.FunctionHandlers/&lt;&gt;c__DisplayClass24_2::&lt;.cctor&gt;b__28(System.Text.RegularExpressions.Match)</Name>
              <FileRef uid="3" />
              <SequencePoints>
                <SequencePoint vc="2" uspid="162" ordinal="0" offset="0" sl="434" sc="13" el="434" ec="14" bec="0" bev="0" fileid="3" />
                <SequencePoint vc="2" uspid="163" ordinal="1" offset="1" sl="435" sc="17" el="435" ec="53" bec="0" bev="0" fileid="3" />
                <SequencePoint vc="2" uspid="164" ordinal="2" offset="19" sl="436" sc="17" el="436" ec="58" bec="0" bev="0" fileid="3" />
                <SequencePoint vc="2" uspid="165" ordinal="3" offset="26" sl="438" sc="17" el="438" ec="57" bec="2" bev="1" fileid="3" />
                <SequencePoint vc="0" uspid="166" ordinal="4" offset="47" sl="439" sc="17" el="439" ec="18" bec="0" bev="0" fileid="3" />
                <SequencePoint vc="0" uspid="167" ordinal="5" offset="48" sl="440" sc="21" el="440" ec="279" bec="0" bev="0" fileid="3" />
                <SequencePoint vc="2" uspid="168" ordinal="6" offset="70" sl="443" sc="17" el="443" ec="63" bec="0" bev="0" fileid="3" />
                <SequencePoint vc="2" uspid="169" ordinal="7" offset="90" sl="444" sc="13" el="444" ec="14" bec="0" bev="0" fileid="3" />
              </SequencePoints>
              <BranchPoints>
                <BranchPoint vc="0" uspid="173" ordinal="0" offset="45" sl="438" path="0" offsetend="47" fileid="3" />
                <BranchPoint vc="2" uspid="176" ordinal="1" offset="45" sl="438" path="1" offsetend="70" fileid="3" />
              </BranchPoints>
              <MethodPoint xsi:type="SequencePoint" vc="2" uspid="162" ordinal="0" offset="0" sl="434" sc="13" el="434" ec="14" bec="0" bev="0" fileid="3" />
            </Method>
          </Methods>
        </Class>
        <Class>
          <Summary numSequencePoints="1" visitedSequencePoints="1" numBranchPoints="1" visitedBranchPoints="1" sequenceCoverage="100" branchCoverage="100" maxCyclomaticComplexity="2" minCyclomaticComplexity="1" visitedClasses="1" numClasses="1" visitedMethods="1" numMethods="1" />
          <FullName>Xrm.Oss.XTL.Interpreter.FunctionHandlers/&lt;&gt;c__DisplayClass24_3</FullName>
          <Methods>
            <Method visited="true" cyclomaticComplexity="1" nPathComplexity="0" sequenceCoverage="0" branchCoverage="0" isConstructor="true" isStatic="false" isGetter="false" isSetter="false">
              <Summary numSequencePoints="0" visitedSequencePoints="0" numBranchPoints="0" visitedBranchPoints="0" sequenceCoverage="0" branchCoverage="0" maxCyclomaticComplexity="1" minCyclomaticComplexity="1" visitedClasses="0" numClasses="0" visitedMethods="0" numMethods="0" />
              <MetadataToken>100663382</MetadataToken>
              <Name>System.Void Xrm.Oss.XTL.Interpreter.FunctionHandlers/&lt;&gt;c__DisplayClass24_3::.ctor()</Name>
              <SequencePoints />
              <BranchPoints />
              <MethodPoint vc="3" uspid="183" ordinal="0" offset="0" />
            </Method>
            <Method visited="true" cyclomaticComplexity="2" nPathComplexity="0" sequenceCoverage="100" branchCoverage="100" isConstructor="false" isStatic="false" isGetter="false" isSetter="false">
              <Summary numSequencePoints="1" visitedSequencePoints="1" numBranchPoints="1" visitedBranchPoints="1" sequenceCoverage="100" branchCoverage="100" maxCyclomaticComplexity="2" minCyclomaticComplexity="2" visitedClasses="0" numClasses="0" visitedMethods="1" numMethods="1" />
              <MetadataToken>100663383</MetadataToken>
              <Name>System.Boolean Xrm.Oss.XTL.Interpreter.FunctionHandlers/&lt;&gt;c__DisplayClass24_3::&lt;.cctor&gt;b__31(Xrm.Oss.XTL.Interpreter.ValueExpression)</Name>
              <FileRef uid="3" />
              <SequencePoints>
                <SequencePoint vc="9" uspid="184" ordinal="0" offset="0" sl="525" sc="29" el="525" ec="92" bec="0" bev="0" fileid="3" />
              </SequencePoints>
              <BranchPoints />
              <MethodPoint xsi:type="SequencePoint" vc="9" uspid="184" ordinal="0" offset="0" sl="525" sc="29" el="525" ec="92" bec="0" bev="0" fileid="3" />
            </Method>
          </Methods>
        </Class>
        <Class>
          <Summary numSequencePoints="393" visitedSequencePoints="302" numBranchPoints="183" visitedBranchPoints="125" sequenceCoverage="76.84" branchCoverage="68.31" maxCyclomaticComplexity="22" minCyclomaticComplexity="1" visitedClasses="1" numClasses="1" visitedMethods="36" numMethods="37" />
          <FullName>Xrm.Oss.XTL.Interpreter.FunctionHandlers/&lt;&gt;c</FullName>
          <Methods>
            <Method visited="true" cyclomaticComplexity="1" nPathComplexity="0" sequenceCoverage="0" branchCoverage="0" isConstructor="true" isStatic="true" isGetter="false" isSetter="false">
              <Summary numSequencePoints="0" visitedSequencePoints="0" numBranchPoints="0" visitedBranchPoints="0" sequenceCoverage="0" branchCoverage="0" maxCyclomaticComplexity="1" minCyclomaticComplexity="1" visitedClasses="0" numClasses="0" visitedMethods="0" numMethods="0" />
              <MetadataToken>100663384</MetadataToken>
              <Name>System.Void Xrm.Oss.XTL.Interpreter.FunctionHandlers/&lt;&gt;c::.cctor()</Name>
              <SequencePoints />
              <BranchPoints />
              <MethodPoint vc="2" uspid="198" ordinal="0" offset="0" />
            </Method>
            <Method visited="true" cyclomaticComplexity="1" nPathComplexity="0" sequenceCoverage="0" branchCoverage="0" isConstructor="true" isStatic="false" isGetter="false" isSetter="false">
              <Summary numSequencePoints="0" visitedSequencePoints="0" numBranchPoints="0" visitedBranchPoints="0" sequenceCoverage="0" branchCoverage="0" maxCyclomaticComplexity="1" minCyclomaticComplexity="1" visitedClasses="0" numClasses="0" visitedMethods="0" numMethods="0" />
              <MetadataToken>100663385</MetadataToken>
              <Name>System.Void Xrm.Oss.XTL.Interpreter.FunctionHandlers/&lt;&gt;c::.ctor()</Name>
              <SequencePoints />
              <BranchPoints />
              <MethodPoint vc="2" uspid="202" ordinal="0" offset="0" />
            </Method>
            <Method visited="true" cyclomaticComplexity="2" nPathComplexity="2" sequenceCoverage="75" branchCoverage="66.67" isConstructor="false" isStatic="false" isGetter="false" isSetter="false">
              <Summary numSequencePoints="8" visitedSequencePoints="6" numBranchPoints="3" visitedBranchPoints="2" sequenceCoverage="75" branchCoverage="66.67" maxCyclomaticComplexity="2" minCyclomaticComplexity="2" visitedClasses="0" numClasses="0" visitedMethods="1" numMethods="1" />
              <MetadataToken>100663386</MetadataToken>
              <Name>Xrm.Oss.XTL.Interpreter.ValueExpression Xrm.Oss.XTL.Interpreter.FunctionHandlers/&lt;&gt;c::&lt;.cctor&gt;b__24_0(Microsoft.Xrm.Sdk.Entity,Microsoft.Xrm.Sdk.IOrganizationService,Microsoft.Xrm.Sdk.ITracingService,Xrm.Oss.XTL.Templating.OrganizationConfig,System.Collections.Generic.List`1&lt;Xrm.Oss.XTL.Interpreter.ValueExpression&gt;)</Name>
              <FileRef uid="3" />
              <SequencePoints>
                <SequencePoint vc="3" uspid="203" ordinal="0" offset="0" sl="18" sc="9" el="18" ec="10" bec="0" bev="0" fileid="3" />
                <SequencePoint vc="3" uspid="204" ordinal="1" offset="1" sl="19" sc="13" el="19" ec="54" bec="0" bev="0" fileid="3" />
                <SequencePoint vc="3" uspid="205" ordinal="2" offset="9" sl="21" sc="13" el="21" ec="41" bec="2" bev="1" fileid="3" />
                <SequencePoint vc="0" uspid="206" ordinal="3" offset="30" sl="22" sc="13" el="22" ec="14" bec="0" bev="0" fileid="3" />
                <SequencePoint vc="0" uspid="207" ordinal="4" offset="31" sl="23" sc="17" el="23" ec="128" bec="0" bev="0" fileid="3" />
                <SequencePoint vc="3" uspid="208" ordinal="5" offset="42" sl="26" sc="13" el="26" ec="48" bec="0" bev="0" fileid="3" />
                <SequencePoint vc="3" uspid="209" ordinal="6" offset="57" sl="28" sc="13" el="28" ec="67" bec="0" bev="0" fileid="3" />
                <SequencePoint vc="3" uspid="210" ordinal="7" offset="78" sl="29" sc="9" el="29" ec="10" bec="0" bev="0" fileid="3" />
              </SequencePoints>
              <BranchPoints>
                <BranchPoint vc="0" uspid="213" ordinal="0" offset="28" sl="21" path="0" offsetend="30" fileid="3" />
                <BranchPoint vc="3" uspid="214" ordinal="1" offset="28" sl="21" path="1" offsetend="42" fileid="3" />
              </BranchPoints>
              <MethodPoint xsi:type="SequencePoint" vc="3" uspid="203" ordinal="0" offset="0" sl="18" sc="9" el="18" ec="10" bec="0" bev="0" fileid="3" />
            </Method>
            <Method visited="true" cyclomaticComplexity="3" nPathComplexity="4" sequenceCoverage="60" branchCoverage="60" isConstructor="false" isStatic="false" isGetter="false" isSetter="false">
              <Summary numSequencePoints="10" visitedSequencePoints="6" numBranchPoints="5" visitedBranchPoints="3" sequenceCoverage="60" branchCoverage="60" maxCyclomaticComplexity="3" minCyclomaticComplexity="3" visitedClasses="0" numClasses="0" visitedMethods="1" numMethods="1" />
              <MetadataToken>100663387</MetadataToken>
              <Name>Xrm.Oss.XTL.Interpreter.ValueExpression Xrm.Oss.XTL.Interpreter.FunctionHandlers/&lt;&gt;c::&lt;.cctor&gt;b__24_1(Microsoft.Xrm.Sdk.Entity,Microsoft.Xrm.Sdk.IOrganizationService,Microsoft.Xrm.Sdk.ITracingService,Xrm.Oss.XTL.Templating.OrganizationConfig,System.Collections.Generic.List`1&lt;Xrm.Oss.XTL.Interpreter.ValueExpression&gt;)</Name>
              <FileRef uid="3" />
              <SequencePoints>
                <SequencePoint vc="2" uspid="222" ordinal="0" offset="0" sl="32" sc="9" el="32" ec="10" bec="0" bev="0" fileid="3" />
                <SequencePoint vc="2" uspid="224" ordinal="1" offset="1" sl="33" sc="13" el="33" ec="39" bec="2" bev="1" fileid="3" />
                <SequencePoint vc="0" uspid="226" ordinal="2" offset="18" sl="34" sc="13" el="34" ec="14" bec="0" bev="0" fileid="3" />
                <SequencePoint vc="0" uspid="228" ordinal="3" offset="19" sl="35" sc="17" el="35" ec="102" bec="0" bev="0" fileid="3" />
                <SequencePoint vc="2" uspid="229" ordinal="4" offset="30" sl="38" sc="13" el="38" ec="64" bec="0" bev="0" fileid="3" />
                <SequencePoint vc="2" uspid="230" ordinal="5" offset="43" sl="40" sc="13" el="40" ec="47" bec="2" bev="1" fileid="3" />
                <SequencePoint vc="0" uspid="231" ordinal="6" offset="59" sl="41" sc="13" el="41" ec="14" bec="0" bev="0" fileid="3" />
                <SequencePoint vc="0" uspid="232" ordinal="7" offset="60" sl="42" sc="17" el="42" ec="92" bec="0" bev="0" fileid="3" />
                <SequencePoint vc="2" uspid="233" ordinal="8" offset="71" sl="45" sc="13" el="45" ec="99" bec="0" bev="0" fileid="3" />
                <SequencePoint vc="2" uspid="234" ordinal="9" offset="95" sl="46" sc="9" el="46" ec="10" bec="0" bev="0" fileid="3" />
              </SequencePoints>
              <BranchPoints>
                <BranchPoint vc="0" uspid="239" ordinal="0" offset="16" sl="33" path="0" offsetend="18" fileid="3" />
                <BranchPoint vc="2" uspid="240" ordinal="1" offset="16" sl="33" path="1" offsetend="30" fileid="3" />
                <BranchPoint vc="0" uspid="250" ordinal="2" offset="57" sl="40" path="0" offsetend="59" fileid="3" />
                <BranchPoint vc="2" uspid="251" ordinal="3" offset="57" sl="40" path="1" offsetend="71" fileid="3" />
              </BranchPoints>
              <MethodPoint xsi:type="SequencePoint" vc="2" uspid="222" ordinal="0" offset="0" sl="32" sc="9" el="32" ec="10" bec="0" bev="0" fileid="3" />
            </Method>
            <Method visited="false" cyclomaticComplexity="3" nPathComplexity="4" sequenceCoverage="0" branchCoverage="0" isConstructor="false" isStatic="false" isGetter="false" isSetter="false">
              <Summary numSequencePoints="10" visitedSequencePoints="0" numBranchPoints="5" visitedBranchPoints="0" sequenceCoverage="0" branchCoverage="0" maxCyclomaticComplexity="3" minCyclomaticComplexity="3" visitedClasses="0" numClasses="0" visitedMethods="0" numMethods="1" />
              <MetadataToken>100663388</MetadataToken>
              <Name>Xrm.Oss.XTL.Interpreter.ValueExpression Xrm.Oss.XTL.Interpreter.FunctionHandlers/&lt;&gt;c::&lt;.cctor&gt;b__24_2(Microsoft.Xrm.Sdk.Entity,Microsoft.Xrm.Sdk.IOrganizationService,Microsoft.Xrm.Sdk.ITracingService,Xrm.Oss.XTL.Templating.OrganizationConfig,System.Collections.Generic.List`1&lt;Xrm.Oss.XTL.Interpreter.ValueExpression&gt;)</Name>
              <FileRef uid="3" />
              <SequencePoints>
                <SequencePoint vc="0" uspid="253" ordinal="0" offset="0" sl="49" sc="9" el="49" ec="10" bec="0" bev="0" fileid="3" />
                <SequencePoint vc="0" uspid="254" ordinal="1" offset="1" sl="50" sc="13" el="50" ec="39" bec="2" bev="0" fileid="3" />
                <SequencePoint vc="0" uspid="255" ordinal="2" offset="18" sl="51" sc="13" el="51" ec="14" bec="0" bev="0" fileid="3" />
                <SequencePoint vc="0" uspid="256" ordinal="3" offset="19" sl="52" sc="17" el="52" ec="101" bec="0" bev="0" fileid="3" />
                <SequencePoint vc="0" uspid="257" ordinal="4" offset="30" sl="55" sc="13" el="55" ec="64" bec="0" bev="0" fileid="3" />
                <SequencePoint vc="0" uspid="258" ordinal="5" offset="43" sl="57" sc="13" el="57" ec="47" bec="2" bev="0" fileid="3" />
                <SequencePoint vc="0" uspid="259" ordinal="6" offset="59" sl="58" sc="13" el="58" ec="14" bec="0" bev="0" fileid="3" />
                <SequencePoint vc="0" uspid="260" ordinal="7" offset="60" sl="59" sc="17" el="59" ec="91" bec="0" bev="0" fileid="3" />
                <SequencePoint vc="0" uspid="261" ordinal="8" offset="71" sl="62" sc="13" el="62" ec="98" bec="0" bev="0" fileid="3" />
                <SequencePoint vc="0" uspid="262" ordinal="9" offset="95" sl="63" sc="9" el="63" ec="10" bec="0" bev="0" fileid="3" />
              </SequencePoints>
              <BranchPoints>
                <BranchPoint vc="0" uspid="267" ordinal="0" offset="16" sl="50" path="0" offsetend="18" fileid="3" />
                <BranchPoint vc="0" uspid="268" ordinal="1" offset="16" sl="50" path="1" offsetend="30" fileid="3" />
                <BranchPoint vc="0" uspid="274" ordinal="2" offset="57" sl="57" path="0" offsetend="59" fileid="3" />
                <BranchPoint vc="0" uspid="276" ordinal="3" offset="57" sl="57" path="1" offsetend="71" fileid="3" />
              </BranchPoints>
              <MethodPoint xsi:type="SequencePoint" vc="0" uspid="253" ordinal="0" offset="0" sl="49" sc="9" el="49" ec="10" bec="0" bev="0" fileid="3" />
            </Method>
            <Method visited="true" cyclomaticComplexity="19" nPathComplexity="512" sequenceCoverage="67.57" branchCoverage="68.42" isConstructor="false" isStatic="false" isGetter="false" isSetter="false">
              <Summary numSequencePoints="37" visitedSequencePoints="25" numBranchPoints="19" visitedBranchPoints="13" sequenceCoverage="67.57" branchCoverage="68.42" maxCyclomaticComplexity="19" minCyclomaticComplexity="19" visitedClasses="0" numClasses="0" visitedMethods="1" numMethods="1" />
              <MetadataToken>100663389</MetadataToken>
              <Name>Xrm.Oss.XTL.Interpreter.ValueExpression Xrm.Oss.XTL.Interpreter.FunctionHandlers/&lt;&gt;c::&lt;.cctor&gt;b__24_3(Microsoft.Xrm.Sdk.Entity,Microsoft.Xrm.Sdk.IOrganizationService,Microsoft.Xrm.Sdk.ITracingService,Xrm.Oss.XTL.Templating.OrganizationConfig,System.Collections.Generic.List`1&lt;Xrm.Oss.XTL.Interpreter.ValueExpression&gt;)</Name>
              <FileRef uid="3" />
              <SequencePoints>
                <SequencePoint vc="11" uspid="290" ordinal="0" offset="0" sl="66" sc="9" el="66" ec="10" bec="0" bev="0" fileid="3" />
                <SequencePoint vc="11" uspid="291" ordinal="1" offset="1" sl="67" sc="13" el="67" ec="39" bec="2" bev="1" fileid="3" />
                <SequencePoint vc="0" uspid="294" ordinal="2" offset="20" sl="68" sc="13" el="68" ec="14" bec="0" bev="0" fileid="3" />
                <SequencePoint vc="0" uspid="296" ordinal="3" offset="21" sl="69" sc="17" el="69" ec="100" bec="0" bev="0" fileid="3" />
                <SequencePoint vc="11" uspid="297" ordinal="4" offset="32" sl="72" sc="13" el="72" ec="42" bec="0" bev="0" fileid="3" />
                <SequencePoint vc="11" uspid="300" ordinal="5" offset="41" sl="73" sc="13" el="73" ec="40" bec="0" bev="0" fileid="3" />
                <SequencePoint vc="11" uspid="301" ordinal="6" offset="50" sl="75" sc="13" el="75" ec="76" bec="0" bev="0" fileid="3" />
                <SequencePoint vc="11" uspid="302" ordinal="7" offset="67" sl="76" sc="13" el="76" ec="73" bec="0" bev="0" fileid="3" />
                <SequencePoint vc="11" uspid="304" ordinal="8" offset="84" sl="78" sc="13" el="78" ec="64" bec="2" bev="1" fileid="3" />
                <SequencePoint vc="0" uspid="307" ordinal="9" offset="110" sl="79" sc="13" el="79" ec="14" bec="0" bev="0" fileid="3" />
                <SequencePoint vc="0" uspid="309" ordinal="10" offset="111" sl="80" sc="17" el="80" ec="35" bec="0" bev="0" fileid="3" />
                <SequencePoint vc="11" uspid="311" ordinal="11" offset="119" sl="83" sc="13" el="83" ec="64" bec="2" bev="1" fileid="3" />
                <SequencePoint vc="0" uspid="314" ordinal="12" offset="145" sl="84" sc="13" el="84" ec="14" bec="0" bev="0" fileid="3" />
                <SequencePoint vc="0" uspid="315" ordinal="13" offset="146" sl="85" sc="17" el="85" ec="36" bec="0" bev="0" fileid="3" />
                <SequencePoint vc="11" uspid="316" ordinal="14" offset="154" sl="88" sc="13" el="88" ec="64" bec="2" bev="1" fileid="3" />
                <SequencePoint vc="0" uspid="317" ordinal="15" offset="180" sl="89" sc="13" el="89" ec="14" bec="0" bev="0" fileid="3" />
                <SequencePoint vc="0" uspid="318" ordinal="16" offset="181" sl="90" sc="17" el="90" ec="36" bec="0" bev="0" fileid="3" />
                <SequencePoint vc="11" uspid="321" ordinal="17" offset="189" sl="93" sc="13" el="93" ec="62" bec="0" bev="0" fileid="3" />
                <SequencePoint vc="11" uspid="322" ordinal="18" offset="208" sl="95" sc="13" el="95" ec="68" bec="2" bev="1" fileid="3" />
                <SequencePoint vc="0" uspid="323" ordinal="19" offset="244" sl="96" sc="13" el="96" ec="14" bec="0" bev="0" fileid="3" />
                <SequencePoint vc="0" uspid="325" ordinal="20" offset="245" sl="97" sc="17" el="97" ec="71" bec="0" bev="0" fileid="3" />
                <SequencePoint vc="11" uspid="326" ordinal="21" offset="271" sl="100" sc="13" el="100" ec="64" bec="2" bev="2" fileid="3" />
                <SequencePoint vc="4" uspid="328" ordinal="22" offset="307" sl="101" sc="13" el="101" ec="14" bec="0" bev="0" fileid="3" />
                <SequencePoint vc="4" uspid="330" ordinal="23" offset="308" sl="102" sc="17" el="102" ec="71" bec="0" bev="0" fileid="3" />
                <SequencePoint vc="7" uspid="331" ordinal="24" offset="334" sl="105" sc="13" el="105" ec="62" bec="2" bev="2" fileid="3" />
                <SequencePoint vc="2" uspid="333" ordinal="25" offset="370" sl="106" sc="13" el="106" ec="14" bec="0" bev="0" fileid="3" />
                <SequencePoint vc="2" uspid="334" ordinal="26" offset="371" sl="107" sc="17" el="107" ec="71" bec="0" bev="0" fileid="3" />
                <SequencePoint vc="5" uspid="335" ordinal="27" offset="397" sl="110" sc="13" el="110" ec="86" bec="2" bev="1" fileid="3" />
                <SequencePoint vc="0" uspid="336" ordinal="28" offset="433" sl="111" sc="13" el="111" ec="14" bec="0" bev="0" fileid="3" />
                <SequencePoint vc="0" uspid="337" ordinal="29" offset="434" sl="112" sc="17" el="112" ec="71" bec="0" bev="0" fileid="3" />
                <SequencePoint vc="5" uspid="338" ordinal="30" offset="460" sl="115" sc="13" el="115" ec="98" bec="2" bev="2" fileid="3" />
                <SequencePoint vc="2" uspid="339" ordinal="31" offset="526" sl="116" sc="13" el="116" ec="14" bec="0" bev="0" fileid="3" />
                <SequencePoint vc="2" uspid="340" ordinal="32" offset="527" sl="117" sc="17" el="119" ec="31" bec="0" bev="0" fileid="3" />
                <SequencePoint vc="2" uspid="341" ordinal="33" offset="594" sl="121" sc="17" el="121" ec="67" bec="0" bev="0" fileid="3" />
                <SequencePoint vc="2" uspid="342" ordinal="34" offset="621" sl="122" sc="17" el="122" ec="89" bec="0" bev="0" fileid="3" />
                <SequencePoint vc="3" uspid="343" ordinal="35" offset="644" sl="125" sc="13" el="125" ec="156" bec="0" bev="0" fileid="3" />
                <SequencePoint vc="8" uspid="344" ordinal="36" offset="692" sl="126" sc="9" el="126" ec="10" bec="0" bev="0" fileid="3" />
              </SequencePoints>
              <BranchPoints>
                <BranchPoint vc="0" uspid="347" ordinal="0" offset="18" sl="67" path="0" offsetend="20" fileid="3" />
                <BranchPoint vc="11" uspid="348" ordinal="1" offset="18" sl="67" path="1" offsetend="32" fileid="3" />
                <BranchPoint vc="0" uspid="355" ordinal="4" offset="108" sl="78" path="0" offsetend="110" fileid="3" />
                <BranchPoint vc="11" uspid="356" ordinal="5" offset="108" sl="78" path="1" offsetend="119" fileid="3" />
                <BranchPoint vc="0" uspid="363" ordinal="8" offset="143" sl="83" path="0" offsetend="145" fileid="3" />
                <BranchPoint vc="11" uspid="364" ordinal="9" offset="143" sl="83" path="1" offsetend="154" fileid="3" />
                <BranchPoint vc="0" uspid="371" ordinal="12" offset="178" sl="88" path="0" offsetend="180" fileid="3" />
                <BranchPoint vc="11" uspid="372" ordinal="13" offset="178" sl="88" path="1" offsetend="189" fileid="3" />
                <BranchPoint vc="0" uspid="379" ordinal="16" offset="242" sl="95" path="0" offsetend="244" fileid="3" />
                <BranchPoint vc="11" uspid="380" ordinal="17" offset="242" sl="95" path="1" offsetend="271" fileid="3" />
                <BranchPoint vc="4" uspid="387" ordinal="20" offset="305" sl="100" path="0" offsetend="307" fileid="3" />
                <BranchPoint vc="7" uspid="388" ordinal="21" offset="305" sl="100" path="1" offsetend="334" fileid="3" />
                <BranchPoint vc="2" uspid="395" ordinal="24" offset="368" sl="105" path="0" offsetend="370" fileid="3" />
                <BranchPoint vc="5" uspid="396" ordinal="25" offset="368" sl="105" path="1" offsetend="397" fileid="3" />
                <BranchPoint vc="0" uspid="403" ordinal="28" offset="431" sl="110" path="0" offsetend="433" fileid="3" />
                <BranchPoint vc="5" uspid="404" ordinal="29" offset="431" sl="110" path="1" offsetend="460" fileid="3" />
                <BranchPoint vc="2" uspid="411" ordinal="32" offset="524" sl="115" path="0" offsetend="526" fileid="3" />
                <BranchPoint vc="3" uspid="412" ordinal="33" offset="524" sl="115" path="1" offsetend="644" fileid="3" />
              </BranchPoints>
              <MethodPoint xsi:type="SequencePoint" vc="11" uspid="290" ordinal="0" offset="0" sl="66" sc="9" el="66" ec="10" bec="0" bev="0" fileid="3" />
            </Method>
            <Method visited="true" cyclomaticComplexity="2" nPathComplexity="0" sequenceCoverage="100" branchCoverage="100" isConstructor="false" isStatic="false" isGetter="false" isSetter="false">
              <Summary numSequencePoints="1" visitedSequencePoints="1" numBranchPoints="1" visitedBranchPoints="1" sequenceCoverage="100" branchCoverage="100" maxCyclomaticComplexity="2" minCyclomaticComplexity="2" visitedClasses="0" numClasses="0" visitedMethods="1" numMethods="1" />
              <MetadataToken>100663390</MetadataToken>
              <Name>System.Boolean Xrm.Oss.XTL.Interpreter.FunctionHandlers/&lt;&gt;c::&lt;.cctor&gt;b__24_4(System.Object)</Name>
              <FileRef uid="3" />
              <SequencePoints>
                <SequencePoint vc="9" uspid="420" ordinal="0" offset="0" sl="115" sc="65" el="115" ec="96" bec="0" bev="0" fileid="3" />
              </SequencePoints>
              <BranchPoints />
              <MethodPoint xsi:type="SequencePoint" vc="9" uspid="420" ordinal="0" offset="0" sl="115" sc="65" el="115" ec="96" bec="0" bev="0" fileid="3" />
            </Method>
            <Method visited="true" cyclomaticComplexity="2" nPathComplexity="2" sequenceCoverage="100" branchCoverage="100" isConstructor="false" isStatic="false" isGetter="false" isSetter="false">
              <Summary numSequencePoints="1" visitedSequencePoints="1" numBranchPoints="3" visitedBranchPoints="3" sequenceCoverage="100" branchCoverage="100" maxCyclomaticComplexity="2" minCyclomaticComplexity="2" visitedClasses="0" numClasses="0" visitedMethods="1" numMethods="1" />
              <MetadataToken>100663391</MetadataToken>
              <Name>System.Int32 Xrm.Oss.XTL.Interpreter.FunctionHandlers/&lt;&gt;c::&lt;.cctor&gt;b__24_5(System.Object)</Name>
              <FileRef uid="3" />
              <SequencePoints>
                <SequencePoint vc="4" uspid="424" ordinal="0" offset="0" sl="118" sc="34" el="118" ec="90" bec="2" bev="2" fileid="3" />
              </SequencePoints>
              <BranchPoints>
                <BranchPoint vc="2" uspid="425" ordinal="0" offset="6" sl="118" path="0" offsetend="8" fileid="3" />
                <BranchPoint vc="2" uspid="426" ordinal="1" offset="6" sl="118" path="1" offsetend="16" fileid="3" />
              </BranchPoints>
              <MethodPoint xsi:type="SequencePoint" vc="4" uspid="424" ordinal="0" offset="0" sl="118" sc="34" el="118" ec="90" bec="2" bev="2" fileid="3" />
            </Method>
            <Method visited="true" cyclomaticComplexity="6" nPathComplexity="8" sequenceCoverage="66.67" branchCoverage="71.43" isConstructor="false" isStatic="false" isGetter="false" isSetter="false">
              <Summary numSequencePoints="12" visitedSequencePoints="8" numBranchPoints="7" visitedBranchPoints="5" sequenceCoverage="66.67" branchCoverage="71.43" maxCyclomaticComplexity="6" minCyclomaticComplexity="6" visitedClasses="0" numClasses="0" visitedMethods="1" numMethods="1" />
              <MetadataToken>100663392</MetadataToken>
              <Name>Xrm.Oss.XTL.Interpreter.ValueExpression Xrm.Oss.XTL.Interpreter.FunctionHandlers/&lt;&gt;c::&lt;.cctor&gt;b__24_6(Microsoft.Xrm.Sdk.Entity,Microsoft.Xrm.Sdk.IOrganizationService,Microsoft.Xrm.Sdk.ITracingService,Xrm.Oss.XTL.Templating.OrganizationConfig,System.Collections.Generic.List`1&lt;Xrm.Oss.XTL.Interpreter.ValueExpression&gt;)</Name>
              <FileRef uid="3" />
              <SequencePoints>
                <SequencePoint vc="3" uspid="429" ordinal="0" offset="0" sl="129" sc="9" el="129" ec="10" bec="0" bev="0" fileid="3" />
                <SequencePoint vc="3" uspid="430" ordinal="1" offset="1" sl="130" sc="13" el="130" ec="39" bec="2" bev="1" fileid="3" />
                <SequencePoint vc="0" uspid="431" ordinal="2" offset="18" sl="131" sc="13" el="131" ec="14" bec="0" bev="0" fileid="3" />
                <SequencePoint vc="0" uspid="432" ordinal="3" offset="19" sl="132" sc="17" el="132" ec="97" bec="0" bev="0" fileid="3" />
                <SequencePoint vc="3" uspid="433" ordinal="4" offset="30" sl="135" sc="13" el="135" ec="57" bec="2" bev="1" fileid="3" />
                <SequencePoint vc="0" uspid="434" ordinal="5" offset="72" sl="136" sc="13" el="136" ec="14" bec="0" bev="0" fileid="3" />
                <SequencePoint vc="0" uspid="435" ordinal="6" offset="73" sl="137" sc="17" el="137" ec="100" bec="0" bev="0" fileid="3" />
                <SequencePoint vc="3" uspid="436" ordinal="7" offset="84" sl="140" sc="13" el="140" ec="52" bec="2" bev="2" fileid="3" />
                <SequencePoint vc="1" uspid="438" ordinal="8" offset="126" sl="141" sc="13" el="141" ec="14" bec="0" bev="0" fileid="3" />
                <SequencePoint vc="1" uspid="439" ordinal="9" offset="127" sl="142" sc="17" el="142" ec="67" bec="0" bev="0" fileid="3" />
                <SequencePoint vc="2" uspid="441" ordinal="10" offset="146" sl="145" sc="13" el="145" ec="65" bec="0" bev="0" fileid="3" />
                <SequencePoint vc="3" uspid="443" ordinal="11" offset="165" sl="146" sc="9" el="146" ec="10" bec="0" bev="0" fileid="3" />
              </SequencePoints>
              <BranchPoints>
                <BranchPoint vc="0" uspid="453" ordinal="0" offset="16" sl="130" path="0" offsetend="18" fileid="3" />
                <BranchPoint vc="3" uspid="454" ordinal="1" offset="16" sl="130" path="1" offsetend="30" fileid="3" />
                <BranchPoint vc="0" uspid="461" ordinal="4" offset="70" sl="135" path="0" offsetend="72" fileid="3" />
                <BranchPoint vc="3" uspid="462" ordinal="5" offset="70" sl="135" path="1" offsetend="84" fileid="3" />
                <BranchPoint vc="1" uspid="468" ordinal="8" offset="124" sl="140" path="0" offsetend="126" fileid="3" />
                <BranchPoint vc="2" uspid="471" ordinal="9" offset="124" sl="140" path="1" offsetend="146" fileid="3" />
              </BranchPoints>
              <MethodPoint xsi:type="SequencePoint" vc="3" uspid="429" ordinal="0" offset="0" sl="129" sc="9" el="129" ec="10" bec="0" bev="0" fileid="3" />
            </Method>
            <Method visited="true" cyclomaticComplexity="1" nPathComplexity="0" sequenceCoverage="100" branchCoverage="100" isConstructor="false" isStatic="false" isGetter="false" isSetter="false">
              <Summary numSequencePoints="1" visitedSequencePoints="1" numBranchPoints="1" visitedBranchPoints="1" sequenceCoverage="100" branchCoverage="100" maxCyclomaticComplexity="1" minCyclomaticComplexity="1" visitedClasses="0" numClasses="0" visitedMethods="1" numMethods="1" />
              <MetadataToken>100663393</MetadataToken>
              <Name>System.Boolean Xrm.Oss.XTL.Interpreter.FunctionHandlers/&lt;&gt;c::&lt;.cctor&gt;b__24_7(Xrm.Oss.XTL.Interpreter.ValueExpression)</Name>
              <FileRef uid="3" />
              <SequencePoints>
                <SequencePoint vc="6" uspid="474" ordinal="0" offset="0" sl="135" sc="37" el="135" ec="55" bec="0" bev="0" fileid="3" />
              </SequencePoints>
              <BranchPoints />
              <MethodPoint xsi:type="SequencePoint" vc="6" uspid="474" ordinal="0" offset="0" sl="135" sc="37" el="135" ec="55" bec="0" bev="0" fileid="3" />
            </Method>
            <Method visited="true" cyclomaticComplexity="1" nPathComplexity="0" sequenceCoverage="100" branchCoverage="100" isConstructor="false" isStatic="false" isGetter="false" isSetter="false">
              <Summary numSequencePoints="1" visitedSequencePoints="1" numBranchPoints="1" visitedBranchPoints="1" sequenceCoverage="100" branchCoverage="100" maxCyclomaticComplexity="1" minCyclomaticComplexity="1" visitedClasses="0" numClasses="0" visitedMethods="1" numMethods="1" />
              <MetadataToken>100663394</MetadataToken>
              <Name>System.Boolean Xrm.Oss.XTL.Interpreter.FunctionHandlers/&lt;&gt;c::&lt;.cctor&gt;b__24_8(Xrm.Oss.XTL.Interpreter.ValueExpression)</Name>
              <FileRef uid="3" />
              <SequencePoints>
                <SequencePoint vc="4" uspid="475" ordinal="0" offset="0" sl="140" sc="37" el="140" ec="50" bec="0" bev="0" fileid="3" />
              </SequencePoints>
              <BranchPoints />
              <MethodPoint xsi:type="SequencePoint" vc="4" uspid="475" ordinal="0" offset="0" sl="140" sc="37" el="140" ec="50" bec="0" bev="0" fileid="3" />
            </Method>
            <Method visited="true" cyclomaticComplexity="6" nPathComplexity="8" sequenceCoverage="66.67" branchCoverage="71.43" isConstructor="false" isStatic="false" isGetter="false" isSetter="false">
              <Summary numSequencePoints="12" visitedSequencePoints="8" numBranchPoints="7" visitedBranchPoints="5" sequenceCoverage="66.67" branchCoverage="71.43" maxCyclomaticComplexity="6" minCyclomaticComplexity="6" visitedClasses="0" numClasses="0" visitedMethods="1" numMethods="1" />
              <MetadataToken>100663395</MetadataToken>
[...]
                <SequencePoint vc="0" uspid="2434" ordinal="6" offset="51" sl="258" sc="17" el="258" ec="60" bec="0" bev="0" fileid="38" />
                <SequencePoint vc="0" uspid="2435" ordinal="7" offset="60" sl="260" sc="17" el="260" ec="38" bec="2" bev="0" fileid="38" />
                <SequencePoint vc="0" uspid="2436" ordinal="8" offset="70" sl="261" sc="17" el="261" ec="18" bec="0" bev="0" fileid="38" />
                <SequencePoint vc="0" uspid="2437" ordinal="9" offset="71" sl="262" sc="21" el="262" ec="34" bec="0" bev="0" fileid="38" />
                <SequencePoint vc="0" uspid="2438" ordinal="10" offset="76" sl="265" sc="17" el="265" ec="29" bec="0" bev="0" fileid="38" />
                <SequencePoint vc="0" uspid="2439" ordinal="11" offset="81" sl="268" sc="13" el="268" ec="25" bec="0" bev="0" fileid="38" />
                <SequencePoint vc="0" uspid="2440" ordinal="12" offset="86" sl="269" sc="9" el="269" ec="10" bec="0" bev="0" fileid="38" />
              </SequencePoints>
              <BranchPoints>
                <BranchPoint vc="0" uspid="2451" ordinal="0" offset="17" sl="252" path="0" offsetend="19" fileid="38" />
                <BranchPoint vc="0" uspid="2452" ordinal="1" offset="17" sl="252" path="1" offsetend="81" fileid="38" />
                <BranchPoint vc="0" uspid="2453" ordinal="2" offset="68" sl="260" path="0" offsetend="70" fileid="38" />
                <BranchPoint vc="0" uspid="2454" ordinal="3" offset="68" sl="260" path="1" offsetend="76" fileid="38" />
              </BranchPoints>
              <MethodPoint xsi:type="SequencePoint" vc="0" uspid="2425" ordinal="0" offset="0" sl="251" sc="9" el="251" ec="10" bec="0" bev="0" fileid="38" />
            </Method>
            <Method visited="false" cyclomaticComplexity="7" nPathComplexity="0" sequenceCoverage="0" branchCoverage="0" isConstructor="false" isStatic="false" isGetter="false" isSetter="false">
              <Summary numSequencePoints="24" visitedSequencePoints="0" numBranchPoints="1" visitedBranchPoints="0" sequenceCoverage="0" branchCoverage="0" maxCyclomaticComplexity="7" minCyclomaticComplexity="7" visitedClasses="0" numClasses="0" visitedMethods="0" numMethods="1" />
              <MetadataToken>100663374</MetadataToken>
              <Name>Microsoft.Xrm.Sdk.Entity Xrm.Oss.XTL.Templating.XTLProcessor::GenerateDataSource(Microsoft.Xrm.Sdk.IPluginExecutionContext,Microsoft.Xrm.Sdk.Entity)</Name>
              <FileRef uid="38" />
              <SequencePoints>
                <SequencePoint vc="0" uspid="2457" ordinal="0" offset="0" sl="272" sc="9" el="272" ec="10" bec="0" bev="0" fileid="38" />
                <SequencePoint vc="0" uspid="2458" ordinal="1" offset="1" sl="274" sc="13" el="278" ec="15" bec="0" bev="0" fileid="38" />
                <SequencePoint vc="0" uspid="2459" ordinal="2" offset="33" sl="280" sc="13" el="280" ec="20" bec="0" bev="0" fileid="38" />
                <SequencePoint vc="0" uspid="2460" ordinal="3" offset="34" sl="280" sc="35" el="280" ec="65" bec="0" bev="0" fileid="38" />
                <SequencePoint vc="0" uspid="2461" ordinal="4" offset="53" sl="280" sc="22" el="280" ec="31" bec="0" bev="0" fileid="38" />
                <SequencePoint vc="0" uspid="2462" ordinal="5" offset="60" sl="281" sc="13" el="281" ec="14" bec="0" bev="0" fileid="38" />
                <SequencePoint vc="0" uspid="2463" ordinal="6" offset="61" sl="282" sc="17" el="282" ec="24" bec="0" bev="0" fileid="38" />
                <SequencePoint vc="0" uspid="2464" ordinal="7" offset="62" sl="282" sc="42" el="282" ec="58" bec="0" bev="0" fileid="38" />
                <SequencePoint vc="0" uspid="2465" ordinal="8" offset="76" sl="282" sc="26" el="282" ec="38" bec="0" bev="0" fileid="38" />
                <SequencePoint vc="0" uspid="2466" ordinal="9" offset="84" sl="283" sc="17" el="283" ec="18" bec="0" bev="0" fileid="38" />
                <SequencePoint vc="0" uspid="2467" ordinal="10" offset="85" sl="284" sc="21" el="284" ec="63" bec="0" bev="0" fileid="38" />
                <SequencePoint vc="0" uspid="2468" ordinal="11" offset="106" sl="285" sc="17" el="285" ec="18" bec="0" bev="0" fileid="38" />
                <SequencePoint vc="0" uspid="2469" ordinal="12" offset="107" sl="282" sc="39" el="282" ec="41" bec="0" bev="0" fileid="38" />
                <SequencePoint vc="0" uspid="2470" ordinal="13" offset="128" sl="286" sc="13" el="286" ec="14" bec="0" bev="0" fileid="38" />
                <SequencePoint vc="0" uspid="2471" ordinal="14" offset="129" sl="280" sc="32" el="280" ec="34" bec="0" bev="0" fileid="38" />
                <SequencePoint vc="0" uspid="2472" ordinal="15" offset="150" sl="288" sc="13" el="288" ec="20" bec="0" bev="0" fileid="38" />
                <SequencePoint vc="0" uspid="2473" ordinal="16" offset="151" sl="288" sc="38" el="288" ec="55" bec="0" bev="0" fileid="38" />
                <SequencePoint vc="0" uspid="2474" ordinal="17" offset="166" sl="288" sc="22" el="288" ec="34" bec="0" bev="0" fileid="38" />
                <SequencePoint vc="0" uspid="2475" ordinal="18" offset="175" sl="289" sc="13" el="289" ec="14" bec="0" bev="0" fileid="38" />
                <SequencePoint vc="0" uspid="2476" ordinal="19" offset="176" sl="290" sc="17" el="290" ec="59" bec="0" bev="0" fileid="38" />
                <SequencePoint vc="0" uspid="2477" ordinal="20" offset="197" sl="291" sc="13" el="291" ec="14" bec="0" bev="0" fileid="38" />
                <SequencePoint vc="0" uspid="2478" ordinal="21" offset="198" sl="288" sc="35" el="288" ec="37" bec="0" bev="0" fileid="38" />
                <SequencePoint vc="0" uspid="2479" ordinal="22" offset="222" sl="293" sc="13" el="293" ec="31" bec="0" bev="0" fileid="38" />
                <SequencePoint vc="0" uspid="2480" ordinal="23" offset="227" sl="294" sc="9" el="294" ec="10" bec="0" bev="0" fileid="38" />
              </SequencePoints>
              <BranchPoints />
              <MethodPoint xsi:type="SequencePoint" vc="0" uspid="2457" ordinal="0" offset="0" sl="272" sc="9" el="272" ec="10" bec="0" bev="0" fileid="38" />
            </Method>
          </Methods>
        </Class>
        <Class>
          <Summary numSequencePoints="14" visitedSequencePoints="0" numBranchPoints="1" visitedBranchPoints="0" sequenceCoverage="0" branchCoverage="0" maxCyclomaticComplexity="1" minCyclomaticComplexity="1" visitedClasses="0" numClasses="1" visitedMethods="0" numMethods="1" />
          <FullName>Xrm.Oss.XTL.Templating.XTLProcessor/&lt;&gt;c__DisplayClass9_0</FullName>
          <Methods>
            <Method visited="false" cyclomaticComplexity="1" nPathComplexity="0" sequenceCoverage="0" branchCoverage="0" isConstructor="true" isStatic="false" isGetter="false" isSetter="false">
              <Summary numSequencePoints="0" visitedSequencePoints="0" numBranchPoints="0" visitedBranchPoints="0" sequenceCoverage="0" branchCoverage="0" maxCyclomaticComplexity="1" minCyclomaticComplexity="1" visitedClasses="0" numClasses="0" visitedMethods="0" numMethods="0" />
              <MetadataToken>100663435</MetadataToken>
              <Name>System.Void Xrm.Oss.XTL.Templating.XTLProcessor/&lt;&gt;c__DisplayClass9_0::.ctor()</Name>
              <SequencePoints />
              <BranchPoints />
              <MethodPoint vc="0" uspid="2506" ordinal="0" offset="0" />
            </Method>
            <Method visited="false" cyclomaticComplexity="1" nPathComplexity="0" sequenceCoverage="0" branchCoverage="0" isConstructor="false" isStatic="false" isGetter="false" isSetter="false">
              <Summary numSequencePoints="14" visitedSequencePoints="0" numBranchPoints="1" visitedBranchPoints="0" sequenceCoverage="0" branchCoverage="0" maxCyclomaticComplexity="1" minCyclomaticComplexity="1" visitedClasses="0" numClasses="0" visitedMethods="0" numMethods="1" />
              <MetadataToken>100663436</MetadataToken>
              <Name>System.Void Xrm.Oss.XTL.Templating.XTLProcessor/&lt;&gt;c__DisplayClass9_0::&lt;ProcessTemplate&gt;b__1(System.String)</Name>
              <FileRef uid="38" />
              <SequencePoints>
                <SequencePoint vc="0" uspid="2507" ordinal="0" offset="0" sl="199" sc="13" el="199" ec="14" bec="0" bev="0" fileid="38" />
                <SequencePoint vc="0" uspid="2508" ordinal="1" offset="1" sl="200" sc="17" el="200" ec="62" bec="0" bev="0" fileid="38" />
                <SequencePoint vc="0" uspid="2509" ordinal="2" offset="30" sl="202" sc="17" el="202" ec="110" bec="0" bev="0" fileid="38" />
                <SequencePoint vc="0" uspid="2510" ordinal="3" offset="66" sl="203" sc="17" el="203" ec="46" bec="0" bev="0" fileid="38" />
                <SequencePoint vc="0" uspid="2511" ordinal="4" offset="72" sl="206" sc="17" el="206" ec="18" bec="0" bev="0" fileid="38" />
                <SequencePoint vc="0" uspid="2512" ordinal="5" offset="73" sl="207" sc="21" el="207" ec="53" bec="0" bev="0" fileid="38" />
                <SequencePoint vc="0" uspid="2513" ordinal="6" offset="80" sl="208" sc="17" el="208" ec="18" bec="0" bev="0" fileid="38" />
                <SequencePoint vc="0" uspid="2516" ordinal="7" offset="83" sl="209" sc="17" el="209" ec="37" bec="0" bev="0" fileid="38" />
                <SequencePoint vc="0" uspid="2517" ordinal="8" offset="84" sl="210" sc="17" el="210" ec="18" bec="0" bev="0" fileid="38" />
                <SequencePoint vc="0" uspid="2518" ordinal="9" offset="85" sl="211" sc="21" el="211" ec="130" bec="0" bev="0" fileid="38" />
                <SequencePoint vc="0" uspid="2519" ordinal="10" offset="120" sl="212" sc="17" el="212" ec="18" bec="0" bev="0" fileid="38" />
                <SequencePoint vc="0" uspid="2520" ordinal="11" offset="123" sl="214" sc="17" el="214" ec="85" bec="0" bev="0" fileid="38" />
                <SequencePoint vc="0" uspid="2521" ordinal="12" offset="152" sl="215" sc="17" el="215" ec="70" bec="0" bev="0" fileid="38" />
                <SequencePoint vc="0" uspid="2522" ordinal="13" offset="181" sl="216" sc="13" el="216" ec="14" bec="0" bev="0" fileid="38" />
              </SequencePoints>
              <BranchPoints />
              <MethodPoint xsi:type="SequencePoint" vc="0" uspid="2507" ordinal="0" offset="0" sl="199" sc="13" el="199" ec="14" bec="0" bev="0" fileid="38" />
            </Method>
          </Methods>
        </Class>
        <Class>
          <Summary numSequencePoints="1" visitedSequencePoints="0" numBranchPoints="1" visitedBranchPoints="0" sequenceCoverage="0" branchCoverage="0" maxCyclomaticComplexity="1" minCyclomaticComplexity="1" visitedClasses="0" numClasses="1" visitedMethods="0" numMethods="1" />
          <FullName>Xrm.Oss.XTL.Templating.XTLProcessor/&lt;&gt;c</FullName>
          <Methods>
            <Method visited="false" cyclomaticComplexity="1" nPathComplexity="0" sequenceCoverage="0" branchCoverage="0" isConstructor="true" isStatic="true" isGetter="false" isSetter="false">
              <Summary numSequencePoints="0" visitedSequencePoints="0" numBranchPoints="0" visitedBranchPoints="0" sequenceCoverage="0" branchCoverage="0" maxCyclomaticComplexity="1" minCyclomaticComplexity="1" visitedClasses="0" numClasses="0" visitedMethods="0" numMethods="0" />
              <MetadataToken>100663437</MetadataToken>
              <Name>System.Void Xrm.Oss.XTL.Templating.XTLProcessor/&lt;&gt;c::.cctor()</Name>
              <SequencePoints />
              <BranchPoints />
              <MethodPoint vc="0" uspid="2524" ordinal="0" offset="0" />
            </Method>
            <Method visited="false" cyclomaticComplexity="1" nPathComplexity="0" sequenceCoverage="0" branchCoverage="0" isConstructor="true" isStatic="false" isGetter="false" isSetter="false">
              <Summary numSequencePoints="0" visitedSequencePoints="0" numBranchPoints="0" visitedBranchPoints="0" sequenceCoverage="0" branchCoverage="0" maxCyclomaticComplexity="1" minCyclomaticComplexity="1" visitedClasses="0" numClasses="0" visitedMethods="0" numMethods="0" />
              <MetadataToken>100663438</MetadataToken>
              <Name>System.Void Xrm.Oss.XTL.Templating.XTLProcessor/&lt;&gt;c::.ctor()</Name>
              <SequencePoints />
              <BranchPoints />
              <MethodPoint vc="0" uspid="2525" ordinal="0" offset="0" />
            </Method>
            <Method visited="false" cyclomaticComplexity="1" nPathComplexity="0" sequenceCoverage="0" branchCoverage="0" isConstructor="false" isStatic="false" isGetter="false" isSetter="false">
              <Summary numSequencePoints="1" visitedSequencePoints="0" numBranchPoints="1" visitedBranchPoints="0" sequenceCoverage="0" branchCoverage="0" maxCyclomaticComplexity="1" minCyclomaticComplexity="1" visitedClasses="0" numClasses="0" visitedMethods="0" numMethods="1" />
              <MetadataToken>100663439</MetadataToken>
              <Name>System.String Xrm.Oss.XTL.Templating.XTLProcessor/&lt;&gt;c::&lt;ProcessTemplate&gt;b__9_0(System.Text.RegularExpressions.Match)</Name>
              <FileRef uid="38" />
              <SequencePoints>
                <SequencePoint vc="0" uspid="2526" ordinal="0" offset="0" sl="194" sc="30" el="194" ec="47" bec="0" bev="0" fileid="38" />
              </SequencePoints>
              <BranchPoints />
              <MethodPoint xsi:type="SequencePoint" vc="0" uspid="2526" ordinal="0" offset="0" sl="194" sc="30" el="194" ec="47" bec="0" bev="0" fileid="38" />
            </Method>
          </Methods>
        </Class>
      </Classes>
    </Module>
    <Module skippedDueTo="Filter" hash="32-EF-D7-0E-25-21-90-9D-0B-E4-73-8D-13-90-6A-08-9F-D5-59-97">
      <ModulePath>C:\Users\Silvana\Entwicklung\Xrm-Templating-Language\test\Microsoft.Xrm.Sdk.Workflow.dll</ModulePath>
      <ModuleTime>2016-12-09T18:41:54Z</ModuleTime>
      <ModuleName>Microsoft.Xrm.Sdk.Workflow</ModuleName>
      <Classes />
    </Module>
    <Module skippedDueTo="Filter" hash="59-73-B6-E6-C6-F9-65-0F-29-3D-C6-1D-A0-64-5D-E0-54-48-95-CA">
      <ModulePath>C:\Users\Silvana\Entwicklung\Xrm-Templating-Language\test\Microsoft.Crm.Sdk.Proxy.dll</ModulePath>
      <ModuleTime>2016-12-21T12:48:06Z</ModuleTime>
      <ModuleName>Microsoft.Crm.Sdk.Proxy</ModuleName>
      <Classes />
    </Module>
    <Module skippedDueTo="Filter" hash="59-73-B6-E6-C6-F9-65-0F-29-3D-C6-1D-A0-64-5D-E0-54-48-95-CA">
      <ModulePath>C:\Users\Silvana\Entwicklung\Xrm-Templating-Language\test\Microsoft.Crm.Sdk.Proxy.dll</ModulePath>
      <ModuleTime>2016-12-21T12:48:06Z</ModuleTime>
      <ModuleName>Microsoft.Crm.Sdk.Proxy</ModuleName>
      <Classes />
    </Module>
    <Module skippedDueTo="Filter" hash="6B-FF-58-4C-0C-5A-00-9D-BF-52-F2-62-A9-B6-E0-02-E7-F5-32-B8">
      <ModulePath>C:\WINDOWS\Microsoft.Net\assembly\GAC_MSIL\SMDiagnostics\v4.0_4.0.0.0__b77a5c561934e089\SMDiagnostics.dll</ModulePath>
      <ModuleTime>2018-08-20T01:13:09.4147659Z</ModuleTime>
      <ModuleName>SMDiagnostics</ModuleName>
      <Classes />
    </Module>
    <Module skippedDueTo="Filter" hash="80-BC-B2-1D-8C-E7-88-AE-05-9E-E3-05-28-66-0E-B0-54-46-BA-9E">
      <ModulePath>C:\Users\Silvana\Entwicklung\Xrm-Templating-Language\test\FakeItEasy.dll</ModulePath>
      <ModuleTime>2017-04-04T17:48:36Z</ModuleTime>
      <ModuleName>FakeItEasy</ModuleName>
      <Classes />
    </Module>
    <Module skippedDueTo="Filter" hash="32-A3-E1-18-B7-AB-86-5B-F0-BC-52-2D-F2-94-C4-45-4E-C6-20-AE">
      <ModulePath>C:\WINDOWS\Microsoft.Net\assembly\GAC_MSIL\System.ServiceModel.Internals\v4.0_4.0.0.0__31bf3856ad364e35\System.ServiceModel.Internals.dll</ModulePath>
      <ModuleTime>2018-08-20T01:13:02.3212391Z</ModuleTime>
      <ModuleName>System.ServiceModel.Internals</ModuleName>
      <Classes />
    </Module>
    <Module skippedDueTo="Filter" hash="2A-F4-1C-14-5D-7A-74-B3-03-8B-1D-2A-59-DC-B6-BE-1D-C8-EF-54">
      <ModulePath>C:\WINDOWS\Microsoft.Net\assembly\GAC_MSIL\System.Configuration\v4.0_4.0.0.0__b03f5f7f11d50a3a\System.Configuration.dll</ModulePath>
      <ModuleTime>2018-04-11T23:35:16.9508953Z</ModuleTime>
      <ModuleName>System.Configuration</ModuleName>
      <Classes />
    </Module>
    <Module skippedDueTo="Filter" hash="2A-F4-1C-14-5D-7A-74-B3-03-8B-1D-2A-59-DC-B6-BE-1D-C8-EF-54">
      <ModulePath>C:\WINDOWS\Microsoft.Net\assembly\GAC_MSIL\System.Configuration\v4.0_4.0.0.0__b03f5f7f11d50a3a\System.Configuration.dll</ModulePath>
      <ModuleTime>2018-04-11T23:35:16.9508953Z</ModuleTime>
      <ModuleName>System.Configuration</ModuleName>
      <Classes />
    </Module>
    <Module skippedDueTo="Filter" hash="">
      <ModulePath>RefEmit_InMemoryManifestModule</ModulePath>
      <ModuleTime>0001-01-01T00:00:00</ModuleTime>
      <ModuleName>DynamicProxyGenAssembly2</ModuleName>
      <Classes />
    </Module>
    <Module skippedDueTo="Filter" hash="B8-8D-41-71-68-0A-EE-DE-9A-1E-EF-75-4B-72-E7-F7-4F-8F-DE-6E">
      <ModulePath>C:\WINDOWS\Microsoft.Net\assembly\GAC_MSIL\System.Runtime.Serialization.resources\v4.0_4.0.0.0_de_b77a5c561934e089\System.Runtime.Serialization.resources.dll</ModulePath>
      <ModuleTime>2018-04-12T16:14:10.2413005Z</ModuleTime>
      <ModuleName>System.RunTime.Serialization.resources</ModuleName>
      <Classes />
    </Module>
    <Module skippedDueTo="Filter" hash="80-BC-B2-1D-8C-E7-88-AE-05-9E-E3-05-28-66-0E-B0-54-46-BA-9E">
      <ModulePath>C:\Users\Silvana\Entwicklung\Xrm-Templating-Language\test\FakeItEasy.dll</ModulePath>
      <ModuleTime>2017-04-04T17:48:36Z</ModuleTime>
      <ModuleName>FakeItEasy</ModuleName>
      <Classes />
    </Module>
    <Module skippedDueTo="Filter" hash="DD-65-F0-39-CB-AB-85-8A-61-D4-A3-C0-3E-CA-2F-AA-84-54-C5-84">
      <ModulePath>C:\WINDOWS\Microsoft.Net\assembly\GAC_MSIL\System.ServiceModel\v4.0_4.0.0.0__b77a5c561934e089\System.ServiceModel.dll</ModulePath>
      <ModuleTime>2018-08-20T01:13:08.0710554Z</ModuleTime>
      <ModuleName>System.ServiceModel</ModuleName>
      <Classes />
    </Module>
    <Module skippedDueTo="Filter" hash="">
      <ModulePath>RefEmit_InMemoryManifestModule</ModulePath>
      <ModuleTime>0001-01-01T00:00:00</ModuleTime>
      <ModuleName>DynamicProxyGenAssembly2</ModuleName>
      <Classes />
    </Module>
    <Module skippedDueTo="Filter" hash="">
      <ModulePath>RefEmit_InMemoryManifestModule</ModulePath>
      <ModuleTime>0001-01-01T00:00:00</ModuleTime>
      <ModuleName>Anonymously Hosted DynamicMethods Assembly</ModuleName>
      <Classes />
    </Module>
    <Module skippedDueTo="Filter" hash="">
      <ModulePath>RefEmit_InMemoryManifestModule</ModulePath>
      <ModuleTime>0001-01-01T00:00:00</ModuleTime>
      <ModuleName>Anonymously Hosted DynamicMethods Assembly</ModuleName>
      <Classes />
    </Module>
    <Module skippedDueTo="Filter" hash="EE-87-E3-8B-35-D7-7B-51-75-59-60-AC-9C-42-7D-75-33-40-43-72">
      <ModulePath>C:\WINDOWS\Microsoft.Net\assembly\GAC_MSIL\System.Xml.Linq\v4.0_4.0.0.0__b77a5c561934e089\System.Xml.Linq.dll</ModulePath>
      <ModuleTime>2018-04-11T23:35:18.3885028Z</ModuleTime>
      <ModuleName>System.Xml.Linq</ModuleName>
      <Classes />
    </Module>
    <Module skippedDueTo="Filter" hash="DD-65-F0-39-CB-AB-85-8A-61-D4-A3-C0-3E-CA-2F-AA-84-54-C5-84">
      <ModulePath>C:\WINDOWS\Microsoft.Net\assembly\GAC_MSIL\System.ServiceModel\v4.0_4.0.0.0__b77a5c561934e089\System.ServiceModel.dll</ModulePath>
      <ModuleTime>2018-08-20T01:13:08.0710554Z</ModuleTime>
      <ModuleName>System.ServiceModel</ModuleName>
      <Classes />
    </Module>
    <Module skippedDueTo="Filter" hash="EB-79-AE-4C-F2-1D-AF-23-D7-6F-45-A6-08-CB-5C-96-CA-04-FA-49">
      <ModulePath>C:\WINDOWS\Microsoft.Net\assembly\GAC_MSIL\mscorlib.resources\v4.0_4.0.0.0_de_b77a5c561934e089\mscorlib.resources.dll</ModulePath>
      <ModuleTime>2018-04-12T16:14:09.1086273Z</ModuleTime>
      <ModuleName>mscorlib.resources</ModuleName>
      <Classes />
    </Module>
  </Modules>
</CoverageSession>